[2024-05-02 15:22:45.947] [jointLog] [info] setting maxHashResizeThreads to 6
[2024-05-02 15:22:45.947] [jointLog] [info] Fragment incompatibility prior below threshold.  Incompatible fragments will be ignored.
[2024-05-02 15:22:45.947] [jointLog] [info] Usage of --validateMappings implies use of minScoreFraction. Since not explicitly specified, it is being set to 0.65
[2024-05-02 15:22:45.947] [jointLog] [info] Setting consensusSlack to selective-alignment default of 0.35.
[2024-05-02 15:22:45.947] [jointLog] [info] parsing read library format
[2024-05-02 15:22:45.947] [jointLog] [info] There is 1 library.
[2024-05-02 15:22:45.954] [jointLog] [info] Loading pufferfish index
[2024-05-02 15:22:45.955] [jointLog] [info] Loading dense pufferfish index.
[2024-05-02 15:22:55.888] [jointLog] [info] done
[2024-05-02 15:22:55.951] [jointLog] [info] Index contained 192,825 targets
[2024-05-02 15:22:57.942] [jointLog] [info] Number of decoys : 0
[2024-05-02 15:47:09.599] [jointLog] [info] Computed 349,414 rich equivalence classes for further processing
[2024-05-02 15:47:09.599] [jointLog] [info] Counted 34,810,258 total reads in the equivalence classes 
[2024-05-02 15:47:09.605] [jointLog] [info] Number of mappings discarded because of alignment score : 12,443,052
[2024-05-02 15:47:09.605] [jointLog] [info] Number of fragments entirely discarded because of alignment score : 370,485
[2024-05-02 15:47:09.605] [jointLog] [info] Number of fragments discarded because they are best-mapped to decoys : 0
[2024-05-02 15:47:09.605] [jointLog] [info] Number of fragments discarded because they have only dovetail (discordant) mappings to valid targets : 44,540
[2024-05-02 15:47:09.605] [jointLog] [info] Mapping rate = 96.2502%

[2024-05-02 15:47:09.605] [jointLog] [info] finished quantifyLibrary()
[2024-05-02 15:47:09.614] [jointLog] [info] Starting optimizer
[2024-05-02 15:47:09.801] [jointLog] [info] Marked 0 weighted equivalence classes as degenerate
[2024-05-02 15:47:09.865] [jointLog] [info] iteration = 0 | max rel diff. = 5475.79
[2024-05-02 15:47:09.599] [fileLog] [info] 
At end of round 0
==================
Observed 36166436 total fragments (36166436 in most recent round)

[2024-05-02 15:47:10.468] [jointLog] [info] iteration 11, adjusting effective lengths to account for biases
[2024-05-02 15:48:55.637] [jointLog] [info] Computed expected counts (for bias correction)
[2024-05-02 15:48:55.637] [jointLog] [info] processed bias for 0.1% of the transcripts
[2024-05-02 15:49:02.865] [jointLog] [info] processed bias for 10.0% of the transcripts
[2024-05-02 15:49:10.010] [jointLog] [info] processed bias for 20.0% of the transcripts
[2024-05-02 15:49:17.889] [jointLog] [info] processed bias for 30.0% of the transcripts
[2024-05-02 15:49:26.100] [jointLog] [info] processed bias for 40.0% of the transcripts
[2024-05-02 15:49:34.843] [jointLog] [info] processed bias for 50.0% of the transcripts
[2024-05-02 15:49:43.561] [jointLog] [info] processed bias for 60.0% of the transcripts
[2024-05-02 15:49:52.888] [jointLog] [info] processed bias for 70.0% of the transcripts
[2024-05-02 15:50:01.348] [jointLog] [info] processed bias for 80.0% of the transcripts
[2024-05-02 15:50:10.715] [jointLog] [info] processed bias for 90.0% of the transcripts
[2024-05-02 15:50:12.833] [jointLog] [info] processed bias for 100.0% of the transcripts
[2024-05-02 15:50:12.833] [jointLog] [info] processed bias for 100.0% of the transcripts
[2024-05-02 15:50:18.184] [jointLog] [info] iteration = 100 | max rel diff. = 16.0525
[2024-05-02 15:50:24.051] [jointLog] [info] iteration = 200 | max rel diff. = 6.34259
[2024-05-02 15:50:29.920] [jointLog] [info] iteration = 300 | max rel diff. = 4.34874
[2024-05-02 15:50:35.796] [jointLog] [info] iteration = 400 | max rel diff. = 12.8144
[2024-05-02 15:50:41.662] [jointLog] [info] iteration = 500 | max rel diff. = 0.998241
[2024-05-02 15:50:47.522] [jointLog] [info] iteration = 600 | max rel diff. = 0.96778
[2024-05-02 15:50:53.381] [jointLog] [info] iteration = 700 | max rel diff. = 5.29007
[2024-05-02 15:50:59.255] [jointLog] [info] iteration = 800 | max rel diff. = 1.35893
[2024-05-02 15:51:05.114] [jointLog] [info] iteration = 900 | max rel diff. = 2.01883
[2024-05-02 15:51:11.003] [jointLog] [info] iteration = 1,000 | max rel diff. = 0.166659
[2024-05-02 15:51:16.869] [jointLog] [info] iteration = 1,100 | max rel diff. = 0.148161
[2024-05-02 15:51:22.737] [jointLog] [info] iteration = 1,200 | max rel diff. = 0.234809
[2024-05-02 15:51:28.597] [jointLog] [info] iteration = 1,300 | max rel diff. = 0.131492
[2024-05-02 15:51:34.463] [jointLog] [info] iteration = 1,400 | max rel diff. = 0.746372
[2024-05-02 15:51:40.333] [jointLog] [info] iteration = 1,500 | max rel diff. = 0.538886
[2024-05-02 15:51:46.207] [jointLog] [info] iteration = 1,600 | max rel diff. = 0.0725739
[2024-05-02 15:51:52.074] [jointLog] [info] iteration = 1,700 | max rel diff. = 0.0636014
[2024-05-02 15:51:57.931] [jointLog] [info] iteration = 1,800 | max rel diff. = 0.133812
[2024-05-02 15:52:01.217] [jointLog] [info] iteration = 1,857 | max rel diff. = 0.00727748
[2024-05-02 15:52:01.239] [jointLog] [info] Finished optimizer
[2024-05-02 15:52:01.239] [jointLog] [info] writing output 

