[2024-04-25 16:15:23.148] [jointLog] [info] setting maxHashResizeThreads to 8
[2024-04-25 16:15:23.148] [jointLog] [info] Fragment incompatibility prior below threshold.  Incompatible fragments will be ignored.
[2024-04-25 16:15:23.148] [jointLog] [info] Usage of --validateMappings implies use of minScoreFraction. Since not explicitly specified, it is being set to 0.65
[2024-04-25 16:15:23.148] [jointLog] [info] Setting consensusSlack to selective-alignment default of 0.35.
[2024-04-25 16:15:23.148] [jointLog] [info] parsing read library format
[2024-04-25 16:15:23.150] [jointLog] [info] There is 1 library.
[2024-04-25 16:15:23.157] [jointLog] [info] Loading pufferfish index
[2024-04-25 16:15:23.160] [jointLog] [info] Loading dense pufferfish index.
[2024-04-25 16:15:26.629] [jointLog] [info] done
[2024-04-25 16:15:26.875] [jointLog] [info] Index contained 192,825 targets
[2024-04-25 16:15:27.004] [jointLog] [info] Number of decoys : 0
[2024-04-25 16:15:30.590] [jointLog] [info] Automatically detected most likely library type as IU

[2024-04-25 17:20:13.454] [jointLog] [info] Computed 346,566 rich equivalence classes for further processing
[2024-04-25 17:20:13.464] [jointLog] [info] Counted 36,366,270 total reads in the equivalence classes 
[2024-04-25 17:20:13.731] [jointLog] [info] Number of mappings discarded because of alignment score : 12,033,616
[2024-04-25 17:20:13.731] [jointLog] [info] Number of fragments entirely discarded because of alignment score : 492,686
[2024-04-25 17:20:13.731] [jointLog] [info] Number of fragments discarded because they are best-mapped to decoys : 0
[2024-04-25 17:20:13.731] [jointLog] [info] Number of fragments discarded because they have only dovetail (discordant) mappings to valid targets : 46,102
[2024-04-25 17:20:13.731] [jointLog] [info] Mapping rate = 94.0482%

[2024-04-25 17:20:13.731] [jointLog] [info] finished quantifyLibrary()
[2024-04-25 17:20:13.764] [jointLog] [info] Starting optimizer
[2024-04-25 17:20:13.469] [fileLog] [info] 
At end of round 0
==================
Observed 38667687 total fragments (38667687 in most recent round)

[2024-04-25 17:20:14.967] [jointLog] [info] Marked 0 weighted equivalence classes as degenerate
[2024-04-25 17:20:15.091] [jointLog] [info] iteration = 0 | max rel diff. = 5097.38
[2024-04-25 17:20:22.354] [jointLog] [info] iteration = 100 | max rel diff. = 16.6376
[2024-04-25 17:20:29.149] [jointLog] [info] iteration = 200 | max rel diff. = 8.09408
[2024-04-25 17:20:35.927] [jointLog] [info] iteration = 300 | max rel diff. = 6.30611
[2024-04-25 17:20:42.724] [jointLog] [info] iteration = 400 | max rel diff. = 2.61365
[2024-04-25 17:20:49.522] [jointLog] [info] iteration = 500 | max rel diff. = 0.846299
[2024-04-25 17:20:56.305] [jointLog] [info] iteration = 600 | max rel diff. = 0.140481
[2024-04-25 17:21:03.099] [jointLog] [info] iteration = 700 | max rel diff. = 0.478763
[2024-04-25 17:21:09.873] [jointLog] [info] iteration = 800 | max rel diff. = 1.18295
[2024-04-25 17:21:16.661] [jointLog] [info] iteration = 900 | max rel diff. = 0.103183
[2024-04-25 17:21:23.456] [jointLog] [info] iteration = 1,000 | max rel diff. = 0.111221
[2024-04-25 17:21:30.224] [jointLog] [info] iteration = 1,100 | max rel diff. = 0.124575
[2024-04-25 17:21:36.996] [jointLog] [info] iteration = 1,200 | max rel diff. = 0.03659
[2024-04-25 17:21:43.784] [jointLog] [info] iteration = 1,300 | max rel diff. = 0.202952
[2024-04-25 17:21:50.541] [jointLog] [info] iteration = 1,400 | max rel diff. = 0.246387
[2024-04-25 17:21:57.290] [jointLog] [info] iteration = 1,500 | max rel diff. = 0.904173
[2024-04-25 17:22:04.046] [jointLog] [info] iteration = 1,600 | max rel diff. = 0.0299122
[2024-04-25 17:22:10.074] [jointLog] [info] iteration = 1,690 | max rel diff. = 0.00594356
[2024-04-25 17:22:10.097] [jointLog] [info] Finished optimizer
[2024-04-25 17:22:10.097] [jointLog] [info] writing output 

