[2024-05-02 14:53:23.041] [jointLog] [info] setting maxHashResizeThreads to 6
[2024-05-02 14:53:23.041] [jointLog] [info] Fragment incompatibility prior below threshold.  Incompatible fragments will be ignored.
[2024-05-02 14:53:23.041] [jointLog] [info] Usage of --validateMappings implies use of minScoreFraction. Since not explicitly specified, it is being set to 0.65
[2024-05-02 14:53:23.041] [jointLog] [info] Setting consensusSlack to selective-alignment default of 0.35.
[2024-05-02 14:53:23.041] [jointLog] [info] parsing read library format
[2024-05-02 14:53:23.058] [jointLog] [info] There is 1 library.
[2024-05-02 14:53:23.117] [jointLog] [info] Loading pufferfish index
[2024-05-02 14:53:23.132] [jointLog] [info] Loading dense pufferfish index.
[2024-05-02 14:56:11.767] [jointLog] [info] done
[2024-05-02 14:56:12.014] [jointLog] [info] Index contained 192,825 targets
[2024-05-02 14:56:13.861] [jointLog] [info] Number of decoys : 0
[2024-05-02 15:18:53.269] [jointLog] [info] Computed 344,370 rich equivalence classes for further processing
[2024-05-02 15:18:53.269] [jointLog] [info] Counted 32,506,392 total reads in the equivalence classes 
[2024-05-02 15:18:53.277] [jointLog] [info] Number of mappings discarded because of alignment score : 11,706,098
[2024-05-02 15:18:53.277] [jointLog] [info] Number of fragments entirely discarded because of alignment score : 365,235
[2024-05-02 15:18:53.277] [jointLog] [info] Number of fragments discarded because they are best-mapped to decoys : 0
[2024-05-02 15:18:53.277] [jointLog] [info] Number of fragments discarded because they have only dovetail (discordant) mappings to valid targets : 38,817
[2024-05-02 15:18:53.277] [jointLog] [info] Mapping rate = 96.2037%

[2024-05-02 15:18:53.277] [jointLog] [info] finished quantifyLibrary()
[2024-05-02 15:18:53.300] [jointLog] [info] Starting optimizer
[2024-05-02 15:18:53.503] [jointLog] [info] Marked 0 weighted equivalence classes as degenerate
[2024-05-02 15:18:53.271] [fileLog] [info] 
At end of round 0
==================
Observed 33789115 total fragments (33789115 in most recent round)

[2024-05-02 15:18:53.567] [jointLog] [info] iteration = 0 | max rel diff. = 5800
[2024-05-02 15:18:54.155] [jointLog] [info] iteration 11, adjusting effective lengths to account for biases
[2024-05-02 15:20:47.501] [jointLog] [info] Computed expected counts (for bias correction)
[2024-05-02 15:20:47.501] [jointLog] [info] processed bias for 0.1% of the transcripts
[2024-05-02 15:20:54.675] [jointLog] [info] processed bias for 10.0% of the transcripts
[2024-05-02 15:21:01.811] [jointLog] [info] processed bias for 20.0% of the transcripts
[2024-05-02 15:21:09.722] [jointLog] [info] processed bias for 30.0% of the transcripts
[2024-05-02 15:21:17.939] [jointLog] [info] processed bias for 40.0% of the transcripts
[2024-05-02 15:21:26.648] [jointLog] [info] processed bias for 50.0% of the transcripts
[2024-05-02 15:21:35.354] [jointLog] [info] processed bias for 60.0% of the transcripts
[2024-05-02 15:21:44.633] [jointLog] [info] processed bias for 70.0% of the transcripts
[2024-05-02 15:21:53.152] [jointLog] [info] processed bias for 80.0% of the transcripts
[2024-05-02 15:22:02.550] [jointLog] [info] processed bias for 90.0% of the transcripts
[2024-05-02 15:22:04.654] [jointLog] [info] processed bias for 100.0% of the transcripts
[2024-05-02 15:22:04.655] [jointLog] [info] processed bias for 100.0% of the transcripts
[2024-05-02 15:22:09.911] [jointLog] [info] iteration = 100 | max rel diff. = 20.5854
[2024-05-02 15:22:15.677] [jointLog] [info] iteration = 200 | max rel diff. = 18.5831
[2024-05-02 15:22:21.451] [jointLog] [info] iteration = 300 | max rel diff. = 12.5557
[2024-05-02 15:22:27.220] [jointLog] [info] iteration = 400 | max rel diff. = 0.977973
[2024-05-02 15:22:32.991] [jointLog] [info] iteration = 500 | max rel diff. = 5.40499
[2024-05-02 15:22:38.756] [jointLog] [info] iteration = 600 | max rel diff. = 1.25939
[2024-05-02 15:22:44.543] [jointLog] [info] iteration = 700 | max rel diff. = 1.67105
[2024-05-02 15:22:50.308] [jointLog] [info] iteration = 800 | max rel diff. = 0.192459
[2024-05-02 15:22:56.069] [jointLog] [info] iteration = 900 | max rel diff. = 0.21878
[2024-05-02 15:23:01.840] [jointLog] [info] iteration = 1,000 | max rel diff. = 0.101582
[2024-05-02 15:23:07.615] [jointLog] [info] iteration = 1,100 | max rel diff. = 10.1233
[2024-05-02 15:23:13.380] [jointLog] [info] iteration = 1,200 | max rel diff. = 0.240857
[2024-05-02 15:23:19.147] [jointLog] [info] iteration = 1,300 | max rel diff. = 0.137906
[2024-05-02 15:23:24.912] [jointLog] [info] iteration = 1,400 | max rel diff. = 0.0299136
[2024-05-02 15:23:30.690] [jointLog] [info] iteration = 1,500 | max rel diff. = 0.241398
[2024-05-02 15:23:36.458] [jointLog] [info] iteration = 1,600 | max rel diff. = 0.288638
[2024-05-02 15:23:42.218] [jointLog] [info] iteration = 1,700 | max rel diff. = 0.109821
[2024-05-02 15:23:47.989] [jointLog] [info] iteration = 1,800 | max rel diff. = 0.115875
[2024-05-02 15:23:53.771] [jointLog] [info] iteration = 1,900 | max rel diff. = 0.0203247
[2024-05-02 15:23:59.543] [jointLog] [info] iteration = 2,000 | max rel diff. = 0.0190874
[2024-05-02 15:24:05.303] [jointLog] [info] iteration = 2,100 | max rel diff. = 0.65071
[2024-05-02 15:24:11.072] [jointLog] [info] iteration = 2,200 | max rel diff. = 0.0800013
[2024-05-02 15:24:13.960] [jointLog] [info] iteration = 2,251 | max rel diff. = 0.00801667
[2024-05-02 15:24:13.979] [jointLog] [info] Finished optimizer
[2024-05-02 15:24:13.979] [jointLog] [info] writing output 

