[2024-04-25 16:15:23.087] [jointLog] [info] setting maxHashResizeThreads to 8
[2024-04-25 16:15:23.087] [jointLog] [info] Fragment incompatibility prior below threshold.  Incompatible fragments will be ignored.
[2024-04-25 16:15:23.087] [jointLog] [info] Usage of --validateMappings implies use of minScoreFraction. Since not explicitly specified, it is being set to 0.65
[2024-04-25 16:15:23.087] [jointLog] [info] Setting consensusSlack to selective-alignment default of 0.35.
[2024-04-25 16:15:23.087] [jointLog] [info] parsing read library format
[2024-04-25 16:15:23.088] [jointLog] [info] There is 1 library.
[2024-04-25 16:15:23.094] [jointLog] [info] Loading pufferfish index
[2024-04-25 16:15:23.096] [jointLog] [info] Loading dense pufferfish index.
[2024-04-25 16:15:26.628] [jointLog] [info] done
[2024-04-25 16:15:26.748] [jointLog] [info] Index contained 192,825 targets
[2024-04-25 16:15:26.805] [jointLog] [info] Number of decoys : 0
[2024-04-25 16:15:29.674] [jointLog] [info] Automatically detected most likely library type as IU

[2024-04-25 17:06:22.516] [jointLog] [info] Computed 348,442 rich equivalence classes for further processing
[2024-04-25 17:06:22.518] [jointLog] [info] Counted 34,255,827 total reads in the equivalence classes 
[2024-04-25 17:06:22.648] [jointLog] [info] Number of mappings discarded because of alignment score : 12,335,122
[2024-04-25 17:06:22.648] [jointLog] [info] Number of fragments entirely discarded because of alignment score : 417,761
[2024-04-25 17:06:22.648] [jointLog] [info] Number of fragments discarded because they are best-mapped to decoys : 0
[2024-04-25 17:06:22.648] [jointLog] [info] Number of fragments discarded because they have only dovetail (discordant) mappings to valid targets : 39,617
[2024-04-25 17:06:22.648] [jointLog] [info] Mapping rate = 95.8678%

[2024-04-25 17:06:22.648] [jointLog] [info] finished quantifyLibrary()
[2024-04-25 17:06:22.669] [jointLog] [info] Starting optimizer
[2024-04-25 17:06:22.520] [fileLog] [info] 
At end of round 0
==================
Observed 35732368 total fragments (35732368 in most recent round)

[2024-04-25 17:06:23.764] [jointLog] [info] Marked 0 weighted equivalence classes as degenerate
[2024-04-25 17:06:23.831] [jointLog] [info] iteration = 0 | max rel diff. = 5554.59
[2024-04-25 17:06:30.048] [jointLog] [info] iteration = 100 | max rel diff. = 20.344
[2024-04-25 17:06:36.211] [jointLog] [info] iteration = 200 | max rel diff. = 8.79754
[2024-04-25 17:06:42.392] [jointLog] [info] iteration = 300 | max rel diff. = 12.4222
[2024-04-25 17:06:48.538] [jointLog] [info] iteration = 400 | max rel diff. = 9.50679
[2024-04-25 17:06:54.694] [jointLog] [info] iteration = 500 | max rel diff. = 8.61102
[2024-04-25 17:07:00.819] [jointLog] [info] iteration = 600 | max rel diff. = 20.7081
[2024-04-25 17:07:06.962] [jointLog] [info] iteration = 700 | max rel diff. = 0.270618
[2024-04-25 17:07:13.086] [jointLog] [info] iteration = 800 | max rel diff. = 0.145861
[2024-04-25 17:07:19.214] [jointLog] [info] iteration = 900 | max rel diff. = 0.245847
[2024-04-25 17:07:25.333] [jointLog] [info] iteration = 1,000 | max rel diff. = 4.85938
[2024-04-25 17:07:31.450] [jointLog] [info] iteration = 1,100 | max rel diff. = 0.414496
[2024-04-25 17:07:37.578] [jointLog] [info] iteration = 1,200 | max rel diff. = 0.109131
[2024-04-25 17:07:43.705] [jointLog] [info] iteration = 1,300 | max rel diff. = 0.261745
[2024-04-25 17:07:49.824] [jointLog] [info] iteration = 1,400 | max rel diff. = 0.109251
[2024-04-25 17:07:55.934] [jointLog] [info] iteration = 1,500 | max rel diff. = 0.0545439
[2024-04-25 17:08:02.049] [jointLog] [info] iteration = 1,600 | max rel diff. = 0.0278378
[2024-04-25 17:08:08.224] [jointLog] [info] iteration = 1,700 | max rel diff. = 0.0274102
[2024-04-25 17:08:14.364] [jointLog] [info] iteration = 1,800 | max rel diff. = 0.0585654
[2024-04-25 17:08:20.486] [jointLog] [info] iteration = 1,900 | max rel diff. = 0.0213242
[2024-04-25 17:08:26.596] [jointLog] [info] iteration = 2,000 | max rel diff. = 0.451138
[2024-04-25 17:08:32.708] [jointLog] [info] iteration = 2,100 | max rel diff. = 0.0903299
[2024-04-25 17:08:34.968] [jointLog] [info] iteration = 2,138 | max rel diff. = 0.00565674
[2024-04-25 17:08:34.991] [jointLog] [info] Finished optimizer
[2024-04-25 17:08:34.991] [jointLog] [info] writing output 

