[2024-04-25 16:15:22.721] [jointLog] [info] setting maxHashResizeThreads to 8
[2024-04-25 16:15:22.721] [jointLog] [info] Fragment incompatibility prior below threshold.  Incompatible fragments will be ignored.
[2024-04-25 16:15:22.721] [jointLog] [info] Usage of --validateMappings implies use of minScoreFraction. Since not explicitly specified, it is being set to 0.65
[2024-04-25 16:15:22.721] [jointLog] [info] Setting consensusSlack to selective-alignment default of 0.35.
[2024-04-25 16:15:22.721] [jointLog] [info] parsing read library format
[2024-04-25 16:15:22.721] [jointLog] [info] There is 1 library.
[2024-04-25 16:15:22.726] [jointLog] [info] Loading pufferfish index
[2024-04-25 16:15:22.728] [jointLog] [info] Loading dense pufferfish index.
[2024-04-25 16:15:23.604] [jointLog] [info] done
[2024-04-25 16:15:23.622] [jointLog] [info] Index contained 192,825 targets
[2024-04-25 16:15:23.643] [jointLog] [info] Number of decoys : 0
[2024-04-25 16:15:26.978] [jointLog] [info] Automatically detected most likely library type as IU

[2024-04-25 17:10:56.893] [fileLog] [info] 
At end of round 0
==================
Observed 34998799 total fragments (34998799 in most recent round)

[2024-04-25 17:10:56.891] [jointLog] [info] Computed 346,551 rich equivalence classes for further processing
[2024-04-25 17:10:56.891] [jointLog] [info] Counted 33,467,690 total reads in the equivalence classes 
[2024-04-25 17:10:57.026] [jointLog] [info] Number of mappings discarded because of alignment score : 12,408,644
[2024-04-25 17:10:57.026] [jointLog] [info] Number of fragments entirely discarded because of alignment score : 382,136
[2024-04-25 17:10:57.026] [jointLog] [info] Number of fragments discarded because they are best-mapped to decoys : 0
[2024-04-25 17:10:57.026] [jointLog] [info] Number of fragments discarded because they have only dovetail (discordant) mappings to valid targets : 37,128
[2024-04-25 17:10:57.026] [jointLog] [info] Mapping rate = 95.6253%

[2024-04-25 17:10:57.026] [jointLog] [info] finished quantifyLibrary()
[2024-04-25 17:10:57.034] [jointLog] [info] Starting optimizer
[2024-04-25 17:10:57.518] [jointLog] [info] Marked 0 weighted equivalence classes as degenerate
[2024-04-25 17:10:57.568] [jointLog] [info] iteration = 0 | max rel diff. = 5575.71
[2024-04-25 17:11:02.217] [jointLog] [info] iteration = 100 | max rel diff. = 19.2888
[2024-04-25 17:11:06.793] [jointLog] [info] iteration = 200 | max rel diff. = 13.8624
[2024-04-25 17:11:11.367] [jointLog] [info] iteration = 300 | max rel diff. = 9.44346
[2024-04-25 17:11:15.916] [jointLog] [info] iteration = 400 | max rel diff. = 14.467
[2024-04-25 17:11:20.432] [jointLog] [info] iteration = 500 | max rel diff. = 20.5672
[2024-04-25 17:11:24.952] [jointLog] [info] iteration = 600 | max rel diff. = 0.382062
[2024-04-25 17:11:29.484] [jointLog] [info] iteration = 700 | max rel diff. = 0.321951
[2024-04-25 17:11:34.017] [jointLog] [info] iteration = 800 | max rel diff. = 2.76549
[2024-04-25 17:11:38.566] [jointLog] [info] iteration = 900 | max rel diff. = 0.350045
[2024-04-25 17:11:43.072] [jointLog] [info] iteration = 1,000 | max rel diff. = 0.645081
[2024-04-25 17:11:47.606] [jointLog] [info] iteration = 1,100 | max rel diff. = 0.10248
[2024-04-25 17:11:52.156] [jointLog] [info] iteration = 1,200 | max rel diff. = 0.123777
[2024-04-25 17:11:56.689] [jointLog] [info] iteration = 1,300 | max rel diff. = 0.208201
[2024-04-25 17:12:01.219] [jointLog] [info] iteration = 1,400 | max rel diff. = 0.0968737
[2024-04-25 17:12:05.766] [jointLog] [info] iteration = 1,500 | max rel diff. = 0.0356449
[2024-04-25 17:12:10.276] [jointLog] [info] iteration = 1,600 | max rel diff. = 0.0251923
[2024-04-25 17:12:14.794] [jointLog] [info] iteration = 1,700 | max rel diff. = 0.0659829
[2024-04-25 17:12:19.336] [jointLog] [info] iteration = 1,800 | max rel diff. = 0.161522
[2024-04-25 17:12:23.861] [jointLog] [info] iteration = 1,900 | max rel diff. = 0.026427
[2024-04-25 17:12:26.514] [jointLog] [info] iteration = 1,959 | max rel diff. = 0.00782459
[2024-04-25 17:12:26.517] [jointLog] [info] Finished optimizer
[2024-04-25 17:12:26.517] [jointLog] [info] writing output 

