[2024-04-25 16:15:23.032] [jointLog] [info] setting maxHashResizeThreads to 8
[2024-04-25 16:15:23.032] [jointLog] [info] Fragment incompatibility prior below threshold.  Incompatible fragments will be ignored.
[2024-04-25 16:15:23.032] [jointLog] [info] Usage of --validateMappings implies use of minScoreFraction. Since not explicitly specified, it is being set to 0.65
[2024-04-25 16:15:23.032] [jointLog] [info] Setting consensusSlack to selective-alignment default of 0.35.
[2024-04-25 16:15:23.032] [jointLog] [info] parsing read library format
[2024-04-25 16:15:23.034] [jointLog] [info] There is 1 library.
[2024-04-25 16:15:23.041] [jointLog] [info] Loading pufferfish index
[2024-04-25 16:15:23.043] [jointLog] [info] Loading dense pufferfish index.
[2024-04-25 16:15:26.628] [jointLog] [info] done
[2024-04-25 16:15:26.767] [jointLog] [info] Index contained 192,825 targets
[2024-04-25 16:15:26.823] [jointLog] [info] Number of decoys : 0
[2024-04-25 16:15:28.943] [jointLog] [info] Automatically detected most likely library type as IU

[2024-04-25 17:10:43.352] [fileLog] [info] 
At end of round 0
==================
Observed 37486482 total fragments (37486482 in most recent round)

[2024-04-25 17:10:43.331] [jointLog] [info] Computed 344,683 rich equivalence classes for further processing
[2024-04-25 17:10:43.333] [jointLog] [info] Counted 34,607,509 total reads in the equivalence classes 
[2024-04-25 17:10:43.548] [jointLog] [info] Number of mappings discarded because of alignment score : 12,222,586
[2024-04-25 17:10:43.548] [jointLog] [info] Number of fragments entirely discarded because of alignment score : 554,774
[2024-04-25 17:10:43.548] [jointLog] [info] Number of fragments discarded because they are best-mapped to decoys : 0
[2024-04-25 17:10:43.548] [jointLog] [info] Number of fragments discarded because they have only dovetail (discordant) mappings to valid targets : 45,190
[2024-04-25 17:10:43.548] [jointLog] [info] Mapping rate = 92.32%

[2024-04-25 17:10:43.548] [jointLog] [info] finished quantifyLibrary()
[2024-04-25 17:10:43.567] [jointLog] [info] Starting optimizer
[2024-04-25 17:10:44.539] [jointLog] [info] Marked 0 weighted equivalence classes as degenerate
[2024-04-25 17:10:44.588] [jointLog] [info] iteration = 0 | max rel diff. = 5479
[2024-04-25 17:10:49.088] [jointLog] [info] iteration = 100 | max rel diff. = 16.4769
[2024-04-25 17:10:53.581] [jointLog] [info] iteration = 200 | max rel diff. = 13.9731
[2024-04-25 17:10:58.035] [jointLog] [info] iteration = 300 | max rel diff. = 2.844
[2024-04-25 17:11:02.491] [jointLog] [info] iteration = 400 | max rel diff. = 20.3189
[2024-04-25 17:11:06.930] [jointLog] [info] iteration = 500 | max rel diff. = 0.302593
[2024-04-25 17:11:11.364] [jointLog] [info] iteration = 600 | max rel diff. = 2.2402
[2024-04-25 17:11:15.782] [jointLog] [info] iteration = 700 | max rel diff. = 0.374412
[2024-04-25 17:11:20.204] [jointLog] [info] iteration = 800 | max rel diff. = 0.178824
[2024-04-25 17:11:24.629] [jointLog] [info] iteration = 900 | max rel diff. = 0.561904
[2024-04-25 17:11:29.065] [jointLog] [info] iteration = 1,000 | max rel diff. = 0.293243
[2024-04-25 17:11:33.509] [jointLog] [info] iteration = 1,100 | max rel diff. = 3.97415
[2024-04-25 17:11:35.018] [jointLog] [info] iteration = 1,135 | max rel diff. = 0.00946007
[2024-04-25 17:11:35.028] [jointLog] [info] Finished optimizer
[2024-04-25 17:11:35.028] [jointLog] [info] writing output 

