[2024-05-02 16:54:27.191] [jointLog] [info] setting maxHashResizeThreads to 6
[2024-05-02 16:54:27.191] [jointLog] [info] Fragment incompatibility prior below threshold.  Incompatible fragments will be ignored.
[2024-05-02 16:54:27.191] [jointLog] [info] Usage of --validateMappings implies use of minScoreFraction. Since not explicitly specified, it is being set to 0.65
[2024-05-02 16:54:27.192] [jointLog] [info] Setting consensusSlack to selective-alignment default of 0.35.
[2024-05-02 16:54:27.192] [jointLog] [info] parsing read library format
[2024-05-02 16:54:27.194] [jointLog] [info] There is 1 library.
[2024-05-02 16:54:27.204] [jointLog] [info] Loading pufferfish index
[2024-05-02 16:54:27.206] [jointLog] [info] Loading dense pufferfish index.
[2024-05-02 16:54:30.327] [jointLog] [info] done
[2024-05-02 16:54:30.350] [jointLog] [info] Index contained 192,825 targets
[2024-05-02 16:54:31.722] [jointLog] [info] Number of decoys : 0
[2024-05-02 17:10:53.861] [jointLog] [info] Computed 347,092 rich equivalence classes for further processing
[2024-05-02 17:10:53.861] [jointLog] [info] Counted 33,573,838 total reads in the equivalence classes 
[2024-05-02 17:10:53.866] [jointLog] [info] Number of mappings discarded because of alignment score : 12,130,597
[2024-05-02 17:10:53.866] [jointLog] [info] Number of fragments entirely discarded because of alignment score : 384,516
[2024-05-02 17:10:53.866] [jointLog] [info] Number of fragments discarded because they are best-mapped to decoys : 0
[2024-05-02 17:10:53.866] [jointLog] [info] Number of fragments discarded because they have only dovetail (discordant) mappings to valid targets : 41,980
[2024-05-02 17:10:53.866] [jointLog] [info] Mapping rate = 96.1168%

[2024-05-02 17:10:53.866] [jointLog] [info] finished quantifyLibrary()
[2024-05-02 17:10:53.881] [jointLog] [info] Starting optimizer
[2024-05-02 17:10:53.985] [jointLog] [info] Marked 0 weighted equivalence classes as degenerate
[2024-05-02 17:10:54.034] [jointLog] [info] iteration = 0 | max rel diff. = 5668.61
[2024-05-02 17:10:53.862] [fileLog] [info] 
At end of round 0
==================
Observed 34930262 total fragments (34930262 in most recent round)

[2024-05-02 17:10:54.479] [jointLog] [info] iteration 11, adjusting effective lengths to account for biases
[2024-05-02 17:13:03.529] [jointLog] [info] Computed expected counts (for bias correction)
[2024-05-02 17:13:03.529] [jointLog] [info] processed bias for 0.1% of the transcripts
[2024-05-02 17:13:08.518] [jointLog] [info] processed bias for 10.0% of the transcripts
[2024-05-02 17:13:13.494] [jointLog] [info] processed bias for 20.0% of the transcripts
[2024-05-02 17:13:18.972] [jointLog] [info] processed bias for 30.0% of the transcripts
[2024-05-02 17:13:24.711] [jointLog] [info] processed bias for 40.0% of the transcripts
[2024-05-02 17:13:30.781] [jointLog] [info] processed bias for 50.0% of the transcripts
[2024-05-02 17:13:36.830] [jointLog] [info] processed bias for 60.0% of the transcripts
[2024-05-02 17:13:43.304] [jointLog] [info] processed bias for 70.0% of the transcripts
[2024-05-02 17:13:49.250] [jointLog] [info] processed bias for 80.0% of the transcripts
[2024-05-02 17:13:55.807] [jointLog] [info] processed bias for 90.0% of the transcripts
[2024-05-02 17:13:57.260] [jointLog] [info] processed bias for 100.0% of the transcripts
[2024-05-02 17:13:57.261] [jointLog] [info] processed bias for 100.0% of the transcripts
[2024-05-02 17:14:01.301] [jointLog] [info] iteration = 100 | max rel diff. = 19.7687
[2024-05-02 17:14:05.650] [jointLog] [info] iteration = 200 | max rel diff. = 7.74939
[2024-05-02 17:14:09.981] [jointLog] [info] iteration = 300 | max rel diff. = 10.4091
[2024-05-02 17:14:14.305] [jointLog] [info] iteration = 400 | max rel diff. = 3.8374
[2024-05-02 17:14:18.717] [jointLog] [info] iteration = 500 | max rel diff. = 1.82137
[2024-05-02 17:14:23.096] [jointLog] [info] iteration = 600 | max rel diff. = 1.74406
[2024-05-02 17:14:27.490] [jointLog] [info] iteration = 700 | max rel diff. = 0.768351
[2024-05-02 17:14:31.861] [jointLog] [info] iteration = 800 | max rel diff. = 0.449167
[2024-05-02 17:14:36.209] [jointLog] [info] iteration = 900 | max rel diff. = 4.12855
[2024-05-02 17:14:40.571] [jointLog] [info] iteration = 1,000 | max rel diff. = 0.478347
[2024-05-02 17:14:44.919] [jointLog] [info] iteration = 1,100 | max rel diff. = 0.383502
[2024-05-02 17:14:49.308] [jointLog] [info] iteration = 1,200 | max rel diff. = 0.0501339
[2024-05-02 17:14:53.719] [jointLog] [info] iteration = 1,300 | max rel diff. = 0.121973
[2024-05-02 17:14:58.140] [jointLog] [info] iteration = 1,400 | max rel diff. = 10.8754
[2024-05-02 17:15:01.376] [jointLog] [info] iteration = 1,475 | max rel diff. = 0.0065504
[2024-05-02 17:15:01.381] [jointLog] [info] Finished optimizer
[2024-05-02 17:15:01.381] [jointLog] [info] writing output 



