[2024-04-25 16:15:22.769] [jointLog] [info] setting maxHashResizeThreads to 8
[2024-04-25 16:15:22.769] [jointLog] [info] Fragment incompatibility prior below threshold.  Incompatible fragments will be ignored.
[2024-04-25 16:15:22.769] [jointLog] [info] Usage of --validateMappings implies use of minScoreFraction. Since not explicitly specified, it is being set to 0.65
[2024-04-25 16:15:22.769] [jointLog] [info] Setting consensusSlack to selective-alignment default of 0.35.
[2024-04-25 16:15:22.769] [jointLog] [info] parsing read library format
[2024-04-25 16:15:22.771] [jointLog] [info] There is 1 library.
[2024-04-25 16:15:22.781] [jointLog] [info] Loading pufferfish index
[2024-04-25 16:15:22.784] [jointLog] [info] Loading dense pufferfish index.
[2024-04-25 16:15:26.627] [jointLog] [info] done
[2024-04-25 16:15:26.774] [jointLog] [info] Index contained 192,825 targets
[2024-04-25 16:15:26.833] [jointLog] [info] Number of decoys : 0
[2024-04-25 16:15:29.586] [jointLog] [info] Automatically detected most likely library type as IU

[2024-04-25 17:07:36.655] [fileLog] [info] 
At end of round 0
==================
Observed 33999104 total fragments (33999104 in most recent round)

[2024-04-25 17:07:36.646] [jointLog] [info] Computed 332,119 rich equivalence classes for further processing
[2024-04-25 17:07:36.648] [jointLog] [info] Counted 32,213,665 total reads in the equivalence classes 
[2024-04-25 17:07:36.879] [jointLog] [info] Number of mappings discarded because of alignment score : 11,331,082
[2024-04-25 17:07:36.879] [jointLog] [info] Number of fragments entirely discarded because of alignment score : 387,691
[2024-04-25 17:07:36.879] [jointLog] [info] Number of fragments discarded because they are best-mapped to decoys : 0
[2024-04-25 17:07:36.879] [jointLog] [info] Number of fragments discarded because they have only dovetail (discordant) mappings to valid targets : 39,543
[2024-04-25 17:07:36.879] [jointLog] [info] Mapping rate = 94.7486%

[2024-04-25 17:07:36.879] [jointLog] [info] finished quantifyLibrary()
[2024-04-25 17:07:36.898] [jointLog] [info] Starting optimizer
[2024-04-25 17:07:37.795] [jointLog] [info] Marked 0 weighted equivalence classes as degenerate
[2024-04-25 17:07:37.853] [jointLog] [info] iteration = 0 | max rel diff. = 5941.7
[2024-04-25 17:07:42.311] [jointLog] [info] iteration = 100 | max rel diff. = 16.9866
[2024-04-25 17:07:46.714] [jointLog] [info] iteration = 200 | max rel diff. = 2.37373
[2024-04-25 17:07:51.215] [jointLog] [info] iteration = 300 | max rel diff. = 5.04562
[2024-04-25 17:07:55.675] [jointLog] [info] iteration = 400 | max rel diff. = 4.59103
[2024-04-25 17:08:00.142] [jointLog] [info] iteration = 500 | max rel diff. = 0.493834
[2024-04-25 17:08:04.600] [jointLog] [info] iteration = 600 | max rel diff. = 0.128421
[2024-04-25 17:08:09.006] [jointLog] [info] iteration = 700 | max rel diff. = 0.273892
[2024-04-25 17:08:13.388] [jointLog] [info] iteration = 800 | max rel diff. = 0.129247
[2024-04-25 17:08:17.822] [jointLog] [info] iteration = 900 | max rel diff. = 0.050403
[2024-04-25 17:08:22.253] [jointLog] [info] iteration = 1,000 | max rel diff. = 16.8778
[2024-04-25 17:08:26.654] [jointLog] [info] iteration = 1,100 | max rel diff. = 0.681427
[2024-04-25 17:08:31.082] [jointLog] [info] iteration = 1,200 | max rel diff. = 5.10202
[2024-04-25 17:08:35.459] [jointLog] [info] iteration = 1,300 | max rel diff. = 0.0914887
[2024-04-25 17:08:39.858] [jointLog] [info] iteration = 1,400 | max rel diff. = 0.127162
[2024-04-25 17:08:44.279] [jointLog] [info] iteration = 1,500 | max rel diff. = 0.0451387
[2024-04-25 17:08:48.695] [jointLog] [info] iteration = 1,600 | max rel diff. = 4.62739
[2024-04-25 17:08:53.109] [jointLog] [info] iteration = 1,700 | max rel diff. = 0.0420342
[2024-04-25 17:08:57.500] [jointLog] [info] iteration = 1,800 | max rel diff. = 0.116256
[2024-04-25 17:09:01.902] [jointLog] [info] iteration = 1,900 | max rel diff. = 0.0159307
[2024-04-25 17:09:06.298] [jointLog] [info] iteration = 2,000 | max rel diff. = 1.37521
[2024-04-25 17:09:10.667] [jointLog] [info] iteration = 2,100 | max rel diff. = 0.022298
[2024-04-25 17:09:15.057] [jointLog] [info] iteration = 2,200 | max rel diff. = 0.0285026
[2024-04-25 17:09:19.413] [jointLog] [info] iteration = 2,300 | max rel diff. = 0.0289345
[2024-04-25 17:09:23.747] [jointLog] [info] iteration = 2,400 | max rel diff. = 0.0551903
[2024-04-25 17:09:28.149] [jointLog] [info] iteration = 2,500 | max rel diff. = 0.0363091
[2024-04-25 17:09:32.549] [jointLog] [info] iteration = 2,600 | max rel diff. = 0.0186462
[2024-04-25 17:09:34.994] [jointLog] [info] iteration = 2,657 | max rel diff. = 0.0060822
[2024-04-25 17:09:35.004] [jointLog] [info] Finished optimizer
[2024-04-25 17:09:35.004] [jointLog] [info] writing output 

