[2024-04-25 16:15:22.933] [jointLog] [info] setting maxHashResizeThreads to 8
[2024-04-25 16:15:22.933] [jointLog] [info] Fragment incompatibility prior below threshold.  Incompatible fragments will be ignored.
[2024-04-25 16:15:22.933] [jointLog] [info] Usage of --validateMappings implies use of minScoreFraction. Since not explicitly specified, it is being set to 0.65
[2024-04-25 16:15:22.933] [jointLog] [info] Setting consensusSlack to selective-alignment default of 0.35.
[2024-04-25 16:15:22.933] [jointLog] [info] parsing read library format
[2024-04-25 16:15:22.935] [jointLog] [info] There is 1 library.
[2024-04-25 16:15:22.941] [jointLog] [info] Loading pufferfish index
[2024-04-25 16:15:22.943] [jointLog] [info] Loading dense pufferfish index.
[2024-04-25 16:15:26.628] [jointLog] [info] done
[2024-04-25 16:15:26.774] [jointLog] [info] Index contained 192,825 targets
[2024-04-25 16:15:26.824] [jointLog] [info] Number of decoys : 0
[2024-04-25 16:15:29.505] [jointLog] [info] Automatically detected most likely library type as IU

[2024-04-25 17:13:20.240] [jointLog] [info] Computed 347,318 rich equivalence classes for further processing
[2024-04-25 17:13:20.242] [jointLog] [info] Counted 36,665,039 total reads in the equivalence classes 
[2024-04-25 17:13:20.391] [jointLog] [info] Number of mappings discarded because of alignment score : 12,062,972
[2024-04-25 17:13:20.391] [jointLog] [info] Number of fragments entirely discarded because of alignment score : 475,294
[2024-04-25 17:13:20.391] [jointLog] [info] Number of fragments discarded because they are best-mapped to decoys : 0
[2024-04-25 17:13:20.391] [jointLog] [info] Number of fragments discarded because they have only dovetail (discordant) mappings to valid targets : 48,423
[2024-04-25 17:13:20.391] [jointLog] [info] Mapping rate = 94.2192%

[2024-04-25 17:13:20.391] [jointLog] [info] finished quantifyLibrary()
[2024-04-25 17:13:20.409] [jointLog] [info] Starting optimizer
[2024-04-25 17:13:20.248] [fileLog] [info] 
At end of round 0
==================
Observed 38914611 total fragments (38914611 in most recent round)

[2024-04-25 17:13:22.078] [jointLog] [info] Marked 0 weighted equivalence classes as degenerate
[2024-04-25 17:13:22.129] [jointLog] [info] iteration = 0 | max rel diff. = 5041.23
[2024-04-25 17:13:26.778] [jointLog] [info] iteration = 100 | max rel diff. = 18.1127
[2024-04-25 17:13:31.368] [jointLog] [info] iteration = 200 | max rel diff. = 16.9471
[2024-04-25 17:13:35.931] [jointLog] [info] iteration = 300 | max rel diff. = 5.85166
[2024-04-25 17:13:40.524] [jointLog] [info] iteration = 400 | max rel diff. = 0.34606
[2024-04-25 17:13:45.127] [jointLog] [info] iteration = 500 | max rel diff. = 10.8731
[2024-04-25 17:13:49.717] [jointLog] [info] iteration = 600 | max rel diff. = 1.55559
[2024-04-25 17:13:54.296] [jointLog] [info] iteration = 700 | max rel diff. = 0.166065
[2024-04-25 17:13:58.829] [jointLog] [info] iteration = 800 | max rel diff. = 0.107191
[2024-04-25 17:14:03.392] [jointLog] [info] iteration = 900 | max rel diff. = 2.50351
[2024-04-25 17:14:07.963] [jointLog] [info] iteration = 1,000 | max rel diff. = 0.671943
[2024-04-25 17:14:12.557] [jointLog] [info] iteration = 1,100 | max rel diff. = 0.651299
[2024-04-25 17:14:17.143] [jointLog] [info] iteration = 1,200 | max rel diff. = 0.0570072
[2024-04-25 17:14:21.698] [jointLog] [info] iteration = 1,300 | max rel diff. = 0.0616891
[2024-04-25 17:14:26.276] [jointLog] [info] iteration = 1,400 | max rel diff. = 0.0892889
[2024-04-25 17:14:30.830] [jointLog] [info] iteration = 1,500 | max rel diff. = 0.203214
[2024-04-25 17:14:35.369] [jointLog] [info] iteration = 1,600 | max rel diff. = 3.60767
[2024-04-25 17:14:39.931] [jointLog] [info] iteration = 1,700 | max rel diff. = 0.0450992
[2024-04-25 17:14:41.029] [jointLog] [info] iteration = 1,725 | max rel diff. = 0.00977172
[2024-04-25 17:14:41.042] [jointLog] [info] Finished optimizer
[2024-04-25 17:14:41.042] [jointLog] [info] writing output 

