[2024-05-02 14:53:23.488] [jointLog] [info] setting maxHashResizeThreads to 6
[2024-05-02 14:53:23.488] [jointLog] [info] Fragment incompatibility prior below threshold.  Incompatible fragments will be ignored.
[2024-05-02 14:53:23.488] [jointLog] [info] Usage of --validateMappings implies use of minScoreFraction. Since not explicitly specified, it is being set to 0.65
[2024-05-02 14:53:23.488] [jointLog] [info] Setting consensusSlack to selective-alignment default of 0.35.
[2024-05-02 14:53:23.488] [jointLog] [info] parsing read library format
[2024-05-02 14:53:23.521] [jointLog] [info] There is 1 library.
[2024-05-02 14:53:23.605] [jointLog] [info] Loading pufferfish index
[2024-05-02 14:53:23.629] [jointLog] [info] Loading dense pufferfish index.
[2024-05-02 14:56:05.636] [jointLog] [info] done
[2024-05-02 14:56:05.782] [jointLog] [info] Index contained 192,825 targets
[2024-05-02 14:56:07.631] [jointLog] [info] Number of decoys : 0
[2024-05-02 15:20:55.823] [fileLog] [info] 
At end of round 0
==================
Observed 38914611 total fragments (38914611 in most recent round)

[2024-05-02 15:20:55.822] [jointLog] [info] Computed 347,112 rich equivalence classes for further processing
[2024-05-02 15:20:55.822] [jointLog] [info] Counted 36,665,039 total reads in the equivalence classes 
[2024-05-02 15:20:55.829] [jointLog] [info] Number of mappings discarded because of alignment score : 12,062,972
[2024-05-02 15:20:55.829] [jointLog] [info] Number of fragments entirely discarded because of alignment score : 475,294
[2024-05-02 15:20:55.829] [jointLog] [info] Number of fragments discarded because they are best-mapped to decoys : 0
[2024-05-02 15:20:55.829] [jointLog] [info] Number of fragments discarded because they have only dovetail (discordant) mappings to valid targets : 48,423
[2024-05-02 15:20:55.829] [jointLog] [info] Mapping rate = 94.2192%

[2024-05-02 15:20:55.829] [jointLog] [info] finished quantifyLibrary()
[2024-05-02 15:20:55.855] [jointLog] [info] Starting optimizer
[2024-05-02 15:20:57.037] [jointLog] [info] Marked 0 weighted equivalence classes as degenerate
[2024-05-02 15:20:57.079] [jointLog] [info] iteration = 0 | max rel diff. = 49.712
[2024-05-02 15:20:57.497] [jointLog] [info] iteration 11, adjusting effective lengths to account for biases
[2024-05-02 15:23:07.957] [jointLog] [info] Computed expected counts (for bias correction)
[2024-05-02 15:23:07.958] [jointLog] [info] processed bias for 0.1% of the transcripts
[2024-05-02 15:23:16.726] [jointLog] [info] processed bias for 10.0% of the transcripts
[2024-05-02 15:23:25.356] [jointLog] [info] processed bias for 20.0% of the transcripts
[2024-05-02 15:23:35.120] [jointLog] [info] processed bias for 30.0% of the transcripts
[2024-05-02 15:23:45.199] [jointLog] [info] processed bias for 40.0% of the transcripts
[2024-05-02 15:23:56.113] [jointLog] [info] processed bias for 50.0% of the transcripts
[2024-05-02 15:24:06.820] [jointLog] [info] processed bias for 60.0% of the transcripts
[2024-05-02 15:24:18.473] [jointLog] [info] processed bias for 70.0% of the transcripts
[2024-05-02 15:24:29.044] [jointLog] [info] processed bias for 80.0% of the transcripts
[2024-05-02 15:24:40.670] [jointLog] [info] processed bias for 90.0% of the transcripts
[2024-05-02 15:24:43.258] [jointLog] [info] processed bias for 100.0% of the transcripts
[2024-05-02 15:24:43.259] [jointLog] [info] processed bias for 100.0% of the transcripts
[2024-05-02 15:24:47.083] [jointLog] [info] iteration = 100 | max rel diff. = 0.142889
[2024-05-02 15:24:51.270] [jointLog] [info] iteration = 200 | max rel diff. = 0.14914
[2024-05-02 15:24:55.477] [jointLog] [info] iteration = 300 | max rel diff. = 0.0390206
[2024-05-02 15:24:59.689] [jointLog] [info] iteration = 400 | max rel diff. = 0.0317885
[2024-05-02 15:25:03.931] [jointLog] [info] iteration = 500 | max rel diff. = 0.0283216
[2024-05-02 15:25:08.192] [jointLog] [info] iteration = 600 | max rel diff. = 0.0339056
[2024-05-02 15:25:12.481] [jointLog] [info] iteration = 700 | max rel diff. = 0.0201801
[2024-05-02 15:25:16.803] [jointLog] [info] iteration = 800 | max rel diff. = 0.0160753
[2024-05-02 15:25:21.142] [jointLog] [info] iteration = 900 | max rel diff. = 0.0129361
[2024-05-02 15:25:25.529] [jointLog] [info] iteration = 1,000 | max rel diff. = 0.012936
[2024-05-02 15:25:29.925] [jointLog] [info] iteration = 1,100 | max rel diff. = 0.0156654
[2024-05-02 15:25:32.009] [jointLog] [info] iteration = 1,148 | max rel diff. = 0.00996487
[2024-05-02 15:25:32.028] [jointLog] [info] Finished optimizer
[2024-05-02 15:25:32.028] [jointLog] [info] writing output 

