[2024-05-02 14:53:25.198] [jointLog] [info] setting maxHashResizeThreads to 6
[2024-05-02 14:53:25.198] [jointLog] [info] Fragment incompatibility prior below threshold.  Incompatible fragments will be ignored.
[2024-05-02 14:53:25.198] [jointLog] [info] Usage of --validateMappings implies use of minScoreFraction. Since not explicitly specified, it is being set to 0.65
[2024-05-02 14:53:25.198] [jointLog] [info] Setting consensusSlack to selective-alignment default of 0.35.
[2024-05-02 14:53:25.198] [jointLog] [info] parsing read library format
[2024-05-02 14:53:25.333] [jointLog] [info] There is 1 library.
[2024-05-02 14:53:25.430] [jointLog] [info] Loading pufferfish index
[2024-05-02 14:53:25.459] [jointLog] [info] Loading dense pufferfish index.
[2024-05-02 14:56:25.262] [jointLog] [info] done
[2024-05-02 14:56:25.340] [jointLog] [info] Index contained 192,825 targets
[2024-05-02 14:56:27.805] [jointLog] [info] Number of decoys : 0
[2024-05-02 15:28:49.216] [jointLog] [info] Computed 344,708 rich equivalence classes for further processing
[2024-05-02 15:28:49.216] [jointLog] [info] Counted 35,919,038 total reads in the equivalence classes 
[2024-05-02 15:28:49.224] [jointLog] [info] Number of mappings discarded because of alignment score : 12,141,331
[2024-05-02 15:28:49.224] [jointLog] [info] Number of fragments entirely discarded because of alignment score : 446,743
[2024-05-02 15:28:49.224] [jointLog] [info] Number of fragments discarded because they are best-mapped to decoys : 0
[2024-05-02 15:28:49.224] [jointLog] [info] Number of fragments discarded because they have only dovetail (discordant) mappings to valid targets : 37,748
[2024-05-02 15:28:49.224] [jointLog] [info] Mapping rate = 95.0329%

[2024-05-02 15:28:49.224] [jointLog] [info] finished quantifyLibrary()
[2024-05-02 15:28:49.237] [jointLog] [info] Starting optimizer
[2024-05-02 15:28:49.458] [jointLog] [info] Marked 0 weighted equivalence classes as degenerate
[2024-05-02 15:28:49.534] [jointLog] [info] iteration = 0 | max rel diff. = 5236.21
[2024-05-02 15:28:49.218] [fileLog] [info] 
At end of round 0
==================
Observed 37796406 total fragments (37796406 in most recent round)

[2024-05-02 15:28:50.248] [jointLog] [info] iteration 11, adjusting effective lengths to account for biases
[2024-05-02 15:31:04.339] [jointLog] [info] Computed expected counts (for bias correction)
[2024-05-02 15:31:04.340] [jointLog] [info] processed bias for 0.1% of the transcripts
[2024-05-02 15:31:14.404] [jointLog] [info] processed bias for 10.0% of the transcripts
[2024-05-02 15:31:24.313] [jointLog] [info] processed bias for 20.0% of the transcripts
[2024-05-02 15:31:35.216] [jointLog] [info] processed bias for 30.0% of the transcripts
[2024-05-02 15:31:46.754] [jointLog] [info] processed bias for 40.0% of the transcripts
[2024-05-02 15:31:58.931] [jointLog] [info] processed bias for 50.0% of the transcripts
[2024-05-02 15:32:10.975] [jointLog] [info] processed bias for 60.0% of the transcripts
[2024-05-02 15:32:23.993] [jointLog] [info] processed bias for 70.0% of the transcripts
[2024-05-02 15:32:35.821] [jointLog] [info] processed bias for 80.0% of the transcripts
[2024-05-02 15:32:48.916] [jointLog] [info] processed bias for 90.0% of the transcripts
[2024-05-02 15:32:51.859] [jointLog] [info] processed bias for 100.0% of the transcripts
[2024-05-02 15:32:51.860] [jointLog] [info] processed bias for 100.0% of the transcripts
[2024-05-02 15:32:58.385] [jointLog] [info] iteration = 100 | max rel diff. = 12.9437
[2024-05-02 15:33:05.557] [jointLog] [info] iteration = 200 | max rel diff. = 19.1936
[2024-05-02 15:33:12.720] [jointLog] [info] iteration = 300 | max rel diff. = 12.7604
[2024-05-02 15:33:19.878] [jointLog] [info] iteration = 400 | max rel diff. = 1.89181
[2024-05-02 15:33:27.053] [jointLog] [info] iteration = 500 | max rel diff. = 15.3221
[2024-05-02 15:33:34.227] [jointLog] [info] iteration = 600 | max rel diff. = 0.257427
[2024-05-02 15:33:41.381] [jointLog] [info] iteration = 700 | max rel diff. = 7.22217
[2024-05-02 15:33:48.533] [jointLog] [info] iteration = 800 | max rel diff. = 0.291151
[2024-05-02 15:33:55.697] [jointLog] [info] iteration = 900 | max rel diff. = 0.259222
[2024-05-02 15:34:02.849] [jointLog] [info] iteration = 1,000 | max rel diff. = 0.644529
[2024-05-02 15:34:10.019] [jointLog] [info] iteration = 1,100 | max rel diff. = 0.200406
[2024-05-02 15:34:17.182] [jointLog] [info] iteration = 1,200 | max rel diff. = 0.0513573
[2024-05-02 15:34:24.346] [jointLog] [info] iteration = 1,300 | max rel diff. = 0.524173
[2024-05-02 15:34:31.507] [jointLog] [info] iteration = 1,400 | max rel diff. = 0.0485258
[2024-05-02 15:34:38.673] [jointLog] [info] iteration = 1,500 | max rel diff. = 0.316666
[2024-05-02 15:34:45.842] [jointLog] [info] iteration = 1,600 | max rel diff. = 0.258163
[2024-05-02 15:34:53.003] [jointLog] [info] iteration = 1,700 | max rel diff. = 0.0418965
[2024-05-02 15:35:00.156] [jointLog] [info] iteration = 1,800 | max rel diff. = 0.0341905
[2024-05-02 15:35:07.329] [jointLog] [info] iteration = 1,900 | max rel diff. = 0.46795
[2024-05-02 15:35:07.543] [jointLog] [info] iteration = 1,904 | max rel diff. = 0.00953299
[2024-05-02 15:35:07.562] [jointLog] [info] Finished optimizer
[2024-05-02 15:35:07.562] [jointLog] [info] writing output 

