[2024-05-02 15:40:39.782] [jointLog] [info] setting maxHashResizeThreads to 6
[2024-05-02 15:40:39.782] [jointLog] [info] Fragment incompatibility prior below threshold.  Incompatible fragments will be ignored.
[2024-05-02 15:40:39.782] [jointLog] [info] Usage of --validateMappings implies use of minScoreFraction. Since not explicitly specified, it is being set to 0.65
[2024-05-02 15:40:39.782] [jointLog] [info] Setting consensusSlack to selective-alignment default of 0.35.
[2024-05-02 15:40:39.782] [jointLog] [info] parsing read library format
[2024-05-02 15:40:39.785] [jointLog] [info] There is 1 library.
[2024-05-02 15:40:39.791] [jointLog] [info] Loading pufferfish index
[2024-05-02 15:40:39.793] [jointLog] [info] Loading dense pufferfish index.
[2024-05-02 15:40:43.740] [jointLog] [info] done
[2024-05-02 15:40:43.763] [jointLog] [info] Index contained 192,825 targets
[2024-05-02 15:40:45.030] [jointLog] [info] Number of decoys : 0
[2024-05-02 15:57:10.721] [jointLog] [info] Computed 346,530 rich equivalence classes for further processing
[2024-05-02 15:57:10.721] [jointLog] [info] Counted 34,163,329 total reads in the equivalence classes 
[2024-05-02 15:57:10.728] [jointLog] [info] Number of mappings discarded because of alignment score : 12,003,356
[2024-05-02 15:57:10.728] [jointLog] [info] Number of fragments entirely discarded because of alignment score : 363,984
[2024-05-02 15:57:10.728] [jointLog] [info] Number of fragments discarded because they are best-mapped to decoys : 0
[2024-05-02 15:57:10.728] [jointLog] [info] Number of fragments discarded because they have only dovetail (discordant) mappings to valid targets : 42,931
[2024-05-02 15:57:10.728] [jointLog] [info] Mapping rate = 96.008%

[2024-05-02 15:57:10.728] [jointLog] [info] finished quantifyLibrary()
[2024-05-02 15:57:10.757] [jointLog] [info] Starting optimizer
[2024-05-02 15:57:10.869] [jointLog] [info] Marked 0 weighted equivalence classes as degenerate
[2024-05-02 15:57:10.723] [fileLog] [info] 
At end of round 0
==================
Observed 35583824 total fragments (35583824 in most recent round)

[2024-05-02 15:57:10.923] [jointLog] [info] iteration = 0 | max rel diff. = 5593.13
[2024-05-02 15:57:11.376] [jointLog] [info] iteration 11, adjusting effective lengths to account for biases
[2024-05-02 15:59:16.041] [jointLog] [info] Computed expected counts (for bias correction)
[2024-05-02 15:59:16.041] [jointLog] [info] processed bias for 0.1% of the transcripts
[2024-05-02 15:59:20.880] [jointLog] [info] processed bias for 10.0% of the transcripts
[2024-05-02 15:59:25.663] [jointLog] [info] processed bias for 20.0% of the transcripts
[2024-05-02 15:59:30.967] [jointLog] [info] processed bias for 30.0% of the transcripts
[2024-05-02 15:59:36.478] [jointLog] [info] processed bias for 40.0% of the transcripts
[2024-05-02 15:59:42.343] [jointLog] [info] processed bias for 50.0% of the transcripts
[2024-05-02 15:59:48.182] [jointLog] [info] processed bias for 60.0% of the transcripts
[2024-05-02 15:59:54.346] [jointLog] [info] processed bias for 70.0% of the transcripts
[2024-05-02 15:59:59.976] [jointLog] [info] processed bias for 80.0% of the transcripts
[2024-05-02 16:00:06.306] [jointLog] [info] processed bias for 90.0% of the transcripts
[2024-05-02 16:00:07.715] [jointLog] [info] processed bias for 100.0% of the transcripts
[2024-05-02 16:00:07.716] [jointLog] [info] processed bias for 100.0% of the transcripts
[2024-05-02 16:00:11.715] [jointLog] [info] iteration = 100 | max rel diff. = 13.7777
[2024-05-02 16:00:16.104] [jointLog] [info] iteration = 200 | max rel diff. = 9.83376
[2024-05-02 16:00:20.451] [jointLog] [info] iteration = 300 | max rel diff. = 6.65207
[2024-05-02 16:00:24.793] [jointLog] [info] iteration = 400 | max rel diff. = 3.90036
[2024-05-02 16:00:29.163] [jointLog] [info] iteration = 500 | max rel diff. = 0.231442
[2024-05-02 16:00:33.534] [jointLog] [info] iteration = 600 | max rel diff. = 0.39867
[2024-05-02 16:00:37.856] [jointLog] [info] iteration = 700 | max rel diff. = 0.554745
[2024-05-02 16:00:42.233] [jointLog] [info] iteration = 800 | max rel diff. = 0.246736
[2024-05-02 16:00:46.633] [jointLog] [info] iteration = 900 | max rel diff. = 0.319452
[2024-05-02 16:00:50.959] [jointLog] [info] iteration = 1,000 | max rel diff. = 0.0731883
[2024-05-02 16:00:55.276] [jointLog] [info] iteration = 1,100 | max rel diff. = 0.148647
[2024-05-02 16:00:59.622] [jointLog] [info] iteration = 1,200 | max rel diff. = 0.0813515
[2024-05-02 16:01:04.009] [jointLog] [info] iteration = 1,300 | max rel diff. = 0.607431
[2024-05-02 16:01:08.385] [jointLog] [info] iteration = 1,400 | max rel diff. = 0.338136
[2024-05-02 16:01:12.743] [jointLog] [info] iteration = 1,500 | max rel diff. = 0.0543286
[2024-05-02 16:01:17.114] [jointLog] [info] iteration = 1,600 | max rel diff. = 0.385757
[2024-05-02 16:01:21.459] [jointLog] [info] iteration = 1,700 | max rel diff. = 0.168564
[2024-05-02 16:01:24.822] [jointLog] [info] iteration = 1,778 | max rel diff. = 0.00803471
[2024-05-02 16:01:24.827] [jointLog] [info] Finished optimizer
[2024-05-02 16:01:24.827] [jointLog] [info] writing output 

