[2024-05-02 14:53:34.772] [jointLog] [info] setting maxHashResizeThreads to 6
[2024-05-02 14:53:34.772] [jointLog] [info] Fragment incompatibility prior below threshold.  Incompatible fragments will be ignored.
[2024-05-02 14:53:34.772] [jointLog] [info] Usage of --validateMappings implies use of minScoreFraction. Since not explicitly specified, it is being set to 0.65
[2024-05-02 14:53:34.772] [jointLog] [info] Setting consensusSlack to selective-alignment default of 0.35.
[2024-05-02 14:53:34.772] [jointLog] [info] parsing read library format
[2024-05-02 14:53:34.869] [jointLog] [info] There is 1 library.
[2024-05-02 14:53:34.970] [jointLog] [info] Loading pufferfish index
[2024-05-02 14:53:34.995] [jointLog] [info] Loading dense pufferfish index.
[2024-05-02 14:56:14.148] [jointLog] [info] done
[2024-05-02 14:56:14.297] [jointLog] [info] Index contained 192,825 targets
[2024-05-02 14:56:16.143] [jointLog] [info] Number of decoys : 0
[2024-05-02 15:21:25.128] [jointLog] [info] Computed 346,137 rich equivalence classes for further processing
[2024-05-02 15:21:25.128] [jointLog] [info] Counted 36,213,654 total reads in the equivalence classes 
[2024-05-02 15:21:25.134] [jointLog] [info] Number of mappings discarded because of alignment score : 12,401,984
[2024-05-02 15:21:25.134] [jointLog] [info] Number of fragments entirely discarded because of alignment score : 485,081
[2024-05-02 15:21:25.134] [jointLog] [info] Number of fragments discarded because they are best-mapped to decoys : 0
[2024-05-02 15:21:25.134] [jointLog] [info] Number of fragments discarded because they have only dovetail (discordant) mappings to valid targets : 46,450
[2024-05-02 15:21:25.134] [jointLog] [info] Mapping rate = 94.1449%

[2024-05-02 15:21:25.134] [jointLog] [info] finished quantifyLibrary()
[2024-05-02 15:21:25.148] [jointLog] [info] Starting optimizer
[2024-05-02 15:21:25.129] [fileLog] [info] 
At end of round 0
==================
Observed 38465853 total fragments (38465853 in most recent round)

[2024-05-02 15:21:27.016] [jointLog] [info] Marked 0 weighted equivalence classes as degenerate
[2024-05-02 15:21:27.080] [jointLog] [info] iteration = 0 | max rel diff. = 5087.57
[2024-05-02 15:21:27.670] [jointLog] [info] iteration 11, adjusting effective lengths to account for biases
[2024-05-02 15:23:16.123] [jointLog] [info] Computed expected counts (for bias correction)
[2024-05-02 15:23:16.123] [jointLog] [info] processed bias for 0.1% of the transcripts
[2024-05-02 15:23:23.560] [jointLog] [info] processed bias for 10.0% of the transcripts
[2024-05-02 15:23:30.880] [jointLog] [info] processed bias for 20.0% of the transcripts
[2024-05-02 15:23:38.925] [jointLog] [info] processed bias for 30.0% of the transcripts
[2024-05-02 15:23:47.373] [jointLog] [info] processed bias for 40.0% of the transcripts
[2024-05-02 15:23:56.453] [jointLog] [info] processed bias for 50.0% of the transcripts
[2024-05-02 15:24:05.314] [jointLog] [info] processed bias for 60.0% of the transcripts
[2024-05-02 15:24:14.829] [jointLog] [info] processed bias for 70.0% of the transcripts
[2024-05-02 15:24:23.562] [jointLog] [info] processed bias for 80.0% of the transcripts
[2024-05-02 15:24:33.251] [jointLog] [info] processed bias for 90.0% of the transcripts
[2024-05-02 15:24:35.414] [jointLog] [info] processed bias for 100.0% of the transcripts
[2024-05-02 15:24:35.415] [jointLog] [info] processed bias for 100.0% of the transcripts
[2024-05-02 15:24:40.710] [jointLog] [info] iteration = 100 | max rel diff. = 14.8345
[2024-05-02 15:24:46.524] [jointLog] [info] iteration = 200 | max rel diff. = 13.8923
[2024-05-02 15:24:52.318] [jointLog] [info] iteration = 300 | max rel diff. = 3.29673
[2024-05-02 15:24:58.129] [jointLog] [info] iteration = 400 | max rel diff. = 0.551184
[2024-05-02 15:25:03.928] [jointLog] [info] iteration = 500 | max rel diff. = 0.613574
[2024-05-02 15:25:09.719] [jointLog] [info] iteration = 600 | max rel diff. = 0.497755
[2024-05-02 15:25:15.512] [jointLog] [info] iteration = 700 | max rel diff. = 0.768937
[2024-05-02 15:25:21.321] [jointLog] [info] iteration = 800 | max rel diff. = 0.243611
[2024-05-02 15:25:27.115] [jointLog] [info] iteration = 900 | max rel diff. = 1.16162
[2024-05-02 15:25:32.930] [jointLog] [info] iteration = 1,000 | max rel diff. = 1.22046
[2024-05-02 15:25:38.728] [jointLog] [info] iteration = 1,100 | max rel diff. = 0.168738
[2024-05-02 15:25:44.540] [jointLog] [info] iteration = 1,200 | max rel diff. = 6.63756
[2024-05-02 15:25:50.330] [jointLog] [info] iteration = 1,300 | max rel diff. = 0.0625301
[2024-05-02 15:25:56.130] [jointLog] [info] iteration = 1,400 | max rel diff. = 0.0302926
[2024-05-02 15:26:01.932] [jointLog] [info] iteration = 1,500 | max rel diff. = 0.091498
[2024-05-02 15:26:07.734] [jointLog] [info] iteration = 1,600 | max rel diff. = 0.0735287
[2024-05-02 15:26:13.542] [jointLog] [info] iteration = 1,700 | max rel diff. = 0.647919
[2024-05-02 15:26:19.333] [jointLog] [info] iteration = 1,800 | max rel diff. = 0.046796
[2024-05-02 15:26:25.125] [jointLog] [info] iteration = 1,900 | max rel diff. = 0.564066
[2024-05-02 15:26:30.933] [jointLog] [info] iteration = 2,000 | max rel diff. = 0.111466
[2024-05-02 15:26:36.730] [jointLog] [info] iteration = 2,100 | max rel diff. = 2.69435
[2024-05-02 15:26:42.524] [jointLog] [info] iteration = 2,200 | max rel diff. = 0.0276073
[2024-05-02 15:26:46.999] [jointLog] [info] iteration = 2,278 | max rel diff. = 0.00854928
[2024-05-02 15:26:47.018] [jointLog] [info] Finished optimizer
[2024-05-02 15:26:47.018] [jointLog] [info] writing output 

