[2024-05-02 14:53:21.946] [jointLog] [info] setting maxHashResizeThreads to 6
[2024-05-02 14:53:21.946] [jointLog] [info] Fragment incompatibility prior below threshold.  Incompatible fragments will be ignored.
[2024-05-02 14:53:21.946] [jointLog] [info] Usage of --validateMappings implies use of minScoreFraction. Since not explicitly specified, it is being set to 0.65
[2024-05-02 14:53:21.947] [jointLog] [info] Setting consensusSlack to selective-alignment default of 0.35.
[2024-05-02 14:53:21.947] [jointLog] [info] parsing read library format
[2024-05-02 14:53:21.950] [jointLog] [info] There is 1 library.
[2024-05-02 14:53:21.957] [jointLog] [info] Loading pufferfish index
[2024-05-02 14:53:21.959] [jointLog] [info] Loading dense pufferfish index.
[2024-05-02 14:53:27.241] [jointLog] [info] done
[2024-05-02 14:53:27.263] [jointLog] [info] Index contained 192,825 targets
[2024-05-02 14:53:28.568] [jointLog] [info] Number of decoys : 0
[2024-05-02 15:09:35.900] [fileLog] [info] 
At end of round 0
==================
Observed 33999104 total fragments (33999104 in most recent round)

[2024-05-02 15:09:35.899] [jointLog] [info] Computed 331,820 rich equivalence classes for further processing
[2024-05-02 15:09:35.899] [jointLog] [info] Counted 32,213,665 total reads in the equivalence classes 
[2024-05-02 15:09:35.904] [jointLog] [info] Number of mappings discarded because of alignment score : 11,331,082
[2024-05-02 15:09:35.904] [jointLog] [info] Number of fragments entirely discarded because of alignment score : 387,691
[2024-05-02 15:09:35.904] [jointLog] [info] Number of fragments discarded because they are best-mapped to decoys : 0
[2024-05-02 15:09:35.904] [jointLog] [info] Number of fragments discarded because they have only dovetail (discordant) mappings to valid targets : 39,543
[2024-05-02 15:09:35.904] [jointLog] [info] Mapping rate = 94.7486%

[2024-05-02 15:09:35.904] [jointLog] [info] finished quantifyLibrary()
[2024-05-02 15:09:35.913] [jointLog] [info] Starting optimizer
[2024-05-02 15:09:36.014] [jointLog] [info] Marked 0 weighted equivalence classes as degenerate
[2024-05-02 15:09:36.043] [jointLog] [info] iteration = 0 | max rel diff. = 58.4283
[2024-05-02 15:09:36.330] [jointLog] [info] iteration 11, adjusting effective lengths to account for biases
[2024-05-02 15:12:10.868] [jointLog] [info] Computed expected counts (for bias correction)
[2024-05-02 15:12:10.868] [jointLog] [info] processed bias for 0.1% of the transcripts
[2024-05-02 15:12:16.813] [jointLog] [info] processed bias for 10.0% of the transcripts
[2024-05-02 15:12:22.573] [jointLog] [info] processed bias for 20.0% of the transcripts
[2024-05-02 15:12:29.055] [jointLog] [info] processed bias for 30.0% of the transcripts
[2024-05-02 15:12:35.823] [jointLog] [info] processed bias for 40.0% of the transcripts
[2024-05-02 15:12:43.139] [jointLog] [info] processed bias for 50.0% of the transcripts
[2024-05-02 15:12:50.324] [jointLog] [info] processed bias for 60.0% of the transcripts
[2024-05-02 15:12:58.124] [jointLog] [info] processed bias for 70.0% of the transcripts
[2024-05-02 15:13:05.215] [jointLog] [info] processed bias for 80.0% of the transcripts
[2024-05-02 15:13:13.054] [jointLog] [info] processed bias for 90.0% of the transcripts
[2024-05-02 15:13:14.782] [jointLog] [info] processed bias for 100.0% of the transcripts
[2024-05-02 15:13:14.783] [jointLog] [info] processed bias for 100.0% of the transcripts
[2024-05-02 15:13:17.500] [jointLog] [info] iteration = 100 | max rel diff. = 0.156313
[2024-05-02 15:13:20.443] [jointLog] [info] iteration = 200 | max rel diff. = 0.0698279
[2024-05-02 15:13:23.371] [jointLog] [info] iteration = 300 | max rel diff. = 0.0397225
[2024-05-02 15:13:26.266] [jointLog] [info] iteration = 400 | max rel diff. = 0.0313607
[2024-05-02 15:13:29.149] [jointLog] [info] iteration = 500 | max rel diff. = 0.0266229
[2024-05-02 15:13:32.051] [jointLog] [info] iteration = 600 | max rel diff. = 0.020162
[2024-05-02 15:13:35.016] [jointLog] [info] iteration = 700 | max rel diff. = 0.0171751
[2024-05-02 15:13:37.980] [jointLog] [info] iteration = 800 | max rel diff. = 0.0163647
[2024-05-02 15:13:40.957] [jointLog] [info] iteration = 900 | max rel diff. = 0.0147604
[2024-05-02 15:13:43.927] [jointLog] [info] iteration = 1,000 | max rel diff. = 0.0155868
[2024-05-02 15:13:46.876] [jointLog] [info] iteration = 1,100 | max rel diff. = 0.0165036
[2024-05-02 15:13:49.864] [jointLog] [info] iteration = 1,200 | max rel diff. = 0.0101022
[2024-05-02 15:13:50.680] [jointLog] [info] iteration = 1,228 | max rel diff. = 0.00920376
[2024-05-02 15:13:50.685] [jointLog] [info] Finished optimizer
[2024-05-02 15:13:50.685] [jointLog] [info] writing output 

