[2024-05-02 17:29:30.729] [jointLog] [info] setting maxHashResizeThreads to 6
[2024-05-02 17:29:30.729] [jointLog] [info] Fragment incompatibility prior below threshold.  Incompatible fragments will be ignored.
[2024-05-02 17:29:30.729] [jointLog] [info] Usage of --validateMappings implies use of minScoreFraction. Since not explicitly specified, it is being set to 0.65
[2024-05-02 17:29:30.730] [jointLog] [info] Setting consensusSlack to selective-alignment default of 0.35.
[2024-05-02 17:29:30.730] [jointLog] [info] parsing read library format
[2024-05-02 17:29:30.733] [jointLog] [info] There is 1 library.
[2024-05-02 17:29:30.738] [jointLog] [info] Loading pufferfish index
[2024-05-02 17:29:30.740] [jointLog] [info] Loading dense pufferfish index.
[2024-05-02 17:29:34.110] [jointLog] [info] done
[2024-05-02 17:29:34.146] [jointLog] [info] Index contained 192,825 targets
[2024-05-02 17:29:35.519] [jointLog] [info] Number of decoys : 0
[2024-05-02 17:46:42.261] [fileLog] [info] 
At end of round 0
==================
Observed 37796406 total fragments (37796406 in most recent round)

[2024-05-02 17:46:42.260] [jointLog] [info] Computed 344,878 rich equivalence classes for further processing
[2024-05-02 17:46:42.260] [jointLog] [info] Counted 35,919,038 total reads in the equivalence classes 
[2024-05-02 17:46:42.265] [jointLog] [info] Number of mappings discarded because of alignment score : 12,141,331
[2024-05-02 17:46:42.265] [jointLog] [info] Number of fragments entirely discarded because of alignment score : 446,743
[2024-05-02 17:46:42.265] [jointLog] [info] Number of fragments discarded because they are best-mapped to decoys : 0
[2024-05-02 17:46:42.265] [jointLog] [info] Number of fragments discarded because they have only dovetail (discordant) mappings to valid targets : 37,748
[2024-05-02 17:46:42.265] [jointLog] [info] Mapping rate = 95.0329%

[2024-05-02 17:46:42.265] [jointLog] [info] finished quantifyLibrary()
[2024-05-02 17:46:42.279] [jointLog] [info] Starting optimizer
[2024-05-02 17:46:42.382] [jointLog] [info] Marked 0 weighted equivalence classes as degenerate
[2024-05-02 17:46:42.431] [jointLog] [info] iteration = 0 | max rel diff. = 5236.12
[2024-05-02 17:46:42.868] [jointLog] [info] iteration 11, adjusting effective lengths to account for biases
[2024-05-02 17:48:45.733] [jointLog] [info] Computed expected counts (for bias correction)
[2024-05-02 17:48:45.733] [jointLog] [info] processed bias for 0.1% of the transcripts
[2024-05-02 17:48:50.526] [jointLog] [info] processed bias for 10.0% of the transcripts
[2024-05-02 17:48:55.237] [jointLog] [info] processed bias for 20.0% of the transcripts
[2024-05-02 17:49:00.604] [jointLog] [info] processed bias for 30.0% of the transcripts
[2024-05-02 17:49:06.208] [jointLog] [info] processed bias for 40.0% of the transcripts
[2024-05-02 17:49:12.001] [jointLog] [info] processed bias for 50.0% of the transcripts
[2024-05-02 17:49:17.853] [jointLog] [info] processed bias for 60.0% of the transcripts
[2024-05-02 17:49:24.150] [jointLog] [info] processed bias for 70.0% of the transcripts
[2024-05-02 17:49:29.875] [jointLog] [info] processed bias for 80.0% of the transcripts
[2024-05-02 17:49:36.216] [jointLog] [info] processed bias for 90.0% of the transcripts
[2024-05-02 17:49:37.706] [jointLog] [info] processed bias for 100.0% of the transcripts
[2024-05-02 17:49:37.707] [jointLog] [info] processed bias for 100.0% of the transcripts
[2024-05-02 17:49:41.746] [jointLog] [info] iteration = 100 | max rel diff. = 17.0808
[2024-05-02 17:49:46.066] [jointLog] [info] iteration = 200 | max rel diff. = 11.3044
[2024-05-02 17:49:50.451] [jointLog] [info] iteration = 300 | max rel diff. = 14.8591
[2024-05-02 17:49:54.834] [jointLog] [info] iteration = 400 | max rel diff. = 1.03696
[2024-05-02 17:49:59.193] [jointLog] [info] iteration = 500 | max rel diff. = 1.09273
[2024-05-02 17:50:03.597] [jointLog] [info] iteration = 600 | max rel diff. = 0.339313
[2024-05-02 17:50:07.981] [jointLog] [info] iteration = 700 | max rel diff. = 0.785167
[2024-05-02 17:50:12.342] [jointLog] [info] iteration = 800 | max rel diff. = 0.199704
[2024-05-02 17:50:16.711] [jointLog] [info] iteration = 900 | max rel diff. = 4.73974
[2024-05-02 17:50:21.088] [jointLog] [info] iteration = 1,000 | max rel diff. = 0.147261
[2024-05-02 17:50:25.457] [jointLog] [info] iteration = 1,100 | max rel diff. = 0.162737
[2024-05-02 17:50:29.838] [jointLog] [info] iteration = 1,200 | max rel diff. = 0.06468
[2024-05-02 17:50:34.249] [jointLog] [info] iteration = 1,300 | max rel diff. = 0.0953126
[2024-05-02 17:50:38.629] [jointLog] [info] iteration = 1,400 | max rel diff. = 0.0704359
[2024-05-02 17:50:43.005] [jointLog] [info] iteration = 1,500 | max rel diff. = 0.724126
[2024-05-02 17:50:47.392] [jointLog] [info] iteration = 1,600 | max rel diff. = 0.0815816
[2024-05-02 17:50:51.790] [jointLog] [info] iteration = 1,700 | max rel diff. = 0.0588595
[2024-05-02 17:50:56.174] [jointLog] [info] iteration = 1,800 | max rel diff. = 0.0314367
[2024-05-02 17:51:00.555] [jointLog] [info] iteration = 1,900 | max rel diff. = 0.0133557
[2024-05-02 17:51:04.954] [jointLog] [info] iteration = 2,000 | max rel diff. = 0.113115
[2024-05-02 17:51:09.367] [jointLog] [info] iteration = 2,100 | max rel diff. = 0.259097
[2024-05-02 17:51:13.723] [jointLog] [info] iteration = 2,200 | max rel diff. = 0.0421135
[2024-05-02 17:51:15.238] [jointLog] [info] iteration = 2,236 | max rel diff. = 0.0037745
[2024-05-02 17:51:15.243] [jointLog] [info] Finished optimizer
[2024-05-02 17:51:15.243] [jointLog] [info] writing output 

