[2024-05-02 17:29:30.673] [jointLog] [info] setting maxHashResizeThreads to 6
[2024-05-02 17:29:30.673] [jointLog] [info] Fragment incompatibility prior below threshold.  Incompatible fragments will be ignored.
[2024-05-02 17:29:30.673] [jointLog] [info] Usage of --validateMappings implies use of minScoreFraction. Since not explicitly specified, it is being set to 0.65
[2024-05-02 17:29:30.674] [jointLog] [info] Setting consensusSlack to selective-alignment default of 0.35.
[2024-05-02 17:29:30.674] [jointLog] [info] parsing read library format
[2024-05-02 17:29:30.677] [jointLog] [info] There is 1 library.
[2024-05-02 17:29:30.682] [jointLog] [info] Loading pufferfish index
[2024-05-02 17:29:30.685] [jointLog] [info] Loading dense pufferfish index.
[2024-05-02 17:29:34.115] [jointLog] [info] done
[2024-05-02 17:29:34.143] [jointLog] [info] Index contained 192,825 targets
[2024-05-02 17:29:35.552] [jointLog] [info] Number of decoys : 0
[2024-05-02 17:45:44.187] [fileLog] [info] 
At end of round 0
==================
Observed 34567489 total fragments (34567489 in most recent round)

[2024-05-02 17:45:44.186] [jointLog] [info] Computed 334,639 rich equivalence classes for further processing
[2024-05-02 17:45:44.186] [jointLog] [info] Counted 32,484,617 total reads in the equivalence classes 
[2024-05-02 17:45:44.191] [jointLog] [info] Number of mappings discarded because of alignment score : 11,380,403
[2024-05-02 17:45:44.191] [jointLog] [info] Number of fragments entirely discarded because of alignment score : 430,274
[2024-05-02 17:45:44.191] [jointLog] [info] Number of fragments discarded because they are best-mapped to decoys : 0
[2024-05-02 17:45:44.191] [jointLog] [info] Number of fragments discarded because they have only dovetail (discordant) mappings to valid targets : 38,093
[2024-05-02 17:45:44.191] [jointLog] [info] Mapping rate = 93.9745%

[2024-05-02 17:45:44.191] [jointLog] [info] finished quantifyLibrary()
[2024-05-02 17:45:44.201] [jointLog] [info] Starting optimizer
[2024-05-02 17:45:44.303] [jointLog] [info] Marked 0 weighted equivalence classes as degenerate
[2024-05-02 17:45:44.350] [jointLog] [info] iteration = 0 | max rel diff. = 5896.26
[2024-05-02 17:45:44.784] [jointLog] [info] iteration 11, adjusting effective lengths to account for biases
[2024-05-02 17:47:47.614] [jointLog] [info] Computed expected counts (for bias correction)
[2024-05-02 17:47:47.614] [jointLog] [info] processed bias for 0.1% of the transcripts
[2024-05-02 17:47:52.411] [jointLog] [info] processed bias for 10.0% of the transcripts
[2024-05-02 17:47:57.140] [jointLog] [info] processed bias for 20.0% of the transcripts
[2024-05-02 17:48:02.363] [jointLog] [info] processed bias for 30.0% of the transcripts
[2024-05-02 17:48:07.840] [jointLog] [info] processed bias for 40.0% of the transcripts
[2024-05-02 17:48:13.646] [jointLog] [info] processed bias for 50.0% of the transcripts
[2024-05-02 17:48:19.344] [jointLog] [info] processed bias for 60.0% of the transcripts
[2024-05-02 17:48:25.564] [jointLog] [info] processed bias for 70.0% of the transcripts
[2024-05-02 17:48:31.220] [jointLog] [info] processed bias for 80.0% of the transcripts
[2024-05-02 17:48:37.485] [jointLog] [info] processed bias for 90.0% of the transcripts
[2024-05-02 17:48:38.893] [jointLog] [info] processed bias for 100.0% of the transcripts
[2024-05-02 17:48:38.893] [jointLog] [info] processed bias for 100.0% of the transcripts
[2024-05-02 17:48:42.854] [jointLog] [info] iteration = 100 | max rel diff. = 16.6931
[2024-05-02 17:48:47.155] [jointLog] [info] iteration = 200 | max rel diff. = 9.50495
[2024-05-02 17:48:51.460] [jointLog] [info] iteration = 300 | max rel diff. = 8.63274
[2024-05-02 17:48:55.758] [jointLog] [info] iteration = 400 | max rel diff. = 6.87856
[2024-05-02 17:49:00.032] [jointLog] [info] iteration = 500 | max rel diff. = 1.3209
[2024-05-02 17:49:04.299] [jointLog] [info] iteration = 600 | max rel diff. = 18.0767
[2024-05-02 17:49:08.567] [jointLog] [info] iteration = 700 | max rel diff. = 0.943501
[2024-05-02 17:49:12.885] [jointLog] [info] iteration = 800 | max rel diff. = 1.08017
[2024-05-02 17:49:17.180] [jointLog] [info] iteration = 900 | max rel diff. = 0.187022
[2024-05-02 17:49:21.510] [jointLog] [info] iteration = 1,000 | max rel diff. = 16.2317
[2024-05-02 17:49:25.779] [jointLog] [info] iteration = 1,100 | max rel diff. = 0.0564277
[2024-05-02 17:49:30.043] [jointLog] [info] iteration = 1,200 | max rel diff. = 0.457167
[2024-05-02 17:49:34.353] [jointLog] [info] iteration = 1,300 | max rel diff. = 0.273353
[2024-05-02 17:49:38.657] [jointLog] [info] iteration = 1,400 | max rel diff. = 1.43503
[2024-05-02 17:49:42.952] [jointLog] [info] iteration = 1,500 | max rel diff. = 0.0263879
[2024-05-02 17:49:47.279] [jointLog] [info] iteration = 1,600 | max rel diff. = 0.837833
[2024-05-02 17:49:51.557] [jointLog] [info] iteration = 1,700 | max rel diff. = 0.469318
[2024-05-02 17:49:55.849] [jointLog] [info] iteration = 1,800 | max rel diff. = 0.029693
[2024-05-02 17:50:00.113] [jointLog] [info] iteration = 1,900 | max rel diff. = 0.0223443
[2024-05-02 17:50:04.406] [jointLog] [info] iteration = 2,000 | max rel diff. = 0.0259746
[2024-05-02 17:50:08.720] [jointLog] [info] iteration = 2,100 | max rel diff. = 0.0619148
[2024-05-02 17:50:13.007] [jointLog] [info] iteration = 2,200 | max rel diff. = 0.0277685
[2024-05-02 17:50:17.292] [jointLog] [info] iteration = 2,300 | max rel diff. = 0.0224228
[2024-05-02 17:50:19.921] [jointLog] [info] iteration = 2,362 | max rel diff. = 0.00290402
[2024-05-02 17:50:19.925] [jointLog] [info] Finished optimizer
[2024-05-02 17:50:19.925] [jointLog] [info] writing output 

