[2024-05-02 17:29:30.863] [jointLog] [info] setting maxHashResizeThreads to 6
[2024-05-02 17:29:30.863] [jointLog] [info] Fragment incompatibility prior below threshold.  Incompatible fragments will be ignored.
[2024-05-02 17:29:30.863] [jointLog] [info] Usage of --validateMappings implies use of minScoreFraction. Since not explicitly specified, it is being set to 0.65
[2024-05-02 17:29:30.865] [jointLog] [info] Setting consensusSlack to selective-alignment default of 0.35.
[2024-05-02 17:29:30.865] [jointLog] [info] parsing read library format
[2024-05-02 17:29:30.869] [jointLog] [info] There is 1 library.
[2024-05-02 17:29:30.878] [jointLog] [info] Loading pufferfish index
[2024-05-02 17:29:30.880] [jointLog] [info] Loading dense pufferfish index.
[2024-05-02 17:29:34.110] [jointLog] [info] done
[2024-05-02 17:29:34.136] [jointLog] [info] Index contained 192,825 targets
[2024-05-02 17:29:35.510] [jointLog] [info] Number of decoys : 0
[2024-05-02 17:46:54.557] [jointLog] [info] Computed 344,839 rich equivalence classes for further processing
[2024-05-02 17:46:54.557] [jointLog] [info] Counted 35,814,161 total reads in the equivalence classes 
[2024-05-02 17:46:54.562] [jointLog] [info] Number of mappings discarded because of alignment score : 11,917,058
[2024-05-02 17:46:54.562] [jointLog] [info] Number of fragments entirely discarded because of alignment score : 459,031
[2024-05-02 17:46:54.562] [jointLog] [info] Number of fragments discarded because they are best-mapped to decoys : 0
[2024-05-02 17:46:54.562] [jointLog] [info] Number of fragments discarded because they have only dovetail (discordant) mappings to valid targets : 36,191
[2024-05-02 17:46:54.562] [jointLog] [info] Mapping rate = 94.8045%

[2024-05-02 17:46:54.563] [jointLog] [info] finished quantifyLibrary()
[2024-05-02 17:46:54.576] [jointLog] [info] Starting optimizer
[2024-05-02 17:46:54.558] [fileLog] [info] 
At end of round 0
==================
Observed 37776855 total fragments (37776855 in most recent round)

[2024-05-02 17:46:54.685] [jointLog] [info] Marked 0 weighted equivalence classes as degenerate
[2024-05-02 17:46:54.734] [jointLog] [info] iteration = 0 | max rel diff. = 5246.78
[2024-05-02 17:46:55.184] [jointLog] [info] iteration 11, adjusting effective lengths to account for biases
[2024-05-02 17:48:58.945] [jointLog] [info] Computed expected counts (for bias correction)
[2024-05-02 17:48:58.945] [jointLog] [info] processed bias for 0.1% of the transcripts
[2024-05-02 17:49:03.749] [jointLog] [info] processed bias for 10.0% of the transcripts
[2024-05-02 17:49:08.466] [jointLog] [info] processed bias for 20.0% of the transcripts
[2024-05-02 17:49:13.713] [jointLog] [info] processed bias for 30.0% of the transcripts
[2024-05-02 17:49:19.237] [jointLog] [info] processed bias for 40.0% of the transcripts
[2024-05-02 17:49:25.103] [jointLog] [info] processed bias for 50.0% of the transcripts
[2024-05-02 17:49:30.886] [jointLog] [info] processed bias for 60.0% of the transcripts
[2024-05-02 17:49:37.117] [jointLog] [info] processed bias for 70.0% of the transcripts
[2024-05-02 17:49:42.766] [jointLog] [info] processed bias for 80.0% of the transcripts
[2024-05-02 17:49:49.083] [jointLog] [info] processed bias for 90.0% of the transcripts
[2024-05-02 17:49:50.499] [jointLog] [info] processed bias for 100.0% of the transcripts
[2024-05-02 17:49:50.499] [jointLog] [info] processed bias for 100.0% of the transcripts
[2024-05-02 17:49:54.465] [jointLog] [info] iteration = 100 | max rel diff. = 20.5031
[2024-05-02 17:49:58.764] [jointLog] [info] iteration = 200 | max rel diff. = 6.50135
[2024-05-02 17:50:03.074] [jointLog] [info] iteration = 300 | max rel diff. = 20.1515
[2024-05-02 17:50:07.369] [jointLog] [info] iteration = 400 | max rel diff. = 2.06103
[2024-05-02 17:50:11.732] [jointLog] [info] iteration = 500 | max rel diff. = 0.35396
[2024-05-02 17:50:16.067] [jointLog] [info] iteration = 600 | max rel diff. = 0.319107
[2024-05-02 17:50:20.391] [jointLog] [info] iteration = 700 | max rel diff. = 1.43337
[2024-05-02 17:50:24.713] [jointLog] [info] iteration = 800 | max rel diff. = 0.0365133
[2024-05-02 17:50:29.019] [jointLog] [info] iteration = 900 | max rel diff. = 0.189177
[2024-05-02 17:50:33.310] [jointLog] [info] iteration = 1,000 | max rel diff. = 0.267739
[2024-05-02 17:50:37.651] [jointLog] [info] iteration = 1,100 | max rel diff. = 0.0881311
[2024-05-02 17:50:41.980] [jointLog] [info] iteration = 1,200 | max rel diff. = 13.8175
[2024-05-02 17:50:46.337] [jointLog] [info] iteration = 1,300 | max rel diff. = 0.0943334
[2024-05-02 17:50:50.624] [jointLog] [info] iteration = 1,400 | max rel diff. = 0.132639
[2024-05-02 17:50:54.910] [jointLog] [info] iteration = 1,500 | max rel diff. = 0.0827148
[2024-05-02 17:50:59.249] [jointLog] [info] iteration = 1,600 | max rel diff. = 0.145698
[2024-05-02 17:51:03.575] [jointLog] [info] iteration = 1,700 | max rel diff. = 0.157547
[2024-05-02 17:51:07.936] [jointLog] [info] iteration = 1,800 | max rel diff. = 5.35726
[2024-05-02 17:51:11.832] [jointLog] [info] iteration = 1,891 | max rel diff. = 0.00837843
[2024-05-02 17:51:11.836] [jointLog] [info] Finished optimizer
[2024-05-02 17:51:11.836] [jointLog] [info] writing output 

