[2024-05-02 15:40:39.769] [jointLog] [info] setting maxHashResizeThreads to 6
[2024-05-02 15:40:39.769] [jointLog] [info] Fragment incompatibility prior below threshold.  Incompatible fragments will be ignored.
[2024-05-02 15:40:39.769] [jointLog] [info] Usage of --validateMappings implies use of minScoreFraction. Since not explicitly specified, it is being set to 0.65
[2024-05-02 15:40:39.769] [jointLog] [info] Setting consensusSlack to selective-alignment default of 0.35.
[2024-05-02 15:40:39.769] [jointLog] [info] parsing read library format
[2024-05-02 15:40:39.769] [jointLog] [info] There is 1 library.
[2024-05-02 15:40:39.774] [jointLog] [info] Loading pufferfish index
[2024-05-02 15:40:39.775] [jointLog] [info] Loading dense pufferfish index.
[2024-05-02 15:40:43.739] [jointLog] [info] done
[2024-05-02 15:40:43.758] [jointLog] [info] Index contained 192,825 targets
[2024-05-02 15:40:45.030] [jointLog] [info] Number of decoys : 0
[2024-05-02 15:58:10.825] [jointLog] [info] Computed 344,822 rich equivalence classes for further processing
[2024-05-02 15:58:10.825] [jointLog] [info] Counted 35,814,161 total reads in the equivalence classes 
[2024-05-02 15:58:10.830] [jointLog] [info] Number of mappings discarded because of alignment score : 11,917,058
[2024-05-02 15:58:10.830] [jointLog] [info] Number of fragments entirely discarded because of alignment score : 459,031
[2024-05-02 15:58:10.830] [jointLog] [info] Number of fragments discarded because they are best-mapped to decoys : 0
[2024-05-02 15:58:10.830] [jointLog] [info] Number of fragments discarded because they have only dovetail (discordant) mappings to valid targets : 36,191
[2024-05-02 15:58:10.830] [jointLog] [info] Mapping rate = 94.8045%

[2024-05-02 15:58:10.830] [jointLog] [info] finished quantifyLibrary()
[2024-05-02 15:58:10.825] [fileLog] [info] 
At end of round 0
==================
Observed 37776855 total fragments (37776855 in most recent round)

[2024-05-02 15:58:10.834] [jointLog] [info] Starting optimizer
[2024-05-02 15:58:10.932] [jointLog] [info] Marked 0 weighted equivalence classes as degenerate
[2024-05-02 15:58:10.980] [jointLog] [info] iteration = 0 | max rel diff. = 5245.96
[2024-05-02 15:58:11.421] [jointLog] [info] iteration 11, adjusting effective lengths to account for biases
[2024-05-02 16:00:15.091] [jointLog] [info] Computed expected counts (for bias correction)
[2024-05-02 16:00:15.091] [jointLog] [info] processed bias for 0.1% of the transcripts
[2024-05-02 16:00:19.864] [jointLog] [info] processed bias for 10.0% of the transcripts
[2024-05-02 16:00:24.548] [jointLog] [info] processed bias for 20.0% of the transcripts
[2024-05-02 16:00:29.748] [jointLog] [info] processed bias for 30.0% of the transcripts
[2024-05-02 16:00:35.231] [jointLog] [info] processed bias for 40.0% of the transcripts
[2024-05-02 16:00:41.055] [jointLog] [info] processed bias for 50.0% of the transcripts
[2024-05-02 16:00:46.798] [jointLog] [info] processed bias for 60.0% of the transcripts
[2024-05-02 16:00:52.983] [jointLog] [info] processed bias for 70.0% of the transcripts
[2024-05-02 16:00:58.591] [jointLog] [info] processed bias for 80.0% of the transcripts
[2024-05-02 16:01:04.864] [jointLog] [info] processed bias for 90.0% of the transcripts
[2024-05-02 16:01:06.269] [jointLog] [info] processed bias for 100.0% of the transcripts
[2024-05-02 16:01:06.269] [jointLog] [info] processed bias for 100.0% of the transcripts
[2024-05-02 16:01:10.173] [jointLog] [info] iteration = 100 | max rel diff. = 20.454
[2024-05-02 16:01:14.474] [jointLog] [info] iteration = 200 | max rel diff. = 17.9993
[2024-05-02 16:01:18.761] [jointLog] [info] iteration = 300 | max rel diff. = 18.6631
[2024-05-02 16:01:23.034] [jointLog] [info] iteration = 400 | max rel diff. = 1.581
[2024-05-02 16:01:27.351] [jointLog] [info] iteration = 500 | max rel diff. = 0.559662
[2024-05-02 16:01:31.627] [jointLog] [info] iteration = 600 | max rel diff. = 0.427869
[2024-05-02 16:01:35.924] [jointLog] [info] iteration = 700 | max rel diff. = 1.34133
[2024-05-02 16:01:40.194] [jointLog] [info] iteration = 800 | max rel diff. = 0.0411328
[2024-05-02 16:01:44.472] [jointLog] [info] iteration = 900 | max rel diff. = 0.700618
[2024-05-02 16:01:48.773] [jointLog] [info] iteration = 1,000 | max rel diff. = 0.184431
[2024-05-02 16:01:53.054] [jointLog] [info] iteration = 1,100 | max rel diff. = 0.0907948
[2024-05-02 16:01:57.374] [jointLog] [info] iteration = 1,200 | max rel diff. = 0.445349
[2024-05-02 16:02:01.678] [jointLog] [info] iteration = 1,300 | max rel diff. = 0.339106
[2024-05-02 16:02:05.986] [jointLog] [info] iteration = 1,400 | max rel diff. = 0.336872
[2024-05-02 16:02:10.241] [jointLog] [info] iteration = 1,500 | max rel diff. = 0.0755797
[2024-05-02 16:02:14.504] [jointLog] [info] iteration = 1,600 | max rel diff. = 0.0492173
[2024-05-02 16:02:18.817] [jointLog] [info] iteration = 1,700 | max rel diff. = 0.304766
[2024-05-02 16:02:23.080] [jointLog] [info] iteration = 1,800 | max rel diff. = 0.0192225
[2024-05-02 16:02:27.363] [jointLog] [info] iteration = 1,900 | max rel diff. = 0.0816815
[2024-05-02 16:02:31.679] [jointLog] [info] iteration = 2,000 | max rel diff. = 0.0722101
[2024-05-02 16:02:35.993] [jointLog] [info] iteration = 2,100 | max rel diff. = 0.0160997
[2024-05-02 16:02:40.276] [jointLog] [info] iteration = 2,200 | max rel diff. = 0.041424
[2024-05-02 16:02:44.559] [jointLog] [info] iteration = 2,300 | max rel diff. = 0.1152
[2024-05-02 16:02:48.850] [jointLog] [info] iteration = 2,400 | max rel diff. = 0.196919
[2024-05-02 16:02:53.153] [jointLog] [info] iteration = 2,500 | max rel diff. = 0.0157214
[2024-05-02 16:02:57.436] [jointLog] [info] iteration = 2,600 | max rel diff. = 0.0306237
[2024-05-02 16:02:58.772] [jointLog] [info] iteration = 2,632 | max rel diff. = 0.00603195
[2024-05-02 16:02:58.777] [jointLog] [info] Finished optimizer
[2024-05-02 16:02:58.777] [jointLog] [info] writing output 

