[2024-04-25 16:15:23.026] [jointLog] [info] setting maxHashResizeThreads to 8
[2024-04-25 16:15:23.026] [jointLog] [info] Fragment incompatibility prior below threshold.  Incompatible fragments will be ignored.
[2024-04-25 16:15:23.026] [jointLog] [info] Usage of --validateMappings implies use of minScoreFraction. Since not explicitly specified, it is being set to 0.65
[2024-04-25 16:15:23.026] [jointLog] [info] Setting consensusSlack to selective-alignment default of 0.35.
[2024-04-25 16:15:23.026] [jointLog] [info] parsing read library format
[2024-04-25 16:15:23.027] [jointLog] [info] There is 1 library.
[2024-04-25 16:15:23.033] [jointLog] [info] Loading pufferfish index
[2024-04-25 16:15:23.034] [jointLog] [info] Loading dense pufferfish index.
[2024-04-25 16:15:26.630] [jointLog] [info] done
[2024-04-25 16:15:26.757] [jointLog] [info] Index contained 192,825 targets
[2024-04-25 16:15:26.809] [jointLog] [info] Number of decoys : 0
[2024-04-25 16:15:29.342] [jointLog] [info] Automatically detected most likely library type as IU

[2024-04-25 17:13:02.690] [jointLog] [info] Computed 348,247 rich equivalence classes for further processing
[2024-04-25 17:13:02.692] [jointLog] [info] Counted 37,244,741 total reads in the equivalence classes 
[2024-04-25 17:13:02.699] [fileLog] [info] 
At end of round 0
==================
Observed 39377480 total fragments (39377480 in most recent round)

[2024-04-25 17:13:03.012] [jointLog] [info] Number of mappings discarded because of alignment score : 12,938,134
[2024-04-25 17:13:03.012] [jointLog] [info] Number of fragments entirely discarded because of alignment score : 486,237
[2024-04-25 17:13:03.012] [jointLog] [info] Number of fragments discarded because they are best-mapped to decoys : 0
[2024-04-25 17:13:03.012] [jointLog] [info] Number of fragments discarded because they have only dovetail (discordant) mappings to valid targets : 38,851
[2024-04-25 17:13:03.012] [jointLog] [info] Mapping rate = 94.5839%

[2024-04-25 17:13:03.012] [jointLog] [info] finished quantifyLibrary()
[2024-04-25 17:13:03.030] [jointLog] [info] Starting optimizer
[2024-04-25 17:13:04.016] [jointLog] [info] Marked 0 weighted equivalence classes as degenerate
[2024-04-25 17:13:04.066] [jointLog] [info] iteration = 0 | max rel diff. = 4862.7
[2024-04-25 17:13:08.563] [jointLog] [info] iteration = 100 | max rel diff. = 19.8102
[2024-04-25 17:13:13.029] [jointLog] [info] iteration = 200 | max rel diff. = 15.3606
[2024-04-25 17:13:17.542] [jointLog] [info] iteration = 300 | max rel diff. = 8.58889
[2024-04-25 17:13:22.035] [jointLog] [info] iteration = 400 | max rel diff. = 3.18751
[2024-04-25 17:13:26.555] [jointLog] [info] iteration = 500 | max rel diff. = 1.45561
[2024-04-25 17:13:31.054] [jointLog] [info] iteration = 600 | max rel diff. = 8.44529
[2024-04-25 17:13:35.509] [jointLog] [info] iteration = 700 | max rel diff. = 13.9366
[2024-04-25 17:13:39.984] [jointLog] [info] iteration = 800 | max rel diff. = 0.13188
[2024-04-25 17:13:44.481] [jointLog] [info] iteration = 900 | max rel diff. = 2.31172
[2024-04-25 17:13:48.984] [jointLog] [info] iteration = 1,000 | max rel diff. = 0.295381
[2024-04-25 17:13:53.479] [jointLog] [info] iteration = 1,100 | max rel diff. = 0.271895
[2024-04-25 17:13:57.968] [jointLog] [info] iteration = 1,200 | max rel diff. = 0.182406
[2024-04-25 17:14:02.391] [jointLog] [info] iteration = 1,300 | max rel diff. = 0.0350536
[2024-04-25 17:14:06.815] [jointLog] [info] iteration = 1,400 | max rel diff. = 1.02547
[2024-04-25 17:14:11.234] [jointLog] [info] iteration = 1,500 | max rel diff. = 0.10964
[2024-04-25 17:14:15.674] [jointLog] [info] iteration = 1,600 | max rel diff. = 0.0144574
[2024-04-25 17:14:20.178] [jointLog] [info] iteration = 1,700 | max rel diff. = 0.175916
[2024-04-25 17:14:24.637] [jointLog] [info] iteration = 1,800 | max rel diff. = 0.0540431
[2024-04-25 17:14:29.102] [jointLog] [info] iteration = 1,900 | max rel diff. = 0.288965
[2024-04-25 17:14:33.542] [jointLog] [info] iteration = 2,000 | max rel diff. = 0.0426785
[2024-04-25 17:14:37.997] [jointLog] [info] iteration = 2,100 | max rel diff. = 0.0360365
[2024-04-25 17:14:41.678] [jointLog] [info] iteration = 2,183 | max rel diff. = 0.00488463
[2024-04-25 17:14:41.687] [jointLog] [info] Finished optimizer
[2024-04-25 17:14:41.687] [jointLog] [info] writing output 

