[2024-05-02 16:54:27.218] [jointLog] [info] setting maxHashResizeThreads to 6
[2024-05-02 16:54:27.218] [jointLog] [info] Fragment incompatibility prior below threshold.  Incompatible fragments will be ignored.
[2024-05-02 16:54:27.218] [jointLog] [info] Usage of --validateMappings implies use of minScoreFraction. Since not explicitly specified, it is being set to 0.65
[2024-05-02 16:54:27.219] [jointLog] [info] Setting consensusSlack to selective-alignment default of 0.35.
[2024-05-02 16:54:27.219] [jointLog] [info] parsing read library format
[2024-05-02 16:54:27.220] [jointLog] [info] There is 1 library.
[2024-05-02 16:54:27.225] [jointLog] [info] Loading pufferfish index
[2024-05-02 16:54:27.226] [jointLog] [info] Loading dense pufferfish index.
[2024-05-02 16:54:30.333] [jointLog] [info] done
[2024-05-02 16:54:30.354] [jointLog] [info] Index contained 192,825 targets
[2024-05-02 16:54:31.722] [jointLog] [info] Number of decoys : 0
[2024-05-02 17:11:28.446] [fileLog] [info] 
At end of round 0
==================
Observed 36166436 total fragments (36166436 in most recent round)

[2024-05-02 17:11:28.445] [jointLog] [info] Computed 349,387 rich equivalence classes for further processing
[2024-05-02 17:11:28.445] [jointLog] [info] Counted 34,810,258 total reads in the equivalence classes 
[2024-05-02 17:11:28.450] [jointLog] [info] Number of mappings discarded because of alignment score : 12,443,052
[2024-05-02 17:11:28.450] [jointLog] [info] Number of fragments entirely discarded because of alignment score : 370,485
[2024-05-02 17:11:28.450] [jointLog] [info] Number of fragments discarded because they are best-mapped to decoys : 0
[2024-05-02 17:11:28.450] [jointLog] [info] Number of fragments discarded because they have only dovetail (discordant) mappings to valid targets : 44,540
[2024-05-02 17:11:28.450] [jointLog] [info] Mapping rate = 96.2502%

[2024-05-02 17:11:28.450] [jointLog] [info] finished quantifyLibrary()
[2024-05-02 17:11:28.458] [jointLog] [info] Starting optimizer
[2024-05-02 17:11:28.560] [jointLog] [info] Marked 0 weighted equivalence classes as degenerate
[2024-05-02 17:11:28.608] [jointLog] [info] iteration = 0 | max rel diff. = 5475.38
[2024-05-02 17:11:29.060] [jointLog] [info] iteration 11, adjusting effective lengths to account for biases
[2024-05-02 17:13:37.901] [jointLog] [info] Computed expected counts (for bias correction)
[2024-05-02 17:13:37.901] [jointLog] [info] processed bias for 0.1% of the transcripts
[2024-05-02 17:13:42.882] [jointLog] [info] processed bias for 10.0% of the transcripts
[2024-05-02 17:13:47.822] [jointLog] [info] processed bias for 20.0% of the transcripts
[2024-05-02 17:13:53.291] [jointLog] [info] processed bias for 30.0% of the transcripts
[2024-05-02 17:13:58.986] [jointLog] [info] processed bias for 40.0% of the transcripts
[2024-05-02 17:14:05.055] [jointLog] [info] processed bias for 50.0% of the transcripts
[2024-05-02 17:14:11.091] [jointLog] [info] processed bias for 60.0% of the transcripts
[2024-05-02 17:14:17.563] [jointLog] [info] processed bias for 70.0% of the transcripts
[2024-05-02 17:14:23.475] [jointLog] [info] processed bias for 80.0% of the transcripts
[2024-05-02 17:14:30.019] [jointLog] [info] processed bias for 90.0% of the transcripts
[2024-05-02 17:14:31.483] [jointLog] [info] processed bias for 100.0% of the transcripts
[2024-05-02 17:14:31.484] [jointLog] [info] processed bias for 100.0% of the transcripts
[2024-05-02 17:14:35.523] [jointLog] [info] iteration = 100 | max rel diff. = 18.9328
[2024-05-02 17:14:39.949] [jointLog] [info] iteration = 200 | max rel diff. = 4.46691
[2024-05-02 17:14:44.342] [jointLog] [info] iteration = 300 | max rel diff. = 14.2363
[2024-05-02 17:14:48.707] [jointLog] [info] iteration = 400 | max rel diff. = 1.61748
[2024-05-02 17:14:53.107] [jointLog] [info] iteration = 500 | max rel diff. = 10.2843
[2024-05-02 17:14:57.495] [jointLog] [info] iteration = 600 | max rel diff. = 0.259964
[2024-05-02 17:15:01.934] [jointLog] [info] iteration = 700 | max rel diff. = 0.606187
[2024-05-02 17:15:06.307] [jointLog] [info] iteration = 800 | max rel diff. = 0.208778
[2024-05-02 17:15:10.734] [jointLog] [info] iteration = 900 | max rel diff. = 0.274774
[2024-05-02 17:15:15.090] [jointLog] [info] iteration = 1,000 | max rel diff. = 0.238975
[2024-05-02 17:15:19.448] [jointLog] [info] iteration = 1,100 | max rel diff. = 20.0246
[2024-05-02 17:15:23.848] [jointLog] [info] iteration = 1,200 | max rel diff. = 4.96254
[2024-05-02 17:15:28.248] [jointLog] [info] iteration = 1,300 | max rel diff. = 0.108176
[2024-05-02 17:15:32.663] [jointLog] [info] iteration = 1,400 | max rel diff. = 0.122148
[2024-05-02 17:15:37.032] [jointLog] [info] iteration = 1,500 | max rel diff. = 0.24646
[2024-05-02 17:15:41.414] [jointLog] [info] iteration = 1,600 | max rel diff. = 0.110558
[2024-05-02 17:15:45.818] [jointLog] [info] iteration = 1,700 | max rel diff. = 0.0693822
[2024-05-02 17:15:50.216] [jointLog] [info] iteration = 1,800 | max rel diff. = 0.15227
[2024-05-02 17:15:54.598] [jointLog] [info] iteration = 1,900 | max rel diff. = 0.0239336
[2024-05-02 17:15:58.608] [jointLog] [info] iteration = 1,992 | max rel diff. = 0.00788732
[2024-05-02 17:15:58.612] [jointLog] [info] Finished optimizer
[2024-05-02 17:15:58.612] [jointLog] [info] writing output 

