[2024-05-02 14:53:23.161] [jointLog] [info] setting maxHashResizeThreads to 6
[2024-05-02 14:53:23.161] [jointLog] [info] Fragment incompatibility prior below threshold.  Incompatible fragments will be ignored.
[2024-05-02 14:53:23.161] [jointLog] [info] Usage of --validateMappings implies use of minScoreFraction. Since not explicitly specified, it is being set to 0.65
[2024-05-02 14:53:23.161] [jointLog] [info] Setting consensusSlack to selective-alignment default of 0.35.
[2024-05-02 14:53:23.161] [jointLog] [info] parsing read library format
[2024-05-02 14:53:23.185] [jointLog] [info] There is 1 library.
[2024-05-02 14:53:23.272] [jointLog] [info] Loading pufferfish index
[2024-05-02 14:53:23.514] [jointLog] [info] Loading dense pufferfish index.
[2024-05-02 14:55:29.743] [jointLog] [info] done
[2024-05-02 14:55:30.082] [jointLog] [info] Index contained 192,825 targets
[2024-05-02 14:55:32.824] [jointLog] [info] Number of decoys : 0
[2024-05-02 15:20:19.590] [fileLog] [info] 
At end of round 0
==================
Observed 34998799 total fragments (34998799 in most recent round)

[2024-05-02 15:20:19.584] [jointLog] [info] Computed 346,770 rich equivalence classes for further processing
[2024-05-02 15:20:19.584] [jointLog] [info] Counted 33,467,690 total reads in the equivalence classes 
[2024-05-02 15:20:19.596] [jointLog] [info] Number of mappings discarded because of alignment score : 12,408,644
[2024-05-02 15:20:19.596] [jointLog] [info] Number of fragments entirely discarded because of alignment score : 382,136
[2024-05-02 15:20:19.596] [jointLog] [info] Number of fragments discarded because they are best-mapped to decoys : 0
[2024-05-02 15:20:19.596] [jointLog] [info] Number of fragments discarded because they have only dovetail (discordant) mappings to valid targets : 37,128
[2024-05-02 15:20:19.596] [jointLog] [info] Mapping rate = 95.6253%

[2024-05-02 15:20:19.596] [jointLog] [info] finished quantifyLibrary()
[2024-05-02 15:20:19.617] [jointLog] [info] Starting optimizer
[2024-05-02 15:20:19.853] [jointLog] [info] Marked 0 weighted equivalence classes as degenerate
[2024-05-02 15:20:19.919] [jointLog] [info] iteration = 0 | max rel diff. = 5575.27
[2024-05-02 15:20:20.532] [jointLog] [info] iteration 11, adjusting effective lengths to account for biases
[2024-05-02 15:22:06.948] [jointLog] [info] Computed expected counts (for bias correction)
[2024-05-02 15:22:06.948] [jointLog] [info] processed bias for 0.1% of the transcripts
[2024-05-02 15:22:14.159] [jointLog] [info] processed bias for 10.0% of the transcripts
[2024-05-02 15:22:21.294] [jointLog] [info] processed bias for 20.0% of the transcripts
[2024-05-02 15:22:29.139] [jointLog] [info] processed bias for 30.0% of the transcripts
[2024-05-02 15:22:37.365] [jointLog] [info] processed bias for 40.0% of the transcripts
[2024-05-02 15:22:46.139] [jointLog] [info] processed bias for 50.0% of the transcripts
[2024-05-02 15:22:54.815] [jointLog] [info] processed bias for 60.0% of the transcripts
[2024-05-02 15:23:04.170] [jointLog] [info] processed bias for 70.0% of the transcripts
[2024-05-02 15:23:12.726] [jointLog] [info] processed bias for 80.0% of the transcripts
[2024-05-02 15:23:22.122] [jointLog] [info] processed bias for 90.0% of the transcripts
[2024-05-02 15:23:24.228] [jointLog] [info] processed bias for 100.0% of the transcripts
[2024-05-02 15:23:24.228] [jointLog] [info] processed bias for 100.0% of the transcripts
[2024-05-02 15:23:29.716] [jointLog] [info] iteration = 100 | max rel diff. = 18.4329
[2024-05-02 15:23:35.756] [jointLog] [info] iteration = 200 | max rel diff. = 17.389
[2024-05-02 15:23:41.792] [jointLog] [info] iteration = 300 | max rel diff. = 9.66259
[2024-05-02 15:23:47.804] [jointLog] [info] iteration = 400 | max rel diff. = 0.491388
[2024-05-02 15:23:53.827] [jointLog] [info] iteration = 500 | max rel diff. = 2.42658
[2024-05-02 15:23:59.872] [jointLog] [info] iteration = 600 | max rel diff. = 0.416477
[2024-05-02 15:24:05.912] [jointLog] [info] iteration = 700 | max rel diff. = 0.371388
[2024-05-02 15:24:11.923] [jointLog] [info] iteration = 800 | max rel diff. = 0.153386
[2024-05-02 15:24:17.949] [jointLog] [info] iteration = 900 | max rel diff. = 0.281533
[2024-05-02 15:24:23.980] [jointLog] [info] iteration = 1,000 | max rel diff. = 0.159957
[2024-05-02 15:24:30.011] [jointLog] [info] iteration = 1,100 | max rel diff. = 0.398579
[2024-05-02 15:24:36.056] [jointLog] [info] iteration = 1,200 | max rel diff. = 0.323489
[2024-05-02 15:24:42.085] [jointLog] [info] iteration = 1,300 | max rel diff. = 0.0404071
[2024-05-02 15:24:48.105] [jointLog] [info] iteration = 1,400 | max rel diff. = 0.051265
[2024-05-02 15:24:54.137] [jointLog] [info] iteration = 1,500 | max rel diff. = 0.0387028
[2024-05-02 15:25:00.169] [jointLog] [info] iteration = 1,600 | max rel diff. = 0.0354348
[2024-05-02 15:25:06.193] [jointLog] [info] iteration = 1,700 | max rel diff. = 0.0245641
[2024-05-02 15:25:12.245] [jointLog] [info] iteration = 1,800 | max rel diff. = 0.0280903
[2024-05-02 15:25:18.282] [jointLog] [info] iteration = 1,900 | max rel diff. = 19.0771
[2024-05-02 15:25:24.307] [jointLog] [info] iteration = 2,000 | max rel diff. = 0.0224626
[2024-05-02 15:25:30.330] [jointLog] [info] iteration = 2,100 | max rel diff. = 0.0366627
[2024-05-02 15:25:36.367] [jointLog] [info] iteration = 2,200 | max rel diff. = 0.214165
[2024-05-02 15:25:39.750] [jointLog] [info] iteration = 2,257 | max rel diff. = 0.00491083
[2024-05-02 15:25:39.770] [jointLog] [info] Finished optimizer
[2024-05-02 15:25:39.770] [jointLog] [info] writing output 

