[2024-05-02 15:13:51.930] [jointLog] [info] setting maxHashResizeThreads to 6
[2024-05-02 15:13:51.930] [jointLog] [info] Fragment incompatibility prior below threshold.  Incompatible fragments will be ignored.
[2024-05-02 15:13:51.930] [jointLog] [info] Usage of --validateMappings implies use of minScoreFraction. Since not explicitly specified, it is being set to 0.65
[2024-05-02 15:13:51.930] [jointLog] [info] Setting consensusSlack to selective-alignment default of 0.35.
[2024-05-02 15:13:51.930] [jointLog] [info] parsing read library format
[2024-05-02 15:13:51.930] [jointLog] [info] There is 1 library.
[2024-05-02 15:13:51.934] [jointLog] [info] Loading pufferfish index
[2024-05-02 15:13:51.936] [jointLog] [info] Loading dense pufferfish index.
[2024-05-02 15:13:53.742] [jointLog] [info] done
[2024-05-02 15:13:53.764] [jointLog] [info] Index contained 192,825 targets
[2024-05-02 15:13:55.226] [jointLog] [info] Number of decoys : 0
[2024-05-02 15:30:21.108] [fileLog] [info] 
At end of round 0
==================
Observed 34930262 total fragments (34930262 in most recent round)

[2024-05-02 15:30:21.108] [jointLog] [info] Computed 347,133 rich equivalence classes for further processing
[2024-05-02 15:30:21.108] [jointLog] [info] Counted 33,573,838 total reads in the equivalence classes 
[2024-05-02 15:30:21.113] [jointLog] [info] Number of mappings discarded because of alignment score : 12,130,597
[2024-05-02 15:30:21.113] [jointLog] [info] Number of fragments entirely discarded because of alignment score : 384,516
[2024-05-02 15:30:21.113] [jointLog] [info] Number of fragments discarded because they are best-mapped to decoys : 0
[2024-05-02 15:30:21.113] [jointLog] [info] Number of fragments discarded because they have only dovetail (discordant) mappings to valid targets : 41,980
[2024-05-02 15:30:21.113] [jointLog] [info] Mapping rate = 96.1168%

[2024-05-02 15:30:21.113] [jointLog] [info] finished quantifyLibrary()
[2024-05-02 15:30:21.120] [jointLog] [info] Starting optimizer
[2024-05-02 15:30:21.218] [jointLog] [info] Marked 0 weighted equivalence classes as degenerate
[2024-05-02 15:30:21.266] [jointLog] [info] iteration = 0 | max rel diff. = 5664.46
[2024-05-02 15:30:21.722] [jointLog] [info] iteration 11, adjusting effective lengths to account for biases
[2024-05-02 15:32:26.485] [jointLog] [info] Computed expected counts (for bias correction)
[2024-05-02 15:32:26.485] [jointLog] [info] processed bias for 0.1% of the transcripts
[2024-05-02 15:32:31.286] [jointLog] [info] processed bias for 10.0% of the transcripts
[2024-05-02 15:32:36.074] [jointLog] [info] processed bias for 20.0% of the transcripts
[2024-05-02 15:32:41.542] [jointLog] [info] processed bias for 30.0% of the transcripts
[2024-05-02 15:32:47.183] [jointLog] [info] processed bias for 40.0% of the transcripts
[2024-05-02 15:32:53.022] [jointLog] [info] processed bias for 50.0% of the transcripts
[2024-05-02 15:32:58.971] [jointLog] [info] processed bias for 60.0% of the transcripts
[2024-05-02 15:33:05.305] [jointLog] [info] processed bias for 70.0% of the transcripts
[2024-05-02 15:33:11.140] [jointLog] [info] processed bias for 80.0% of the transcripts
[2024-05-02 15:33:17.568] [jointLog] [info] processed bias for 90.0% of the transcripts
[2024-05-02 15:33:19.061] [jointLog] [info] processed bias for 100.0% of the transcripts
[2024-05-02 15:33:19.062] [jointLog] [info] processed bias for 100.0% of the transcripts
[2024-05-02 15:33:23.060] [jointLog] [info] iteration = 100 | max rel diff. = 17.6386
[2024-05-02 15:33:27.373] [jointLog] [info] iteration = 200 | max rel diff. = 19.0667
[2024-05-02 15:33:31.698] [jointLog] [info] iteration = 300 | max rel diff. = 14.1804
[2024-05-02 15:33:36.060] [jointLog] [info] iteration = 400 | max rel diff. = 1.83223
[2024-05-02 15:33:40.449] [jointLog] [info] iteration = 500 | max rel diff. = 6.43732
[2024-05-02 15:33:44.820] [jointLog] [info] iteration = 600 | max rel diff. = 0.600105
[2024-05-02 15:33:49.193] [jointLog] [info] iteration = 700 | max rel diff. = 2.6807
[2024-05-02 15:33:53.547] [jointLog] [info] iteration = 800 | max rel diff. = 0.193462
[2024-05-02 15:33:57.862] [jointLog] [info] iteration = 900 | max rel diff. = 0.0994983
[2024-05-02 15:34:02.204] [jointLog] [info] iteration = 1,000 | max rel diff. = 0.682196
[2024-05-02 15:34:06.566] [jointLog] [info] iteration = 1,100 | max rel diff. = 0.055027
[2024-05-02 15:34:10.914] [jointLog] [info] iteration = 1,200 | max rel diff. = 0.236438
[2024-05-02 15:34:15.247] [jointLog] [info] iteration = 1,300 | max rel diff. = 0.220749
[2024-05-02 15:34:19.559] [jointLog] [info] iteration = 1,400 | max rel diff. = 0.0426068
[2024-05-02 15:34:23.864] [jointLog] [info] iteration = 1,500 | max rel diff. = 3.79914
[2024-05-02 15:34:28.221] [jointLog] [info] iteration = 1,600 | max rel diff. = 0.038352
[2024-05-02 15:34:32.548] [jointLog] [info] iteration = 1,700 | max rel diff. = 0.0381454
[2024-05-02 15:34:36.904] [jointLog] [info] iteration = 1,800 | max rel diff. = 0.0275753
[2024-05-02 15:34:41.226] [jointLog] [info] iteration = 1,900 | max rel diff. = 0.453804
[2024-05-02 15:34:45.594] [jointLog] [info] iteration = 2,000 | max rel diff. = 0.118107
[2024-05-02 15:34:49.928] [jointLog] [info] iteration = 2,100 | max rel diff. = 0.0862095
[2024-05-02 15:34:54.302] [jointLog] [info] iteration = 2,200 | max rel diff. = 0.0388446
[2024-05-02 15:34:58.587] [jointLog] [info] iteration = 2,300 | max rel diff. = 0.0616275
[2024-05-02 15:35:02.933] [jointLog] [info] iteration = 2,400 | max rel diff. = 0.0148742
[2024-05-02 15:35:05.270] [jointLog] [info] iteration = 2,455 | max rel diff. = 0.00818429
[2024-05-02 15:35:05.276] [jointLog] [info] Finished optimizer
[2024-05-02 15:35:05.276] [jointLog] [info] writing output 

