[2024-05-02 17:29:30.777] [jointLog] [info] setting maxHashResizeThreads to 6
[2024-05-02 17:29:30.777] [jointLog] [info] Fragment incompatibility prior below threshold.  Incompatible fragments will be ignored.
[2024-05-02 17:29:30.777] [jointLog] [info] Usage of --validateMappings implies use of minScoreFraction. Since not explicitly specified, it is being set to 0.65
[2024-05-02 17:29:30.778] [jointLog] [info] Setting consensusSlack to selective-alignment default of 0.35.
[2024-05-02 17:29:30.778] [jointLog] [info] parsing read library format
[2024-05-02 17:29:30.780] [jointLog] [info] There is 1 library.
[2024-05-02 17:29:30.785] [jointLog] [info] Loading pufferfish index
[2024-05-02 17:29:30.786] [jointLog] [info] Loading dense pufferfish index.
[2024-05-02 17:29:34.109] [jointLog] [info] done
[2024-05-02 17:29:34.132] [jointLog] [info] Index contained 192,825 targets
[2024-05-02 17:29:35.500] [jointLog] [info] Number of decoys : 0
[2024-05-02 17:47:31.592] [fileLog] [info] 
At end of round 0
==================
Observed 38667687 total fragments (38667687 in most recent round)

[2024-05-02 17:47:31.591] [jointLog] [info] Computed 346,873 rich equivalence classes for further processing
[2024-05-02 17:47:31.591] [jointLog] [info] Counted 36,366,270 total reads in the equivalence classes 
[2024-05-02 17:47:31.596] [jointLog] [info] Number of mappings discarded because of alignment score : 12,033,616
[2024-05-02 17:47:31.596] [jointLog] [info] Number of fragments entirely discarded because of alignment score : 492,686
[2024-05-02 17:47:31.596] [jointLog] [info] Number of fragments discarded because they are best-mapped to decoys : 0
[2024-05-02 17:47:31.596] [jointLog] [info] Number of fragments discarded because they have only dovetail (discordant) mappings to valid targets : 46,102
[2024-05-02 17:47:31.596] [jointLog] [info] Mapping rate = 94.0482%

[2024-05-02 17:47:31.596] [jointLog] [info] finished quantifyLibrary()
[2024-05-02 17:47:31.608] [jointLog] [info] Starting optimizer
[2024-05-02 17:47:31.711] [jointLog] [info] Marked 0 weighted equivalence classes as degenerate
[2024-05-02 17:47:31.759] [jointLog] [info] iteration = 0 | max rel diff. = 5097.17
[2024-05-02 17:47:32.236] [jointLog] [info] iteration 11, adjusting effective lengths to account for biases
[2024-05-02 17:49:34.829] [jointLog] [info] Computed expected counts (for bias correction)
[2024-05-02 17:49:34.829] [jointLog] [info] processed bias for 0.1% of the transcripts
[2024-05-02 17:49:39.610] [jointLog] [info] processed bias for 10.0% of the transcripts
[2024-05-02 17:49:44.308] [jointLog] [info] processed bias for 20.0% of the transcripts
[2024-05-02 17:49:49.509] [jointLog] [info] processed bias for 30.0% of the transcripts
[2024-05-02 17:49:54.962] [jointLog] [info] processed bias for 40.0% of the transcripts
[2024-05-02 17:50:00.738] [jointLog] [info] processed bias for 50.0% of the transcripts
[2024-05-02 17:50:06.404] [jointLog] [info] processed bias for 60.0% of the transcripts
[2024-05-02 17:50:12.597] [jointLog] [info] processed bias for 70.0% of the transcripts
[2024-05-02 17:50:18.219] [jointLog] [info] processed bias for 80.0% of the transcripts
[2024-05-02 17:50:24.460] [jointLog] [info] processed bias for 90.0% of the transcripts
[2024-05-02 17:50:25.870] [jointLog] [info] processed bias for 100.0% of the transcripts
[2024-05-02 17:50:25.870] [jointLog] [info] processed bias for 100.0% of the transcripts
[2024-05-02 17:50:29.881] [jointLog] [info] iteration = 100 | max rel diff. = 10.6056
[2024-05-02 17:50:34.279] [jointLog] [info] iteration = 200 | max rel diff. = 18.4465
[2024-05-02 17:50:38.830] [jointLog] [info] iteration = 300 | max rel diff. = 6.13609
[2024-05-02 17:50:43.264] [jointLog] [info] iteration = 400 | max rel diff. = 8.48317
[2024-05-02 17:50:47.709] [jointLog] [info] iteration = 500 | max rel diff. = 6.88208
[2024-05-02 17:50:52.270] [jointLog] [info] iteration = 600 | max rel diff. = 1.44055
[2024-05-02 17:50:56.788] [jointLog] [info] iteration = 700 | max rel diff. = 1.07231
[2024-05-02 17:51:01.397] [jointLog] [info] iteration = 800 | max rel diff. = 0.175981
[2024-05-02 17:51:05.961] [jointLog] [info] iteration = 900 | max rel diff. = 0.186039
[2024-05-02 17:51:10.473] [jointLog] [info] iteration = 1,000 | max rel diff. = 0.10799
[2024-05-02 17:51:15.060] [jointLog] [info] iteration = 1,100 | max rel diff. = 0.140448
[2024-05-02 17:51:19.660] [jointLog] [info] iteration = 1,200 | max rel diff. = 0.0299905
[2024-05-02 17:51:24.168] [jointLog] [info] iteration = 1,300 | max rel diff. = 0.101795
[2024-05-02 17:51:28.488] [jointLog] [info] iteration = 1,400 | max rel diff. = 0.227244
[2024-05-02 17:51:33.049] [jointLog] [info] iteration = 1,500 | max rel diff. = 0.0414122
[2024-05-02 17:51:37.649] [jointLog] [info] iteration = 1,600 | max rel diff. = 0.0870573
[2024-05-02 17:51:42.257] [jointLog] [info] iteration = 1,700 | max rel diff. = 0.0520642
[2024-05-02 17:51:46.749] [jointLog] [info] iteration = 1,800 | max rel diff. = 0.11514
[2024-05-02 17:51:49.181] [jointLog] [info] iteration = 1,856 | max rel diff. = 0.00642908
[2024-05-02 17:51:49.186] [jointLog] [info] Finished optimizer
[2024-05-02 17:51:49.186] [jointLog] [info] writing output 

