[2024-05-02 15:18:41.548] [jointLog] [info] setting maxHashResizeThreads to 6
[2024-05-02 15:18:41.548] [jointLog] [info] Fragment incompatibility prior below threshold.  Incompatible fragments will be ignored.
[2024-05-02 15:18:41.548] [jointLog] [info] Usage of --validateMappings implies use of minScoreFraction. Since not explicitly specified, it is being set to 0.65
[2024-05-02 15:18:41.548] [jointLog] [info] Setting consensusSlack to selective-alignment default of 0.35.
[2024-05-02 15:18:41.548] [jointLog] [info] parsing read library format
[2024-05-02 15:18:41.548] [jointLog] [info] There is 1 library.
[2024-05-02 15:18:41.553] [jointLog] [info] Loading pufferfish index
[2024-05-02 15:18:41.554] [jointLog] [info] Loading dense pufferfish index.
[2024-05-02 15:18:47.956] [jointLog] [info] done
[2024-05-02 15:18:47.980] [jointLog] [info] Index contained 192,825 targets
[2024-05-02 15:18:49.544] [jointLog] [info] Number of decoys : 0
[2024-05-02 15:41:31.050] [jointLog] [info] Computed 349,231 rich equivalence classes for further processing
[2024-05-02 15:41:31.050] [jointLog] [info] Counted 34,810,258 total reads in the equivalence classes 
[2024-05-02 15:41:31.056] [jointLog] [info] Number of mappings discarded because of alignment score : 12,443,052
[2024-05-02 15:41:31.056] [jointLog] [info] Number of fragments entirely discarded because of alignment score : 370,485
[2024-05-02 15:41:31.056] [jointLog] [info] Number of fragments discarded because they are best-mapped to decoys : 0
[2024-05-02 15:41:31.056] [jointLog] [info] Number of fragments discarded because they have only dovetail (discordant) mappings to valid targets : 44,540
[2024-05-02 15:41:31.056] [jointLog] [info] Mapping rate = 96.2502%

[2024-05-02 15:41:31.056] [jointLog] [info] finished quantifyLibrary()
[2024-05-02 15:41:31.063] [jointLog] [info] Starting optimizer
[2024-05-02 15:41:31.187] [jointLog] [info] Marked 0 weighted equivalence classes as degenerate
[2024-05-02 15:41:31.051] [fileLog] [info] 
At end of round 0
==================
Observed 36166436 total fragments (36166436 in most recent round)

[2024-05-02 15:41:31.224] [jointLog] [info] iteration = 0 | max rel diff. = 53.8434
[2024-05-02 15:41:31.583] [jointLog] [info] iteration 11, adjusting effective lengths to account for biases
[2024-05-02 15:44:16.765] [jointLog] [info] Computed expected counts (for bias correction)
[2024-05-02 15:44:16.765] [jointLog] [info] processed bias for 0.1% of the transcripts
[2024-05-02 15:44:24.627] [jointLog] [info] processed bias for 10.0% of the transcripts
[2024-05-02 15:44:32.351] [jointLog] [info] processed bias for 20.0% of the transcripts
[2024-05-02 15:44:40.946] [jointLog] [info] processed bias for 30.0% of the transcripts
[2024-05-02 15:44:49.875] [jointLog] [info] processed bias for 40.0% of the transcripts
[2024-05-02 15:44:59.568] [jointLog] [info] processed bias for 50.0% of the transcripts
[2024-05-02 15:45:09.128] [jointLog] [info] processed bias for 60.0% of the transcripts
[2024-05-02 15:45:19.471] [jointLog] [info] processed bias for 70.0% of the transcripts
[2024-05-02 15:45:28.880] [jointLog] [info] processed bias for 80.0% of the transcripts
[2024-05-02 15:45:39.198] [jointLog] [info] processed bias for 90.0% of the transcripts
[2024-05-02 15:45:41.505] [jointLog] [info] processed bias for 100.0% of the transcripts
[2024-05-02 15:45:41.505] [jointLog] [info] processed bias for 100.0% of the transcripts
[2024-05-02 15:45:44.797] [jointLog] [info] iteration = 100 | max rel diff. = 0.154927
[2024-05-02 15:45:48.436] [jointLog] [info] iteration = 200 | max rel diff. = 0.064147
[2024-05-02 15:45:52.062] [jointLog] [info] iteration = 300 | max rel diff. = 0.0397608
[2024-05-02 15:45:55.687] [jointLog] [info] iteration = 400 | max rel diff. = 0.0325217
[2024-05-02 15:45:59.318] [jointLog] [info] iteration = 500 | max rel diff. = 0.044248
[2024-05-02 15:46:02.957] [jointLog] [info] iteration = 600 | max rel diff. = 0.0197252
[2024-05-02 15:46:06.600] [jointLog] [info] iteration = 700 | max rel diff. = 0.0169047
[2024-05-02 15:46:10.253] [jointLog] [info] iteration = 800 | max rel diff. = 0.0187573
[2024-05-02 15:46:13.918] [jointLog] [info] iteration = 900 | max rel diff. = 0.0127184
[2024-05-02 15:46:17.593] [jointLog] [info] iteration = 1,000 | max rel diff. = 0.0104559
[2024-05-02 15:46:21.256] [jointLog] [info] iteration = 1,100 | max rel diff. = 0.0104559
[2024-05-02 15:46:24.931] [jointLog] [info] iteration = 1,200 | max rel diff. = 0.010221
[2024-05-02 15:46:27.289] [jointLog] [info] iteration = 1,265 | max rel diff. = 0.00946745
[2024-05-02 15:46:27.296] [jointLog] [info] Finished optimizer
[2024-05-02 15:46:27.296] [jointLog] [info] writing output 

