[2024-05-02 16:54:26.905] [jointLog] [info] setting maxHashResizeThreads to 6
[2024-05-02 16:54:26.905] [jointLog] [info] Fragment incompatibility prior below threshold.  Incompatible fragments will be ignored.
[2024-05-02 16:54:26.905] [jointLog] [info] Usage of --validateMappings implies use of minScoreFraction. Since not explicitly specified, it is being set to 0.65
[2024-05-02 16:54:26.906] [jointLog] [info] Setting consensusSlack to selective-alignment default of 0.35.
[2024-05-02 16:54:26.906] [jointLog] [info] parsing read library format
[2024-05-02 16:54:26.908] [jointLog] [info] There is 1 library.
[2024-05-02 16:54:26.914] [jointLog] [info] Loading pufferfish index
[2024-05-02 16:54:26.916] [jointLog] [info] Loading dense pufferfish index.
[2024-05-02 16:54:30.327] [jointLog] [info] done
[2024-05-02 16:54:30.350] [jointLog] [info] Index contained 192,825 targets
[2024-05-02 16:54:31.719] [jointLog] [info] Number of decoys : 0
[2024-05-02 17:11:40.193] [jointLog] [info] Computed 349,362 rich equivalence classes for further processing
[2024-05-02 17:11:40.193] [jointLog] [info] Counted 35,050,316 total reads in the equivalence classes 
[2024-05-02 17:11:40.198] [jointLog] [info] Number of mappings discarded because of alignment score : 12,453,094
[2024-05-02 17:11:40.198] [jointLog] [info] Number of fragments entirely discarded because of alignment score : 371,915
[2024-05-02 17:11:40.198] [jointLog] [info] Number of fragments discarded because they are best-mapped to decoys : 0
[2024-05-02 17:11:40.198] [jointLog] [info] Number of fragments discarded because they have only dovetail (discordant) mappings to valid targets : 40,581
[2024-05-02 17:11:40.198] [jointLog] [info] Mapping rate = 96.0497%

[2024-05-02 17:11:40.198] [jointLog] [info] finished quantifyLibrary()
[2024-05-02 17:11:40.208] [jointLog] [info] Starting optimizer
[2024-05-02 17:11:40.311] [jointLog] [info] Marked 0 weighted equivalence classes as degenerate
[2024-05-02 17:11:40.194] [fileLog] [info] 
At end of round 0
==================
Observed 36491866 total fragments (36491866 in most recent round)

[2024-05-02 17:11:40.360] [jointLog] [info] iteration = 0 | max rel diff. = 5374.52
[2024-05-02 17:11:40.819] [jointLog] [info] iteration 11, adjusting effective lengths to account for biases
[2024-05-02 17:13:49.603] [jointLog] [info] Computed expected counts (for bias correction)
[2024-05-02 17:13:49.603] [jointLog] [info] processed bias for 0.1% of the transcripts
[2024-05-02 17:13:54.744] [jointLog] [info] processed bias for 10.0% of the transcripts
[2024-05-02 17:13:59.821] [jointLog] [info] processed bias for 20.0% of the transcripts
[2024-05-02 17:14:05.447] [jointLog] [info] processed bias for 30.0% of the transcripts
[2024-05-02 17:14:11.278] [jointLog] [info] processed bias for 40.0% of the transcripts
[2024-05-02 17:14:17.519] [jointLog] [info] processed bias for 50.0% of the transcripts
[2024-05-02 17:14:23.709] [jointLog] [info] processed bias for 60.0% of the transcripts
[2024-05-02 17:14:30.346] [jointLog] [info] processed bias for 70.0% of the transcripts
[2024-05-02 17:14:36.359] [jointLog] [info] processed bias for 80.0% of the transcripts
[2024-05-02 17:14:43.092] [jointLog] [info] processed bias for 90.0% of the transcripts
[2024-05-02 17:14:44.594] [jointLog] [info] processed bias for 100.0% of the transcripts
[2024-05-02 17:14:44.594] [jointLog] [info] processed bias for 100.0% of the transcripts
[2024-05-02 17:14:48.637] [jointLog] [info] iteration = 100 | max rel diff. = 20.2416
[2024-05-02 17:14:53.078] [jointLog] [info] iteration = 200 | max rel diff. = 8.84649
[2024-05-02 17:14:57.507] [jointLog] [info] iteration = 300 | max rel diff. = 3.34742
[2024-05-02 17:15:01.969] [jointLog] [info] iteration = 400 | max rel diff. = 1.891
[2024-05-02 17:15:06.396] [jointLog] [info] iteration = 500 | max rel diff. = 4.2015
[2024-05-02 17:15:10.843] [jointLog] [info] iteration = 600 | max rel diff. = 8.57676
[2024-05-02 17:15:15.313] [jointLog] [info] iteration = 700 | max rel diff. = 0.243857
[2024-05-02 17:15:19.721] [jointLog] [info] iteration = 800 | max rel diff. = 0.563037
[2024-05-02 17:15:24.172] [jointLog] [info] iteration = 900 | max rel diff. = 0.754019
[2024-05-02 17:15:28.617] [jointLog] [info] iteration = 1,000 | max rel diff. = 0.191694
[2024-05-02 17:15:33.087] [jointLog] [info] iteration = 1,100 | max rel diff. = 0.175474
[2024-05-02 17:15:37.523] [jointLog] [info] iteration = 1,200 | max rel diff. = 0.654437
[2024-05-02 17:15:41.984] [jointLog] [info] iteration = 1,300 | max rel diff. = 0.147486
[2024-05-02 17:15:46.427] [jointLog] [info] iteration = 1,400 | max rel diff. = 3.76802
[2024-05-02 17:15:50.794] [jointLog] [info] iteration = 1,500 | max rel diff. = 0.104004
[2024-05-02 17:15:55.209] [jointLog] [info] iteration = 1,600 | max rel diff. = 0.075208
[2024-05-02 17:15:59.616] [jointLog] [info] iteration = 1,700 | max rel diff. = 0.0796411
[2024-05-02 17:16:04.092] [jointLog] [info] iteration = 1,800 | max rel diff. = 0.0226824
[2024-05-02 17:16:08.535] [jointLog] [info] iteration = 1,900 | max rel diff. = 0.0134167
[2024-05-02 17:16:12.998] [jointLog] [info] iteration = 2,000 | max rel diff. = 0.345188
[2024-05-02 17:16:17.410] [jointLog] [info] iteration = 2,100 | max rel diff. = 2.40623
[2024-05-02 17:16:19.233] [jointLog] [info] iteration = 2,142 | max rel diff. = 0.00457859
[2024-05-02 17:16:19.238] [jointLog] [info] Finished optimizer
[2024-05-02 17:16:19.238] [jointLog] [info] writing output 

tput 

