[2024-05-02 15:14:04.912] [jointLog] [info] setting maxHashResizeThreads to 6
[2024-05-02 15:14:04.912] [jointLog] [info] Fragment incompatibility prior below threshold.  Incompatible fragments will be ignored.
[2024-05-02 15:14:04.912] [jointLog] [info] Usage of --validateMappings implies use of minScoreFraction. Since not explicitly specified, it is being set to 0.65
[2024-05-02 15:14:04.912] [jointLog] [info] Setting consensusSlack to selective-alignment default of 0.35.
[2024-05-02 15:14:04.912] [jointLog] [info] parsing read library format
[2024-05-02 15:14:04.912] [jointLog] [info] There is 1 library.
[2024-05-02 15:14:04.917] [jointLog] [info] Loading pufferfish index
[2024-05-02 15:14:04.918] [jointLog] [info] Loading dense pufferfish index.
[2024-05-02 15:14:06.670] [jointLog] [info] done
[2024-05-02 15:14:06.688] [jointLog] [info] Index contained 192,825 targets
[2024-05-02 15:14:08.237] [jointLog] [info] Number of decoys : 0
[2024-05-02 15:32:30.601] [jointLog] [info] Computed 347,862 rich equivalence classes for further processing
[2024-05-02 15:32:30.601] [jointLog] [info] Counted 37,244,741 total reads in the equivalence classes 
[2024-05-02 15:32:30.605] [jointLog] [info] Number of mappings discarded because of alignment score : 12,938,108
[2024-05-02 15:32:30.605] [jointLog] [info] Number of fragments entirely discarded because of alignment score : 486,237
[2024-05-02 15:32:30.605] [jointLog] [info] Number of fragments discarded because they are best-mapped to decoys : 0
[2024-05-02 15:32:30.605] [jointLog] [info] Number of fragments discarded because they have only dovetail (discordant) mappings to valid targets : 38,851
[2024-05-02 15:32:30.605] [jointLog] [info] Mapping rate = 94.5839%

[2024-05-02 15:32:30.605] [jointLog] [info] finished quantifyLibrary()
[2024-05-02 15:32:30.612] [jointLog] [info] Starting optimizer
[2024-05-02 15:32:30.601] [fileLog] [info] 
At end of round 0
==================
Observed 39377480 total fragments (39377480 in most recent round)

[2024-05-02 15:32:31.231] [jointLog] [info] Marked 0 weighted equivalence classes as degenerate
[2024-05-02 15:32:31.263] [jointLog] [info] iteration = 0 | max rel diff. = 48.2743
[2024-05-02 15:32:31.569] [jointLog] [info] iteration 11, adjusting effective lengths to account for biases
[2024-05-02 15:35:12.309] [jointLog] [info] Computed expected counts (for bias correction)
[2024-05-02 15:35:12.309] [jointLog] [info] processed bias for 0.1% of the transcripts
[2024-05-02 15:35:18.503] [jointLog] [info] processed bias for 10.0% of the transcripts
[2024-05-02 15:35:24.513] [jointLog] [info] processed bias for 20.0% of the transcripts
[2024-05-02 15:35:31.269] [jointLog] [info] processed bias for 30.0% of the transcripts
[2024-05-02 15:35:38.281] [jointLog] [info] processed bias for 40.0% of the transcripts
[2024-05-02 15:35:45.855] [jointLog] [info] processed bias for 50.0% of the transcripts
[2024-05-02 15:35:53.330] [jointLog] [info] processed bias for 60.0% of the transcripts
[2024-05-02 15:36:01.433] [jointLog] [info] processed bias for 70.0% of the transcripts
[2024-05-02 15:36:08.803] [jointLog] [info] processed bias for 80.0% of the transcripts
[2024-05-02 15:36:16.874] [jointLog] [info] processed bias for 90.0% of the transcripts
[2024-05-02 15:36:18.673] [jointLog] [info] processed bias for 100.0% of the transcripts
[2024-05-02 15:36:18.673] [jointLog] [info] processed bias for 100.0% of the transcripts
[2024-05-02 15:36:21.499] [jointLog] [info] iteration = 100 | max rel diff. = 0.124933
[2024-05-02 15:36:24.568] [jointLog] [info] iteration = 200 | max rel diff. = 0.0634437
[2024-05-02 15:36:27.606] [jointLog] [info] iteration = 300 | max rel diff. = 0.0481177
[2024-05-02 15:36:30.693] [jointLog] [info] iteration = 400 | max rel diff. = 0.0347241
[2024-05-02 15:36:33.808] [jointLog] [info] iteration = 500 | max rel diff. = 0.0277563
[2024-05-02 15:36:36.904] [jointLog] [info] iteration = 600 | max rel diff. = 0.0195269
[2024-05-02 15:36:40.003] [jointLog] [info] iteration = 700 | max rel diff. = 0.0166637
[2024-05-02 15:36:43.128] [jointLog] [info] iteration = 800 | max rel diff. = 0.016596
[2024-05-02 15:36:46.254] [jointLog] [info] iteration = 900 | max rel diff. = 0.0137492
[2024-05-02 15:36:49.411] [jointLog] [info] iteration = 1,000 | max rel diff. = 0.0110646
[2024-05-02 15:36:52.519] [jointLog] [info] iteration = 1,100 | max rel diff. = 0.0110388
[2024-05-02 15:36:53.663] [jointLog] [info] iteration = 1,137 | max rel diff. = 0.00989095
[2024-05-02 15:36:53.670] [jointLog] [info] Finished optimizer
[2024-05-02 15:36:53.670] [jointLog] [info] writing output 

