[2024-04-25 16:15:22.781] [jointLog] [info] setting maxHashResizeThreads to 8
[2024-04-25 16:15:22.781] [jointLog] [info] Fragment incompatibility prior below threshold.  Incompatible fragments will be ignored.
[2024-04-25 16:15:22.782] [jointLog] [info] Usage of --validateMappings implies use of minScoreFraction. Since not explicitly specified, it is being set to 0.65
[2024-04-25 16:15:22.782] [jointLog] [info] Setting consensusSlack to selective-alignment default of 0.35.
[2024-04-25 16:15:22.782] [jointLog] [info] parsing read library format
[2024-04-25 16:15:22.784] [jointLog] [info] There is 1 library.
[2024-04-25 16:15:22.792] [jointLog] [info] Loading pufferfish index
[2024-04-25 16:15:22.794] [jointLog] [info] Loading dense pufferfish index.
[2024-04-25 16:15:26.628] [jointLog] [info] done
[2024-04-25 16:15:26.754] [jointLog] [info] Index contained 192,825 targets
[2024-04-25 16:15:26.806] [jointLog] [info] Number of decoys : 0
[2024-04-25 16:15:29.653] [jointLog] [info] Automatically detected most likely library type as IU

[2024-04-25 17:04:30.581] [fileLog] [info] 
At end of round 0
==================
Observed 32076046 total fragments (32076046 in most recent round)

[2024-04-25 17:04:30.574] [jointLog] [info] Computed 336,529 rich equivalence classes for further processing
[2024-04-25 17:04:30.576] [jointLog] [info] Counted 30,948,024 total reads in the equivalence classes 
[2024-04-25 17:04:30.791] [jointLog] [info] Number of mappings discarded because of alignment score : 11,289,200
[2024-04-25 17:04:30.791] [jointLog] [info] Number of fragments entirely discarded because of alignment score : 318,411
[2024-04-25 17:04:30.791] [jointLog] [info] Number of fragments discarded because they are best-mapped to decoys : 0
[2024-04-25 17:04:30.791] [jointLog] [info] Number of fragments discarded because they have only dovetail (discordant) mappings to valid targets : 37,898
[2024-04-25 17:04:30.791] [jointLog] [info] Mapping rate = 96.4833%

[2024-04-25 17:04:30.791] [jointLog] [info] finished quantifyLibrary()
[2024-04-25 17:04:30.809] [jointLog] [info] Starting optimizer
[2024-04-25 17:04:31.764] [jointLog] [info] Marked 0 weighted equivalence classes as degenerate
[2024-04-25 17:04:31.814] [jointLog] [info] iteration = 0 | max rel diff. = 6096.73
[2024-04-25 17:04:36.309] [jointLog] [info] iteration = 100 | max rel diff. = 15.5707
[2024-04-25 17:04:40.777] [jointLog] [info] iteration = 200 | max rel diff. = 14.8044
[2024-04-25 17:04:45.242] [jointLog] [info] iteration = 300 | max rel diff. = 1.29181
[2024-04-25 17:04:49.640] [jointLog] [info] iteration = 400 | max rel diff. = 7.51033
[2024-04-25 17:04:53.998] [jointLog] [info] iteration = 500 | max rel diff. = 6.44028
[2024-04-25 17:04:58.389] [jointLog] [info] iteration = 600 | max rel diff. = 0.656461
[2024-04-25 17:05:02.823] [jointLog] [info] iteration = 700 | max rel diff. = 0.634282
[2024-04-25 17:05:07.238] [jointLog] [info] iteration = 800 | max rel diff. = 0.344256
[2024-04-25 17:05:11.645] [jointLog] [info] iteration = 900 | max rel diff. = 4.23959
[2024-04-25 17:05:16.023] [jointLog] [info] iteration = 1,000 | max rel diff. = 0.105435
[2024-04-25 17:05:20.434] [jointLog] [info] iteration = 1,100 | max rel diff. = 2.48915
[2024-04-25 17:05:24.846] [jointLog] [info] iteration = 1,200 | max rel diff. = 0.0285159
[2024-04-25 17:05:29.258] [jointLog] [info] iteration = 1,300 | max rel diff. = 0.0525449
[2024-04-25 17:05:33.675] [jointLog] [info] iteration = 1,400 | max rel diff. = 0.0319399
[2024-04-25 17:05:37.592] [jointLog] [info] iteration = 1,490 | max rel diff. = 0.00916758
[2024-04-25 17:05:37.595] [jointLog] [info] Finished optimizer
[2024-04-25 17:05:37.596] [jointLog] [info] writing output 

