[2024-04-25 16:15:23.019] [jointLog] [info] setting maxHashResizeThreads to 8
[2024-04-25 16:15:23.019] [jointLog] [info] Fragment incompatibility prior below threshold.  Incompatible fragments will be ignored.
[2024-04-25 16:15:23.019] [jointLog] [info] Usage of --validateMappings implies use of minScoreFraction. Since not explicitly specified, it is being set to 0.65
[2024-04-25 16:15:23.019] [jointLog] [info] Setting consensusSlack to selective-alignment default of 0.35.
[2024-04-25 16:15:23.019] [jointLog] [info] parsing read library format
[2024-04-25 16:15:23.021] [jointLog] [info] There is 1 library.
[2024-04-25 16:15:23.026] [jointLog] [info] Loading pufferfish index
[2024-04-25 16:15:23.028] [jointLog] [info] Loading dense pufferfish index.
[2024-04-25 16:15:26.627] [jointLog] [info] done
[2024-04-25 16:15:26.753] [jointLog] [info] Index contained 192,825 targets
[2024-04-25 16:15:26.807] [jointLog] [info] Number of decoys : 0
[2024-04-25 16:15:29.594] [jointLog] [info] Automatically detected most likely library type as IU

[2024-04-25 17:11:49.402] [jointLog] [info] Computed 349,530 rich equivalence classes for further processing
[2024-04-25 17:11:49.403] [jointLog] [info] Counted 34,810,258 total reads in the equivalence classes 
[2024-04-25 17:11:49.702] [jointLog] [info] Number of mappings discarded because of alignment score : 12,443,052
[2024-04-25 17:11:49.702] [jointLog] [info] Number of fragments entirely discarded because of alignment score : 370,485
[2024-04-25 17:11:49.702] [jointLog] [info] Number of fragments discarded because they are best-mapped to decoys : 0
[2024-04-25 17:11:49.702] [jointLog] [info] Number of fragments discarded because they have only dovetail (discordant) mappings to valid targets : 44,540
[2024-04-25 17:11:49.702] [jointLog] [info] Mapping rate = 96.2502%

[2024-04-25 17:11:49.702] [jointLog] [info] finished quantifyLibrary()
[2024-04-25 17:11:49.722] [jointLog] [info] Starting optimizer
[2024-04-25 17:11:49.413] [fileLog] [info] 
At end of round 0
==================
Observed 36166436 total fragments (36166436 in most recent round)

[2024-04-25 17:11:50.793] [jointLog] [info] Marked 0 weighted equivalence classes as degenerate
[2024-04-25 17:11:50.843] [jointLog] [info] iteration = 0 | max rel diff. = 5478.31
[2024-04-25 17:11:55.436] [jointLog] [info] iteration = 100 | max rel diff. = 20.3668
[2024-04-25 17:11:59.915] [jointLog] [info] iteration = 200 | max rel diff. = 12.2711
[2024-04-25 17:12:04.396] [jointLog] [info] iteration = 300 | max rel diff. = 12.4947
[2024-04-25 17:12:08.853] [jointLog] [info] iteration = 400 | max rel diff. = 0.813901
[2024-04-25 17:12:13.391] [jointLog] [info] iteration = 500 | max rel diff. = 0.33381
[2024-04-25 17:12:17.936] [jointLog] [info] iteration = 600 | max rel diff. = 0.468717
[2024-04-25 17:12:22.455] [jointLog] [info] iteration = 700 | max rel diff. = 2.58303
[2024-04-25 17:12:26.965] [jointLog] [info] iteration = 800 | max rel diff. = 0.129633
[2024-04-25 17:12:31.406] [jointLog] [info] iteration = 900 | max rel diff. = 0.638822
[2024-04-25 17:12:35.884] [jointLog] [info] iteration = 1,000 | max rel diff. = 0.186237
[2024-04-25 17:12:40.375] [jointLog] [info] iteration = 1,100 | max rel diff. = 0.0703817
[2024-04-25 17:12:44.907] [jointLog] [info] iteration = 1,200 | max rel diff. = 3.64975
[2024-04-25 17:12:49.403] [jointLog] [info] iteration = 1,300 | max rel diff. = 1.57759
[2024-04-25 17:12:53.897] [jointLog] [info] iteration = 1,400 | max rel diff. = 3.88067
[2024-04-25 17:12:58.350] [jointLog] [info] iteration = 1,500 | max rel diff. = 0.0792229
[2024-04-25 17:13:02.831] [jointLog] [info] iteration = 1,600 | max rel diff. = 1.1439
[2024-04-25 17:13:07.308] [jointLog] [info] iteration = 1,700 | max rel diff. = 0.0668958
[2024-04-25 17:13:11.749] [jointLog] [info] iteration = 1,800 | max rel diff. = 0.0171381
[2024-04-25 17:13:13.551] [jointLog] [info] iteration = 1,841 | max rel diff. = 0.00384684
[2024-04-25 17:13:13.561] [jointLog] [info] Finished optimizer
[2024-04-25 17:13:13.561] [jointLog] [info] writing output 

