[2024-05-02 14:53:25.402] [jointLog] [info] setting maxHashResizeThreads to 6
[2024-05-02 14:53:25.402] [jointLog] [info] Fragment incompatibility prior below threshold.  Incompatible fragments will be ignored.
[2024-05-02 14:53:25.402] [jointLog] [info] Usage of --validateMappings implies use of minScoreFraction. Since not explicitly specified, it is being set to 0.65
[2024-05-02 14:53:25.402] [jointLog] [info] Setting consensusSlack to selective-alignment default of 0.35.
[2024-05-02 14:53:25.402] [jointLog] [info] parsing read library format
[2024-05-02 14:53:25.476] [jointLog] [info] There is 1 library.
[2024-05-02 14:53:25.583] [jointLog] [info] Loading pufferfish index
[2024-05-02 14:53:25.613] [jointLog] [info] Loading dense pufferfish index.
[2024-05-02 14:56:05.220] [jointLog] [info] done
[2024-05-02 14:56:05.648] [jointLog] [info] Index contained 192,825 targets
[2024-05-02 14:56:07.496] [jointLog] [info] Number of decoys : 0
[2024-05-02 15:20:35.286] [jointLog] [info] Computed 349,161 rich equivalence classes for further processing
[2024-05-02 15:20:35.286] [jointLog] [info] Counted 35,050,316 total reads in the equivalence classes 
[2024-05-02 15:20:35.294] [jointLog] [info] Number of mappings discarded because of alignment score : 12,453,094
[2024-05-02 15:20:35.294] [jointLog] [info] Number of fragments entirely discarded because of alignment score : 371,915
[2024-05-02 15:20:35.294] [jointLog] [info] Number of fragments discarded because they are best-mapped to decoys : 0
[2024-05-02 15:20:35.294] [jointLog] [info] Number of fragments discarded because they have only dovetail (discordant) mappings to valid targets : 40,581
[2024-05-02 15:20:35.294] [jointLog] [info] Mapping rate = 96.0497%

[2024-05-02 15:20:35.294] [jointLog] [info] finished quantifyLibrary()
[2024-05-02 15:20:35.306] [jointLog] [info] Starting optimizer
[2024-05-02 15:20:35.502] [jointLog] [info] Marked 0 weighted equivalence classes as degenerate
[2024-05-02 15:20:35.288] [fileLog] [info] 
At end of round 0
==================
Observed 36491866 total fragments (36491866 in most recent round)

[2024-05-02 15:20:35.567] [jointLog] [info] iteration = 0 | max rel diff. = 5382.54
[2024-05-02 15:20:36.165] [jointLog] [info] iteration 11, adjusting effective lengths to account for biases
[2024-05-02 15:22:25.515] [jointLog] [info] Computed expected counts (for bias correction)
[2024-05-02 15:22:25.515] [jointLog] [info] processed bias for 0.1% of the transcripts
[2024-05-02 15:22:33.020] [jointLog] [info] processed bias for 10.0% of the transcripts
[2024-05-02 15:22:40.403] [jointLog] [info] processed bias for 20.0% of the transcripts
[2024-05-02 15:22:48.594] [jointLog] [info] processed bias for 30.0% of the transcripts
[2024-05-02 15:22:57.073] [jointLog] [info] processed bias for 40.0% of the transcripts
[2024-05-02 15:23:06.168] [jointLog] [info] processed bias for 50.0% of the transcripts
[2024-05-02 15:23:15.244] [jointLog] [info] processed bias for 60.0% of the transcripts
[2024-05-02 15:23:24.902] [jointLog] [info] processed bias for 70.0% of the transcripts
[2024-05-02 15:23:33.680] [jointLog] [info] processed bias for 80.0% of the transcripts
[2024-05-02 15:23:43.473] [jointLog] [info] processed bias for 90.0% of the transcripts
[2024-05-02 15:23:45.660] [jointLog] [info] processed bias for 100.0% of the transcripts
[2024-05-02 15:23:45.660] [jointLog] [info] processed bias for 100.0% of the transcripts
[2024-05-02 15:23:51.027] [jointLog] [info] iteration = 100 | max rel diff. = 15.2895
[2024-05-02 15:23:56.925] [jointLog] [info] iteration = 200 | max rel diff. = 8.13326
[2024-05-02 15:24:02.823] [jointLog] [info] iteration = 300 | max rel diff. = 6.06272
[2024-05-02 15:24:08.706] [jointLog] [info] iteration = 400 | max rel diff. = 3.32909
[2024-05-02 15:24:14.595] [jointLog] [info] iteration = 500 | max rel diff. = 0.89132
[2024-05-02 15:24:20.490] [jointLog] [info] iteration = 600 | max rel diff. = 2.97661
[2024-05-02 15:24:26.379] [jointLog] [info] iteration = 700 | max rel diff. = 0.301804
[2024-05-02 15:24:32.275] [jointLog] [info] iteration = 800 | max rel diff. = 0.260088
[2024-05-02 15:24:38.172] [jointLog] [info] iteration = 900 | max rel diff. = 0.42862
[2024-05-02 15:24:44.062] [jointLog] [info] iteration = 1,000 | max rel diff. = 0.714342
[2024-05-02 15:24:49.948] [jointLog] [info] iteration = 1,100 | max rel diff. = 0.16685
[2024-05-02 15:24:55.831] [jointLog] [info] iteration = 1,200 | max rel diff. = 0.360381
[2024-05-02 15:25:01.723] [jointLog] [info] iteration = 1,300 | max rel diff. = 1.44971
[2024-05-02 15:25:07.632] [jointLog] [info] iteration = 1,400 | max rel diff. = 0.505999
[2024-05-02 15:25:13.513] [jointLog] [info] iteration = 1,500 | max rel diff. = 0.056595
[2024-05-02 15:25:19.394] [jointLog] [info] iteration = 1,600 | max rel diff. = 0.063728
[2024-05-02 15:25:25.281] [jointLog] [info] iteration = 1,700 | max rel diff. = 0.123311
[2024-05-02 15:25:31.172] [jointLog] [info] iteration = 1,800 | max rel diff. = 0.0385487
[2024-05-02 15:25:37.080] [jointLog] [info] iteration = 1,900 | max rel diff. = 0.119834
[2024-05-02 15:25:42.977] [jointLog] [info] iteration = 2,000 | max rel diff. = 0.171219
[2024-05-02 15:25:48.858] [jointLog] [info] iteration = 2,100 | max rel diff. = 0.128718
[2024-05-02 15:25:53.045] [jointLog] [info] iteration = 2,172 | max rel diff. = 0.00544824
[2024-05-02 15:25:53.064] [jointLog] [info] Finished optimizer
[2024-05-02 15:25:53.064] [jointLog] [info] writing output 

