[2024-04-25 16:15:22.957] [jointLog] [info] setting maxHashResizeThreads to 8
[2024-04-25 16:15:22.957] [jointLog] [info] Fragment incompatibility prior below threshold.  Incompatible fragments will be ignored.
[2024-04-25 16:15:22.957] [jointLog] [info] Usage of --validateMappings implies use of minScoreFraction. Since not explicitly specified, it is being set to 0.65
[2024-04-25 16:15:22.957] [jointLog] [info] Setting consensusSlack to selective-alignment default of 0.35.
[2024-04-25 16:15:22.957] [jointLog] [info] parsing read library format
[2024-04-25 16:15:22.959] [jointLog] [info] There is 1 library.
[2024-04-25 16:15:22.964] [jointLog] [info] Loading pufferfish index
[2024-04-25 16:15:22.966] [jointLog] [info] Loading dense pufferfish index.
[2024-04-25 16:15:26.627] [jointLog] [info] done
[2024-04-25 16:15:26.741] [jointLog] [info] Index contained 192,825 targets
[2024-04-25 16:15:26.790] [jointLog] [info] Number of decoys : 0
[2024-04-25 16:15:29.422] [jointLog] [info] Automatically detected most likely library type as IU

[2024-04-25 17:12:37.094] [fileLog] [info] 
At end of round 0
==================
Observed 36491866 total fragments (36491866 in most recent round)

[2024-04-25 17:12:37.091] [jointLog] [info] Computed 349,362 rich equivalence classes for further processing
[2024-04-25 17:12:37.092] [jointLog] [info] Counted 35,050,316 total reads in the equivalence classes 
[2024-04-25 17:12:37.327] [jointLog] [info] Number of mappings discarded because of alignment score : 12,453,094
[2024-04-25 17:12:37.327] [jointLog] [info] Number of fragments entirely discarded because of alignment score : 371,915
[2024-04-25 17:12:37.327] [jointLog] [info] Number of fragments discarded because they are best-mapped to decoys : 0
[2024-04-25 17:12:37.327] [jointLog] [info] Number of fragments discarded because they have only dovetail (discordant) mappings to valid targets : 40,581
[2024-04-25 17:12:37.327] [jointLog] [info] Mapping rate = 96.0497%

[2024-04-25 17:12:37.327] [jointLog] [info] finished quantifyLibrary()
[2024-04-25 17:12:37.345] [jointLog] [info] Starting optimizer
[2024-04-25 17:12:38.301] [jointLog] [info] Marked 0 weighted equivalence classes as degenerate
[2024-04-25 17:12:38.352] [jointLog] [info] iteration = 0 | max rel diff. = 5368.08
[2024-04-25 17:12:42.959] [jointLog] [info] iteration = 100 | max rel diff. = 16.9807
[2024-04-25 17:12:47.506] [jointLog] [info] iteration = 200 | max rel diff. = 9.30823
[2024-04-25 17:12:52.052] [jointLog] [info] iteration = 300 | max rel diff. = 1.81039
[2024-04-25 17:12:56.597] [jointLog] [info] iteration = 400 | max rel diff. = 8.58723
[2024-04-25 17:13:01.141] [jointLog] [info] iteration = 500 | max rel diff. = 4.84413
[2024-04-25 17:13:05.685] [jointLog] [info] iteration = 600 | max rel diff. = 0.482011
[2024-04-25 17:13:10.232] [jointLog] [info] iteration = 700 | max rel diff. = 6.32165
[2024-04-25 17:13:14.736] [jointLog] [info] iteration = 800 | max rel diff. = 0.251063
[2024-04-25 17:13:19.294] [jointLog] [info] iteration = 900 | max rel diff. = 0.15184
[2024-04-25 17:13:23.797] [jointLog] [info] iteration = 1,000 | max rel diff. = 0.341144
[2024-04-25 17:13:28.324] [jointLog] [info] iteration = 1,100 | max rel diff. = 0.34385
[2024-04-25 17:13:32.876] [jointLog] [info] iteration = 1,200 | max rel diff. = 0.163369
[2024-04-25 17:13:37.381] [jointLog] [info] iteration = 1,300 | max rel diff. = 0.112388
[2024-04-25 17:13:41.879] [jointLog] [info] iteration = 1,400 | max rel diff. = 0.343579
[2024-04-25 17:13:46.366] [jointLog] [info] iteration = 1,500 | max rel diff. = 0.0339183
[2024-04-25 17:13:50.886] [jointLog] [info] iteration = 1,600 | max rel diff. = 0.112528
[2024-04-25 17:13:55.419] [jointLog] [info] iteration = 1,700 | max rel diff. = 0.0307151
[2024-04-25 17:13:59.951] [jointLog] [info] iteration = 1,800 | max rel diff. = 0.156082
[2024-04-25 17:14:04.481] [jointLog] [info] iteration = 1,900 | max rel diff. = 0.0151894
[2024-04-25 17:14:09.000] [jointLog] [info] iteration = 2,000 | max rel diff. = 0.0318841
[2024-04-25 17:14:12.658] [jointLog] [info] iteration = 2,083 | max rel diff. = 0.00611789
[2024-04-25 17:14:12.668] [jointLog] [info] Finished optimizer
[2024-04-25 17:14:12.668] [jointLog] [info] writing output 

