[2024-05-02 16:54:26.847] [jointLog] [info] setting maxHashResizeThreads to 6
[2024-05-02 16:54:26.847] [jointLog] [info] Fragment incompatibility prior below threshold.  Incompatible fragments will be ignored.
[2024-05-02 16:54:26.847] [jointLog] [info] Usage of --validateMappings implies use of minScoreFraction. Since not explicitly specified, it is being set to 0.65
[2024-05-02 16:54:26.848] [jointLog] [info] Setting consensusSlack to selective-alignment default of 0.35.
[2024-05-02 16:54:26.848] [jointLog] [info] parsing read library format
[2024-05-02 16:54:26.850] [jointLog] [info] There is 1 library.
[2024-05-02 16:54:26.860] [jointLog] [info] Loading pufferfish index
[2024-05-02 16:54:26.864] [jointLog] [info] Loading dense pufferfish index.
[2024-05-02 16:54:30.329] [jointLog] [info] done
[2024-05-02 16:54:30.352] [jointLog] [info] Index contained 192,825 targets
[2024-05-02 16:54:31.755] [jointLog] [info] Number of decoys : 0
[2024-05-02 17:10:04.172] [fileLog] [info] 
At end of round 0
==================
Observed 32936340 total fragments (32936340 in most recent round)

[2024-05-02 17:10:04.171] [jointLog] [info] Computed 336,816 rich equivalence classes for further processing
[2024-05-02 17:10:04.171] [jointLog] [info] Counted 31,547,959 total reads in the equivalence classes 
[2024-05-02 17:10:04.176] [jointLog] [info] Number of mappings discarded because of alignment score : 11,412,143
[2024-05-02 17:10:04.176] [jointLog] [info] Number of fragments entirely discarded because of alignment score : 351,861
[2024-05-02 17:10:04.176] [jointLog] [info] Number of fragments discarded because they are best-mapped to decoys : 0
[2024-05-02 17:10:04.176] [jointLog] [info] Number of fragments discarded because they have only dovetail (discordant) mappings to valid targets : 38,107
[2024-05-02 17:10:04.176] [jointLog] [info] Mapping rate = 95.7847%

[2024-05-02 17:10:04.176] [jointLog] [info] finished quantifyLibrary()
[2024-05-02 17:10:04.190] [jointLog] [info] Starting optimizer
[2024-05-02 17:10:04.295] [jointLog] [info] Marked 0 weighted equivalence classes as degenerate
[2024-05-02 17:10:04.341] [jointLog] [info] iteration = 0 | max rel diff. = 6028.73
[2024-05-02 17:10:04.785] [jointLog] [info] iteration 11, adjusting effective lengths to account for biases
[2024-05-02 17:12:12.405] [jointLog] [info] Computed expected counts (for bias correction)
[2024-05-02 17:12:12.405] [jointLog] [info] processed bias for 0.1% of the transcripts
[2024-05-02 17:12:17.248] [jointLog] [info] processed bias for 10.0% of the transcripts
[2024-05-02 17:12:22.048] [jointLog] [info] processed bias for 20.0% of the transcripts
[2024-05-02 17:12:27.360] [jointLog] [info] processed bias for 30.0% of the transcripts
[2024-05-02 17:12:32.907] [jointLog] [info] processed bias for 40.0% of the transcripts
[2024-05-02 17:12:38.798] [jointLog] [info] processed bias for 50.0% of the transcripts
[2024-05-02 17:12:44.605] [jointLog] [info] processed bias for 60.0% of the transcripts
[2024-05-02 17:12:50.855] [jointLog] [info] processed bias for 70.0% of the transcripts
[2024-05-02 17:12:56.548] [jointLog] [info] processed bias for 80.0% of the transcripts
[2024-05-02 17:13:02.847] [jointLog] [info] processed bias for 90.0% of the transcripts
[2024-05-02 17:13:04.263] [jointLog] [info] processed bias for 100.0% of the transcripts
[2024-05-02 17:13:04.264] [jointLog] [info] processed bias for 100.0% of the transcripts
[2024-05-02 17:13:08.203] [jointLog] [info] iteration = 100 | max rel diff. = 19.4052
[2024-05-02 17:13:12.488] [jointLog] [info] iteration = 200 | max rel diff. = 2.03339
[2024-05-02 17:13:16.734] [jointLog] [info] iteration = 300 | max rel diff. = 13.4437
[2024-05-02 17:13:21.002] [jointLog] [info] iteration = 400 | max rel diff. = 6.82192
[2024-05-02 17:13:25.237] [jointLog] [info] iteration = 500 | max rel diff. = 9.76175
[2024-05-02 17:13:29.467] [jointLog] [info] iteration = 600 | max rel diff. = 7.64628
[2024-05-02 17:13:33.734] [jointLog] [info] iteration = 700 | max rel diff. = 1.68076
[2024-05-02 17:13:37.997] [jointLog] [info] iteration = 800 | max rel diff. = 7.52637
[2024-05-02 17:13:42.264] [jointLog] [info] iteration = 900 | max rel diff. = 18.1105
[2024-05-02 17:13:46.544] [jointLog] [info] iteration = 1,000 | max rel diff. = 0.68402
[2024-05-02 17:13:50.805] [jointLog] [info] iteration = 1,100 | max rel diff. = 0.172291
[2024-05-02 17:13:55.066] [jointLog] [info] iteration = 1,200 | max rel diff. = 0.0524762
[2024-05-02 17:13:59.343] [jointLog] [info] iteration = 1,300 | max rel diff. = 3.62727
[2024-05-02 17:14:03.640] [jointLog] [info] iteration = 1,400 | max rel diff. = 0.24707
[2024-05-02 17:14:07.945] [jointLog] [info] iteration = 1,500 | max rel diff. = 11.2297
[2024-05-02 17:14:09.851] [jointLog] [info] iteration = 1,546 | max rel diff. = 0.0085138
[2024-05-02 17:14:09.856] [jointLog] [info] Finished optimizer
[2024-05-02 17:14:09.856] [jointLog] [info] writing output 

ut 

