[2024-04-25 16:15:22.809] [jointLog] [info] setting maxHashResizeThreads to 8
[2024-04-25 16:15:22.809] [jointLog] [info] Fragment incompatibility prior below threshold.  Incompatible fragments will be ignored.
[2024-04-25 16:15:22.809] [jointLog] [info] Usage of --validateMappings implies use of minScoreFraction. Since not explicitly specified, it is being set to 0.65
[2024-04-25 16:15:22.809] [jointLog] [info] Setting consensusSlack to selective-alignment default of 0.35.
[2024-04-25 16:15:22.809] [jointLog] [info] parsing read library format
[2024-04-25 16:15:22.812] [jointLog] [info] There is 1 library.
[2024-04-25 16:15:22.817] [jointLog] [info] Loading pufferfish index
[2024-04-25 16:15:22.819] [jointLog] [info] Loading dense pufferfish index.
[2024-04-25 16:15:26.627] [jointLog] [info] done
[2024-04-25 16:15:26.753] [jointLog] [info] Index contained 192,825 targets
[2024-04-25 16:15:26.808] [jointLog] [info] Number of decoys : 0
[2024-04-25 16:15:29.344] [jointLog] [info] Automatically detected most likely library type as IU

[2024-04-25 17:11:11.814] [fileLog] [info] 
At end of round 0
==================
Observed 36226723 total fragments (36226723 in most recent round)

[2024-04-25 17:11:11.805] [jointLog] [info] Computed 343,237 rich equivalence classes for further processing
[2024-04-25 17:11:11.807] [jointLog] [info] Counted 34,306,624 total reads in the equivalence classes 
[2024-04-25 17:11:12.096] [jointLog] [info] Number of mappings discarded because of alignment score : 12,275,870
[2024-04-25 17:11:12.096] [jointLog] [info] Number of fragments entirely discarded because of alignment score : 456,033
[2024-04-25 17:11:12.096] [jointLog] [info] Number of fragments discarded because they are best-mapped to decoys : 0
[2024-04-25 17:11:12.096] [jointLog] [info] Number of fragments discarded because they have only dovetail (discordant) mappings to valid targets : 46,530
[2024-04-25 17:11:12.096] [jointLog] [info] Mapping rate = 94.6998%

[2024-04-25 17:11:12.096] [jointLog] [info] finished quantifyLibrary()
[2024-04-25 17:11:12.114] [jointLog] [info] Starting optimizer
[2024-04-25 17:11:13.075] [jointLog] [info] Marked 0 weighted equivalence classes as degenerate
[2024-04-25 17:11:13.125] [jointLog] [info] iteration = 0 | max rel diff. = 5539.53
[2024-04-25 17:11:17.673] [jointLog] [info] iteration = 100 | max rel diff. = 19.7576
[2024-04-25 17:11:22.176] [jointLog] [info] iteration = 200 | max rel diff. = 10.1226
[2024-04-25 17:11:26.657] [jointLog] [info] iteration = 300 | max rel diff. = 20.2356
[2024-04-25 17:11:31.127] [jointLog] [info] iteration = 400 | max rel diff. = 2.21231
[2024-04-25 17:11:35.623] [jointLog] [info] iteration = 500 | max rel diff. = 4.20487
[2024-04-25 17:11:40.053] [jointLog] [info] iteration = 600 | max rel diff. = 4.99587
[2024-04-25 17:11:44.525] [jointLog] [info] iteration = 700 | max rel diff. = 0.575044
[2024-04-25 17:11:49.009] [jointLog] [info] iteration = 800 | max rel diff. = 0.150679
[2024-04-25 17:11:53.513] [jointLog] [info] iteration = 900 | max rel diff. = 0.898893
[2024-04-25 17:11:57.930] [jointLog] [info] iteration = 1,000 | max rel diff. = 0.0738935
[2024-04-25 17:12:02.391] [jointLog] [info] iteration = 1,100 | max rel diff. = 0.282472
[2024-04-25 17:12:06.887] [jointLog] [info] iteration = 1,200 | max rel diff. = 0.0825965
[2024-04-25 17:12:11.338] [jointLog] [info] iteration = 1,300 | max rel diff. = 0.0824335
[2024-04-25 17:12:15.830] [jointLog] [info] iteration = 1,400 | max rel diff. = 0.163529
[2024-04-25 17:12:20.296] [jointLog] [info] iteration = 1,500 | max rel diff. = 0.0269261
[2024-04-25 17:12:24.772] [jointLog] [info] iteration = 1,600 | max rel diff. = 0.243958
[2024-04-25 17:12:29.200] [jointLog] [info] iteration = 1,700 | max rel diff. = 0.0894297
[2024-04-25 17:12:33.680] [jointLog] [info] iteration = 1,800 | max rel diff. = 0.0357515
[2024-04-25 17:12:38.150] [jointLog] [info] iteration = 1,900 | max rel diff. = 0.0192402
[2024-04-25 17:12:42.591] [jointLog] [info] iteration = 2,000 | max rel diff. = 0.261955
[2024-04-25 17:12:47.078] [jointLog] [info] iteration = 2,100 | max rel diff. = 0.013226
[2024-04-25 17:12:50.037] [jointLog] [info] iteration = 2,167 | max rel diff. = 0.00399773
[2024-04-25 17:12:50.047] [jointLog] [info] Finished optimizer
[2024-04-25 17:12:50.047] [jointLog] [info] writing output 

