[2024-05-02 15:22:49.326] [jointLog] [info] setting maxHashResizeThreads to 6
[2024-05-02 15:22:49.326] [jointLog] [info] Fragment incompatibility prior below threshold.  Incompatible fragments will be ignored.
[2024-05-02 15:22:49.326] [jointLog] [info] Usage of --validateMappings implies use of minScoreFraction. Since not explicitly specified, it is being set to 0.65
[2024-05-02 15:22:49.326] [jointLog] [info] Setting consensusSlack to selective-alignment default of 0.35.
[2024-05-02 15:22:49.326] [jointLog] [info] parsing read library format
[2024-05-02 15:22:49.326] [jointLog] [info] There is 1 library.
[2024-05-02 15:22:49.354] [jointLog] [info] Loading pufferfish index
[2024-05-02 15:22:49.360] [jointLog] [info] Loading dense pufferfish index.
[2024-05-02 15:23:01.274] [jointLog] [info] done
[2024-05-02 15:23:01.319] [jointLog] [info] Index contained 192,825 targets
[2024-05-02 15:23:03.306] [jointLog] [info] Number of decoys : 0
[2024-05-02 15:49:00.042] [fileLog] [info] 
At end of round 0
==================
Observed 39377480 total fragments (39377480 in most recent round)

[2024-05-02 15:49:00.042] [jointLog] [info] Computed 348,059 rich equivalence classes for further processing
[2024-05-02 15:49:00.042] [jointLog] [info] Counted 37,244,741 total reads in the equivalence classes 
[2024-05-02 15:49:00.048] [jointLog] [info] Number of mappings discarded because of alignment score : 12,938,108
[2024-05-02 15:49:00.048] [jointLog] [info] Number of fragments entirely discarded because of alignment score : 486,237
[2024-05-02 15:49:00.048] [jointLog] [info] Number of fragments discarded because they are best-mapped to decoys : 0
[2024-05-02 15:49:00.048] [jointLog] [info] Number of fragments discarded because they have only dovetail (discordant) mappings to valid targets : 38,851
[2024-05-02 15:49:00.048] [jointLog] [info] Mapping rate = 94.5839%

[2024-05-02 15:49:00.048] [jointLog] [info] finished quantifyLibrary()
[2024-05-02 15:49:00.055] [jointLog] [info] Starting optimizer
[2024-05-02 15:49:00.243] [jointLog] [info] Marked 0 weighted equivalence classes as degenerate
[2024-05-02 15:49:00.306] [jointLog] [info] iteration = 0 | max rel diff. = 4862.55
[2024-05-02 15:49:00.899] [jointLog] [info] iteration 11, adjusting effective lengths to account for biases
[2024-05-02 15:50:49.120] [jointLog] [info] Computed expected counts (for bias correction)
[2024-05-02 15:50:49.121] [jointLog] [info] processed bias for 0.1% of the transcripts
[2024-05-02 15:50:56.506] [jointLog] [info] processed bias for 10.0% of the transcripts
[2024-05-02 15:51:03.757] [jointLog] [info] processed bias for 20.0% of the transcripts
[2024-05-02 15:51:11.831] [jointLog] [info] processed bias for 30.0% of the transcripts
[2024-05-02 15:51:20.266] [jointLog] [info] processed bias for 40.0% of the transcripts
[2024-05-02 15:51:29.269] [jointLog] [info] processed bias for 50.0% of the transcripts
[2024-05-02 15:51:38.094] [jointLog] [info] processed bias for 60.0% of the transcripts
[2024-05-02 15:51:47.620] [jointLog] [info] processed bias for 70.0% of the transcripts
[2024-05-02 15:51:56.265] [jointLog] [info] processed bias for 80.0% of the transcripts
[2024-05-02 15:52:05.827] [jointLog] [info] processed bias for 90.0% of the transcripts
[2024-05-02 15:52:08.008] [jointLog] [info] processed bias for 100.0% of the transcripts
[2024-05-02 15:52:08.009] [jointLog] [info] processed bias for 100.0% of the transcripts
[2024-05-02 15:52:13.331] [jointLog] [info] iteration = 100 | max rel diff. = 16.8501
[2024-05-02 15:52:19.155] [jointLog] [info] iteration = 200 | max rel diff. = 20.8173
[2024-05-02 15:52:24.979] [jointLog] [info] iteration = 300 | max rel diff. = 10.144
[2024-05-02 15:52:30.814] [jointLog] [info] iteration = 400 | max rel diff. = 1.72015
[2024-05-02 15:52:36.638] [jointLog] [info] iteration = 500 | max rel diff. = 5.62628
[2024-05-02 15:52:42.453] [jointLog] [info] iteration = 600 | max rel diff. = 1.75147
[2024-05-02 15:52:48.275] [jointLog] [info] iteration = 700 | max rel diff. = 11.6818
[2024-05-02 15:52:54.093] [jointLog] [info] iteration = 800 | max rel diff. = 1.10592
[2024-05-02 15:52:59.937] [jointLog] [info] iteration = 900 | max rel diff. = 0.364681
[2024-05-02 15:53:05.757] [jointLog] [info] iteration = 1,000 | max rel diff. = 2.01046
[2024-05-02 15:53:11.580] [jointLog] [info] iteration = 1,100 | max rel diff. = 0.232293
[2024-05-02 15:53:17.406] [jointLog] [info] iteration = 1,200 | max rel diff. = 0.222228
[2024-05-02 15:53:23.236] [jointLog] [info] iteration = 1,300 | max rel diff. = 0.0813948
[2024-05-02 15:53:29.066] [jointLog] [info] iteration = 1,400 | max rel diff. = 0.101787
[2024-05-02 15:53:34.888] [jointLog] [info] iteration = 1,500 | max rel diff. = 0.0848253
[2024-05-02 15:53:40.705] [jointLog] [info] iteration = 1,600 | max rel diff. = 0.0169483
[2024-05-02 15:53:46.533] [jointLog] [info] iteration = 1,700 | max rel diff. = 0.120724
[2024-05-02 15:53:52.354] [jointLog] [info] iteration = 1,800 | max rel diff. = 0.0685056
[2024-05-02 15:53:58.190] [jointLog] [info] iteration = 1,900 | max rel diff. = 1.37608
[2024-05-02 15:54:04.007] [jointLog] [info] iteration = 2,000 | max rel diff. = 0.0638611
[2024-05-02 15:54:04.996] [jointLog] [info] iteration = 2,018 | max rel diff. = 0.0067989
[2024-05-02 15:54:05.017] [jointLog] [info] Finished optimizer
[2024-05-02 15:54:05.017] [jointLog] [info] writing output 

