[2024-05-02 14:53:21.959] [jointLog] [info] setting maxHashResizeThreads to 6
[2024-05-02 14:53:21.959] [jointLog] [info] Fragment incompatibility prior below threshold.  Incompatible fragments will be ignored.
[2024-05-02 14:53:21.959] [jointLog] [info] Usage of --validateMappings implies use of minScoreFraction. Since not explicitly specified, it is being set to 0.65
[2024-05-02 14:53:21.960] [jointLog] [info] Setting consensusSlack to selective-alignment default of 0.35.
[2024-05-02 14:53:21.960] [jointLog] [info] parsing read library format
[2024-05-02 14:53:21.970] [jointLog] [info] There is 1 library.
[2024-05-02 14:53:22.001] [jointLog] [info] Loading pufferfish index
[2024-05-02 14:53:22.004] [jointLog] [info] Loading dense pufferfish index.
[2024-05-02 14:56:02.280] [jointLog] [info] done
[2024-05-02 14:56:02.441] [jointLog] [info] Index contained 192,825 targets
[2024-05-02 14:56:04.291] [jointLog] [info] Number of decoys : 0
[2024-05-02 15:18:13.591] [jointLog] [info] Computed 337,300 rich equivalence classes for further processing
[2024-05-02 15:18:13.591] [jointLog] [info] Counted 31,547,959 total reads in the equivalence classes 
[2024-05-02 15:18:13.602] [jointLog] [info] Number of mappings discarded because of alignment score : 11,412,143
[2024-05-02 15:18:13.602] [jointLog] [info] Number of fragments entirely discarded because of alignment score : 351,861
[2024-05-02 15:18:13.602] [jointLog] [info] Number of fragments discarded because they are best-mapped to decoys : 0
[2024-05-02 15:18:13.602] [jointLog] [info] Number of fragments discarded because they have only dovetail (discordant) mappings to valid targets : 38,107
[2024-05-02 15:18:13.602] [jointLog] [info] Mapping rate = 95.7847%

[2024-05-02 15:18:13.602] [jointLog] [info] finished quantifyLibrary()
[2024-05-02 15:18:13.627] [jointLog] [info] Starting optimizer
[2024-05-02 15:18:13.831] [jointLog] [info] Marked 0 weighted equivalence classes as degenerate
[2024-05-02 15:18:13.872] [jointLog] [info] iteration = 0 | max rel diff. = 59.3785
[2024-05-02 15:18:13.596] [fileLog] [info] 
At end of round 0
==================
Observed 32936340 total fragments (32936340 in most recent round)

[2024-05-02 15:18:14.278] [jointLog] [info] iteration 11, adjusting effective lengths to account for biases
[2024-05-02 15:20:24.968] [jointLog] [info] Computed expected counts (for bias correction)
[2024-05-02 15:20:24.968] [jointLog] [info] processed bias for 0.1% of the transcripts
[2024-05-02 15:20:33.879] [jointLog] [info] processed bias for 10.0% of the transcripts
[2024-05-02 15:20:42.565] [jointLog] [info] processed bias for 20.0% of the transcripts
[2024-05-02 15:20:52.307] [jointLog] [info] processed bias for 30.0% of the transcripts
[2024-05-02 15:21:02.364] [jointLog] [info] processed bias for 40.0% of the transcripts
[2024-05-02 15:21:13.223] [jointLog] [info] processed bias for 50.0% of the transcripts
[2024-05-02 15:21:23.990] [jointLog] [info] processed bias for 60.0% of the transcripts
[2024-05-02 15:21:35.658] [jointLog] [info] processed bias for 70.0% of the transcripts
[2024-05-02 15:21:46.200] [jointLog] [info] processed bias for 80.0% of the transcripts
[2024-05-02 15:21:57.769] [jointLog] [info] processed bias for 90.0% of the transcripts
[2024-05-02 15:22:00.326] [jointLog] [info] processed bias for 100.0% of the transcripts
[2024-05-02 15:22:00.326] [jointLog] [info] processed bias for 100.0% of the transcripts
[2024-05-02 15:22:04.058] [jointLog] [info] iteration = 100 | max rel diff. = 0.147753
[2024-05-02 15:22:08.152] [jointLog] [info] iteration = 200 | max rel diff. = 0.0901385
[2024-05-02 15:22:12.257] [jointLog] [info] iteration = 300 | max rel diff. = 0.042543
[2024-05-02 15:22:16.380] [jointLog] [info] iteration = 400 | max rel diff. = 0.0324656
[2024-05-02 15:22:20.524] [jointLog] [info] iteration = 500 | max rel diff. = 0.0277895
[2024-05-02 15:22:24.701] [jointLog] [info] iteration = 600 | max rel diff. = 0.0213845
[2024-05-02 15:22:28.909] [jointLog] [info] iteration = 700 | max rel diff. = 0.019316
[2024-05-02 15:22:33.134] [jointLog] [info] iteration = 800 | max rel diff. = 0.0162125
[2024-05-02 15:22:37.366] [jointLog] [info] iteration = 900 | max rel diff. = 0.0145704
[2024-05-02 15:22:41.627] [jointLog] [info] iteration = 1,000 | max rel diff. = 0.0114132
[2024-05-02 15:22:45.909] [jointLog] [info] iteration = 1,100 | max rel diff. = 0.0101193
[2024-05-02 15:22:47.160] [jointLog] [info] iteration = 1,130 | max rel diff. = 0.00965835
[2024-05-02 15:22:47.179] [jointLog] [info] Finished optimizer
[2024-05-02 15:22:47.179] [jointLog] [info] writing output 

