[2024-05-02 17:29:30.700] [jointLog] [info] setting maxHashResizeThreads to 6
[2024-05-02 17:29:30.700] [jointLog] [info] Fragment incompatibility prior below threshold.  Incompatible fragments will be ignored.
[2024-05-02 17:29:30.700] [jointLog] [info] Usage of --validateMappings implies use of minScoreFraction. Since not explicitly specified, it is being set to 0.65
[2024-05-02 17:29:30.701] [jointLog] [info] Setting consensusSlack to selective-alignment default of 0.35.
[2024-05-02 17:29:30.701] [jointLog] [info] parsing read library format
[2024-05-02 17:29:30.702] [jointLog] [info] There is 1 library.
[2024-05-02 17:29:30.708] [jointLog] [info] Loading pufferfish index
[2024-05-02 17:29:30.710] [jointLog] [info] Loading dense pufferfish index.
[2024-05-02 17:29:34.109] [jointLog] [info] done
[2024-05-02 17:29:34.132] [jointLog] [info] Index contained 192,825 targets
[2024-05-02 17:29:35.504] [jointLog] [info] Number of decoys : 0
[2024-05-02 17:47:04.535] [fileLog] [info] 
At end of round 0
==================
Observed 38465853 total fragments (38465853 in most recent round)

[2024-05-02 17:47:04.534] [jointLog] [info] Computed 346,448 rich equivalence classes for further processing
[2024-05-02 17:47:04.534] [jointLog] [info] Counted 36,213,654 total reads in the equivalence classes 
[2024-05-02 17:47:04.539] [jointLog] [info] Number of mappings discarded because of alignment score : 12,401,984
[2024-05-02 17:47:04.539] [jointLog] [info] Number of fragments entirely discarded because of alignment score : 485,081
[2024-05-02 17:47:04.539] [jointLog] [info] Number of fragments discarded because they are best-mapped to decoys : 0
[2024-05-02 17:47:04.539] [jointLog] [info] Number of fragments discarded because they have only dovetail (discordant) mappings to valid targets : 46,450
[2024-05-02 17:47:04.539] [jointLog] [info] Mapping rate = 94.1449%

[2024-05-02 17:47:04.539] [jointLog] [info] finished quantifyLibrary()
[2024-05-02 17:47:04.549] [jointLog] [info] Starting optimizer
[2024-05-02 17:47:04.652] [jointLog] [info] Marked 0 weighted equivalence classes as degenerate
[2024-05-02 17:47:04.700] [jointLog] [info] iteration = 0 | max rel diff. = 5087.86
[2024-05-02 17:47:05.141] [jointLog] [info] iteration 11, adjusting effective lengths to account for biases
[2024-05-02 17:49:12.793] [jointLog] [info] Computed expected counts (for bias correction)
[2024-05-02 17:49:12.793] [jointLog] [info] processed bias for 0.1% of the transcripts
[2024-05-02 17:49:17.761] [jointLog] [info] processed bias for 10.0% of the transcripts
[2024-05-02 17:49:22.650] [jointLog] [info] processed bias for 20.0% of the transcripts
[2024-05-02 17:49:28.068] [jointLog] [info] processed bias for 30.0% of the transcripts
[2024-05-02 17:49:33.726] [jointLog] [info] processed bias for 40.0% of the transcripts
[2024-05-02 17:49:39.797] [jointLog] [info] processed bias for 50.0% of the transcripts
[2024-05-02 17:49:45.710] [jointLog] [info] processed bias for 60.0% of the transcripts
[2024-05-02 17:49:52.070] [jointLog] [info] processed bias for 70.0% of the transcripts
[2024-05-02 17:49:57.924] [jointLog] [info] processed bias for 80.0% of the transcripts
[2024-05-02 17:50:04.407] [jointLog] [info] processed bias for 90.0% of the transcripts
[2024-05-02 17:50:05.862] [jointLog] [info] processed bias for 100.0% of the transcripts
[2024-05-02 17:50:05.863] [jointLog] [info] processed bias for 100.0% of the transcripts
[2024-05-02 17:50:09.884] [jointLog] [info] iteration = 100 | max rel diff. = 15.0484
[2024-05-02 17:50:14.236] [jointLog] [info] iteration = 200 | max rel diff. = 9.64069
[2024-05-02 17:50:18.625] [jointLog] [info] iteration = 300 | max rel diff. = 2.95073
[2024-05-02 17:50:22.978] [jointLog] [info] iteration = 400 | max rel diff. = 0.502505
[2024-05-02 17:50:27.362] [jointLog] [info] iteration = 500 | max rel diff. = 3.82442
[2024-05-02 17:50:31.765] [jointLog] [info] iteration = 600 | max rel diff. = 0.224369
[2024-05-02 17:50:36.133] [jointLog] [info] iteration = 700 | max rel diff. = 0.885487
[2024-05-02 17:50:40.533] [jointLog] [info] iteration = 800 | max rel diff. = 4.29672
[2024-05-02 17:50:44.942] [jointLog] [info] iteration = 900 | max rel diff. = 0.055227
[2024-05-02 17:50:49.363] [jointLog] [info] iteration = 1,000 | max rel diff. = 0.318862
[2024-05-02 17:50:53.735] [jointLog] [info] iteration = 1,100 | max rel diff. = 0.533647
[2024-05-02 17:50:58.114] [jointLog] [info] iteration = 1,200 | max rel diff. = 0.521957
[2024-05-02 17:51:02.472] [jointLog] [info] iteration = 1,300 | max rel diff. = 0.225054
[2024-05-02 17:51:06.861] [jointLog] [info] iteration = 1,400 | max rel diff. = 0.0313319
[2024-05-02 17:51:11.272] [jointLog] [info] iteration = 1,500 | max rel diff. = 0.259921
[2024-05-02 17:51:15.695] [jointLog] [info] iteration = 1,600 | max rel diff. = 0.0754116
[2024-05-02 17:51:20.112] [jointLog] [info] iteration = 1,700 | max rel diff. = 0.321113
[2024-05-02 17:51:24.468] [jointLog] [info] iteration = 1,800 | max rel diff. = 0.0466706
[2024-05-02 17:51:28.863] [jointLog] [info] iteration = 1,900 | max rel diff. = 0.266063
[2024-05-02 17:51:33.312] [jointLog] [info] iteration = 2,000 | max rel diff. = 0.0341284
[2024-05-02 17:51:37.732] [jointLog] [info] iteration = 2,100 | max rel diff. = 5.82213
[2024-05-02 17:51:42.169] [jointLog] [info] iteration = 2,200 | max rel diff. = 0.992943
[2024-05-02 17:51:44.111] [jointLog] [info] iteration = 2,245 | max rel diff. = 0.00556856
[2024-05-02 17:51:44.115] [jointLog] [info] Finished optimizer
[2024-05-02 17:51:44.115] [jointLog] [info] writing output 

