[2024-04-25 16:15:22.985] [jointLog] [info] setting maxHashResizeThreads to 8
[2024-04-25 16:15:22.985] [jointLog] [info] Fragment incompatibility prior below threshold.  Incompatible fragments will be ignored.
[2024-04-25 16:15:22.985] [jointLog] [info] Usage of --validateMappings implies use of minScoreFraction. Since not explicitly specified, it is being set to 0.65
[2024-04-25 16:15:22.985] [jointLog] [info] Setting consensusSlack to selective-alignment default of 0.35.
[2024-04-25 16:15:22.985] [jointLog] [info] parsing read library format
[2024-04-25 16:15:22.987] [jointLog] [info] There is 1 library.
[2024-04-25 16:15:22.996] [jointLog] [info] Loading pufferfish index
[2024-04-25 16:15:23.000] [jointLog] [info] Loading dense pufferfish index.
[2024-04-25 16:15:26.636] [jointLog] [info] done
[2024-04-25 16:15:26.782] [jointLog] [info] Index contained 192,825 targets
[2024-04-25 16:15:26.839] [jointLog] [info] Number of decoys : 0
[2024-04-25 16:15:29.507] [jointLog] [info] Automatically detected most likely library type as IU

[2024-04-25 17:10:04.028] [jointLog] [info] Computed 338,527 rich equivalence classes for further processing
[2024-04-25 17:10:04.030] [jointLog] [info] Counted 32,423,363 total reads in the equivalence classes 
[2024-04-25 17:10:04.252] [jointLog] [info] Number of mappings discarded because of alignment score : 11,937,490
[2024-04-25 17:10:04.252] [jointLog] [info] Number of fragments entirely discarded because of alignment score : 353,905
[2024-04-25 17:10:04.252] [jointLog] [info] Number of fragments discarded because they are best-mapped to decoys : 0
[2024-04-25 17:10:04.252] [jointLog] [info] Number of fragments discarded because they have only dovetail (discordant) mappings to valid targets : 44,024
[2024-04-25 17:10:04.252] [jointLog] [info] Mapping rate = 96.072%

[2024-04-25 17:10:04.252] [jointLog] [info] finished quantifyLibrary()
[2024-04-25 17:10:04.269] [jointLog] [info] Starting optimizer
[2024-04-25 17:10:04.035] [fileLog] [info] 
At end of round 0
==================
Observed 33749033 total fragments (33749033 in most recent round)

[2024-04-25 17:10:05.224] [jointLog] [info] Marked 0 weighted equivalence classes as degenerate
[2024-04-25 17:10:05.274] [jointLog] [info] iteration = 0 | max rel diff. = 5842.06
[2024-04-25 17:10:09.822] [jointLog] [info] iteration = 100 | max rel diff. = 15.4416
[2024-04-25 17:10:14.301] [jointLog] [info] iteration = 200 | max rel diff. = 8.37706
[2024-04-25 17:10:18.750] [jointLog] [info] iteration = 300 | max rel diff. = 1.23416
[2024-04-25 17:10:23.223] [jointLog] [info] iteration = 400 | max rel diff. = 6.24608
[2024-04-25 17:10:27.703] [jointLog] [info] iteration = 500 | max rel diff. = 1.03243
[2024-04-25 17:10:32.136] [jointLog] [info] iteration = 600 | max rel diff. = 7.36477
[2024-04-25 17:10:36.591] [jointLog] [info] iteration = 700 | max rel diff. = 0.326495
[2024-04-25 17:10:41.061] [jointLog] [info] iteration = 800 | max rel diff. = 0.0674631
[2024-04-25 17:10:45.526] [jointLog] [info] iteration = 900 | max rel diff. = 0.158419
[2024-04-25 17:10:49.989] [jointLog] [info] iteration = 1,000 | max rel diff. = 17.159
[2024-04-25 17:10:54.441] [jointLog] [info] iteration = 1,100 | max rel diff. = 0.0519278
[2024-04-25 17:10:58.885] [jointLog] [info] iteration = 1,200 | max rel diff. = 0.0871161
[2024-04-25 17:11:03.311] [jointLog] [info] iteration = 1,300 | max rel diff. = 0.760763
[2024-04-25 17:11:07.764] [jointLog] [info] iteration = 1,400 | max rel diff. = 0.133811
[2024-04-25 17:11:12.230] [jointLog] [info] iteration = 1,500 | max rel diff. = 0.206289
[2024-04-25 17:11:16.687] [jointLog] [info] iteration = 1,600 | max rel diff. = 0.0279805
[2024-04-25 17:11:21.131] [jointLog] [info] iteration = 1,700 | max rel diff. = 0.0406621
[2024-04-25 17:11:25.560] [jointLog] [info] iteration = 1,800 | max rel diff. = 0.302381
[2024-04-25 17:11:25.741] [jointLog] [info] iteration = 1,805 | max rel diff. = 0.00576776
[2024-04-25 17:11:25.752] [jointLog] [info] Finished optimizer
[2024-04-25 17:11:25.752] [jointLog] [info] writing output 

