[2024-04-25 16:15:22.909] [jointLog] [info] setting maxHashResizeThreads to 8
[2024-04-25 16:15:22.909] [jointLog] [info] Fragment incompatibility prior below threshold.  Incompatible fragments will be ignored.
[2024-04-25 16:15:22.909] [jointLog] [info] Usage of --validateMappings implies use of minScoreFraction. Since not explicitly specified, it is being set to 0.65
[2024-04-25 16:15:22.909] [jointLog] [info] Setting consensusSlack to selective-alignment default of 0.35.
[2024-04-25 16:15:22.909] [jointLog] [info] parsing read library format
[2024-04-25 16:15:22.912] [jointLog] [info] There is 1 library.
[2024-04-25 16:15:22.917] [jointLog] [info] Loading pufferfish index
[2024-04-25 16:15:22.919] [jointLog] [info] Loading dense pufferfish index.
[2024-04-25 16:15:26.628] [jointLog] [info] done
[2024-04-25 16:15:26.775] [jointLog] [info] Index contained 192,825 targets
[2024-04-25 16:15:26.830] [jointLog] [info] Number of decoys : 0
[2024-04-25 16:15:29.522] [jointLog] [info] Automatically detected most likely library type as IU

[2024-04-25 17:11:17.990] [jointLog] [info] Computed 344,645 rich equivalence classes for further processing
[2024-04-25 17:11:17.992] [jointLog] [info] Counted 35,919,038 total reads in the equivalence classes 
[2024-04-25 17:11:18.157] [jointLog] [info] Number of mappings discarded because of alignment score : 12,141,331
[2024-04-25 17:11:18.157] [jointLog] [info] Number of fragments entirely discarded because of alignment score : 446,743
[2024-04-25 17:11:18.157] [jointLog] [info] Number of fragments discarded because they are best-mapped to decoys : 0
[2024-04-25 17:11:18.157] [jointLog] [info] Number of fragments discarded because they have only dovetail (discordant) mappings to valid targets : 37,748
[2024-04-25 17:11:18.157] [jointLog] [info] Mapping rate = 95.0329%

[2024-04-25 17:11:18.157] [jointLog] [info] finished quantifyLibrary()
[2024-04-25 17:11:18.175] [jointLog] [info] Starting optimizer
[2024-04-25 17:11:17.996] [fileLog] [info] 
At end of round 0
==================
Observed 37796406 total fragments (37796406 in most recent round)

[2024-04-25 17:11:19.179] [jointLog] [info] Marked 0 weighted equivalence classes as degenerate
[2024-04-25 17:11:19.230] [jointLog] [info] iteration = 0 | max rel diff. = 5235.94
[2024-04-25 17:11:23.791] [jointLog] [info] iteration = 100 | max rel diff. = 18.7236
[2024-04-25 17:11:28.258] [jointLog] [info] iteration = 200 | max rel diff. = 9.39068
[2024-04-25 17:11:32.751] [jointLog] [info] iteration = 300 | max rel diff. = 13.8676
[2024-04-25 17:11:37.287] [jointLog] [info] iteration = 400 | max rel diff. = 1.75204
[2024-04-25 17:11:41.818] [jointLog] [info] iteration = 500 | max rel diff. = 0.971464
[2024-04-25 17:11:46.339] [jointLog] [info] iteration = 600 | max rel diff. = 4.42982
[2024-04-25 17:11:50.956] [jointLog] [info] iteration = 700 | max rel diff. = 0.146752
[2024-04-25 17:11:55.510] [jointLog] [info] iteration = 800 | max rel diff. = 0.275601
[2024-04-25 17:12:00.065] [jointLog] [info] iteration = 900 | max rel diff. = 1.4871
[2024-04-25 17:12:04.605] [jointLog] [info] iteration = 1,000 | max rel diff. = 0.597579
[2024-04-25 17:12:09.150] [jointLog] [info] iteration = 1,100 | max rel diff. = 0.239015
[2024-04-25 17:12:13.663] [jointLog] [info] iteration = 1,200 | max rel diff. = 0.0362092
[2024-04-25 17:12:18.181] [jointLog] [info] iteration = 1,300 | max rel diff. = 0.38257
[2024-04-25 17:12:22.671] [jointLog] [info] iteration = 1,400 | max rel diff. = 0.879662
[2024-04-25 17:12:27.186] [jointLog] [info] iteration = 1,500 | max rel diff. = 0.272804
[2024-04-25 17:12:31.711] [jointLog] [info] iteration = 1,600 | max rel diff. = 0.0712615
[2024-04-25 17:12:36.222] [jointLog] [info] iteration = 1,700 | max rel diff. = 0.030191
[2024-04-25 17:12:40.785] [jointLog] [info] iteration = 1,800 | max rel diff. = 0.016869
[2024-04-25 17:12:45.326] [jointLog] [info] iteration = 1,900 | max rel diff. = 0.0653978
[2024-04-25 17:12:49.869] [jointLog] [info] iteration = 2,000 | max rel diff. = 0.0208433
[2024-04-25 17:12:54.439] [jointLog] [info] iteration = 2,100 | max rel diff. = 0.0808376
[2024-04-25 17:12:57.516] [jointLog] [info] iteration = 2,170 | max rel diff. = 0.00862694
[2024-04-25 17:12:57.528] [jointLog] [info] Finished optimizer
[2024-04-25 17:12:57.528] [jointLog] [info] writing output 

