[2024-05-02 16:54:27.244] [jointLog] [info] setting maxHashResizeThreads to 6
[2024-05-02 16:54:27.244] [jointLog] [info] Fragment incompatibility prior below threshold.  Incompatible fragments will be ignored.
[2024-05-02 16:54:27.244] [jointLog] [info] Usage of --validateMappings implies use of minScoreFraction. Since not explicitly specified, it is being set to 0.65
[2024-05-02 16:54:27.245] [jointLog] [info] Setting consensusSlack to selective-alignment default of 0.35.
[2024-05-02 16:54:27.245] [jointLog] [info] parsing read library format
[2024-05-02 16:54:27.247] [jointLog] [info] There is 1 library.
[2024-05-02 16:54:27.254] [jointLog] [info] Loading pufferfish index
[2024-05-02 16:54:27.256] [jointLog] [info] Loading dense pufferfish index.
[2024-05-02 16:54:30.334] [jointLog] [info] done
[2024-05-02 16:54:30.422] [jointLog] [info] Index contained 192,825 targets
[2024-05-02 16:54:33.456] [jointLog] [info] Number of decoys : 0
[2024-05-02 17:20:42.542] [jointLog] [info] Computed 348,559 rich equivalence classes for further processing
[2024-05-02 17:20:42.542] [jointLog] [info] Counted 34,255,827 total reads in the equivalence classes 
[2024-05-02 17:20:42.551] [jointLog] [info] Number of mappings discarded because of alignment score : 12,335,122
[2024-05-02 17:20:42.551] [jointLog] [info] Number of fragments entirely discarded because of alignment score : 417,761
[2024-05-02 17:20:42.551] [jointLog] [info] Number of fragments discarded because they are best-mapped to decoys : 0
[2024-05-02 17:20:42.551] [jointLog] [info] Number of fragments discarded because they have only dovetail (discordant) mappings to valid targets : 39,617
[2024-05-02 17:20:42.551] [jointLog] [info] Mapping rate = 95.8678%

[2024-05-02 17:20:42.551] [jointLog] [info] finished quantifyLibrary()
[2024-05-02 17:20:42.562] [jointLog] [info] Starting optimizer
[2024-05-02 17:20:42.762] [jointLog] [info] Marked 0 weighted equivalence classes as degenerate
[2024-05-02 17:20:42.544] [fileLog] [info] 
At end of round 0
==================
Observed 35732368 total fragments (35732368 in most recent round)

[2024-05-02 17:20:42.834] [jointLog] [info] iteration = 0 | max rel diff. = 5554.62
[2024-05-02 17:20:43.525] [jointLog] [info] iteration 11, adjusting effective lengths to account for biases
[2024-05-02 17:21:57.797] [jointLog] [info] Computed expected counts (for bias correction)
[2024-05-02 17:21:57.797] [jointLog] [info] processed bias for 0.1% of the transcripts
[2024-05-02 17:22:04.596] [jointLog] [info] processed bias for 10.0% of the transcripts
[2024-05-02 17:22:11.392] [jointLog] [info] processed bias for 20.0% of the transcripts
[2024-05-02 17:22:18.877] [jointLog] [info] processed bias for 30.0% of the transcripts
[2024-05-02 17:22:26.672] [jointLog] [info] processed bias for 40.0% of the transcripts
[2024-05-02 17:22:34.934] [jointLog] [info] processed bias for 50.0% of the transcripts
[2024-05-02 17:22:43.169] [jointLog] [info] processed bias for 60.0% of the transcripts
[2024-05-02 17:22:51.886] [jointLog] [info] processed bias for 70.0% of the transcripts
[2024-05-02 17:22:59.897] [jointLog] [info] processed bias for 80.0% of the transcripts
[2024-05-02 17:23:08.772] [jointLog] [info] processed bias for 90.0% of the transcripts
[2024-05-02 17:23:10.754] [jointLog] [info] processed bias for 100.0% of the transcripts
[2024-05-02 17:23:10.755] [jointLog] [info] processed bias for 100.0% of the transcripts
[2024-05-02 17:23:16.905] [jointLog] [info] iteration = 100 | max rel diff. = 12.3149
[2024-05-02 17:23:23.663] [jointLog] [info] iteration = 200 | max rel diff. = 16.214
[2024-05-02 17:23:30.421] [jointLog] [info] iteration = 300 | max rel diff. = 3.96739
[2024-05-02 17:23:37.172] [jointLog] [info] iteration = 400 | max rel diff. = 15.6548
[2024-05-02 17:23:43.919] [jointLog] [info] iteration = 500 | max rel diff. = 0.550163
[2024-05-02 17:23:50.659] [jointLog] [info] iteration = 600 | max rel diff. = 0.832615
[2024-05-02 17:23:57.397] [jointLog] [info] iteration = 700 | max rel diff. = 0.369372
[2024-05-02 17:24:04.143] [jointLog] [info] iteration = 800 | max rel diff. = 0.11298
[2024-05-02 17:24:10.897] [jointLog] [info] iteration = 900 | max rel diff. = 0.0653081
[2024-05-02 17:24:17.647] [jointLog] [info] iteration = 1,000 | max rel diff. = 1.2814
[2024-05-02 17:24:24.379] [jointLog] [info] iteration = 1,100 | max rel diff. = 1.50163
[2024-05-02 17:24:31.117] [jointLog] [info] iteration = 1,200 | max rel diff. = 0.0762915
[2024-05-02 17:24:37.885] [jointLog] [info] iteration = 1,300 | max rel diff. = 0.212639
[2024-05-02 17:24:44.637] [jointLog] [info] iteration = 1,400 | max rel diff. = 0.0345218
[2024-05-02 17:24:51.382] [jointLog] [info] iteration = 1,500 | max rel diff. = 5.94548
[2024-05-02 17:24:52.191] [jointLog] [info] iteration = 1,513 | max rel diff. = 0.00779923
[2024-05-02 17:24:52.212] [jointLog] [info] Finished optimizer
[2024-05-02 17:24:52.212] [jointLog] [info] writing output 

 

