[2024-05-02 16:54:27.115] [jointLog] [info] setting maxHashResizeThreads to 6
[2024-05-02 16:54:27.115] [jointLog] [info] Fragment incompatibility prior below threshold.  Incompatible fragments will be ignored.
[2024-05-02 16:54:27.115] [jointLog] [info] Usage of --validateMappings implies use of minScoreFraction. Since not explicitly specified, it is being set to 0.65
[2024-05-02 16:54:27.115] [jointLog] [info] Setting consensusSlack to selective-alignment default of 0.35.
[2024-05-02 16:54:27.115] [jointLog] [info] parsing read library format
[2024-05-02 16:54:27.117] [jointLog] [info] There is 1 library.
[2024-05-02 16:54:27.122] [jointLog] [info] Loading pufferfish index
[2024-05-02 16:54:27.124] [jointLog] [info] Loading dense pufferfish index.
[2024-05-02 16:54:30.331] [jointLog] [info] done
[2024-05-02 16:54:30.354] [jointLog] [info] Index contained 192,825 targets
[2024-05-02 16:54:31.731] [jointLog] [info] Number of decoys : 0
[2024-05-02 17:11:26.582] [jointLog] [info] Computed 347,250 rich equivalence classes for further processing
[2024-05-02 17:11:26.582] [jointLog] [info] Counted 34,721,352 total reads in the equivalence classes 
[2024-05-02 17:11:26.588] [jointLog] [info] Number of mappings discarded because of alignment score : 12,260,338
[2024-05-02 17:11:26.588] [jointLog] [info] Number of fragments entirely discarded because of alignment score : 373,133
[2024-05-02 17:11:26.588] [jointLog] [info] Number of fragments discarded because they are best-mapped to decoys : 0
[2024-05-02 17:11:26.588] [jointLog] [info] Number of fragments discarded because they have only dovetail (discordant) mappings to valid targets : 40,796
[2024-05-02 17:11:26.588] [jointLog] [info] Mapping rate = 95.8739%

[2024-05-02 17:11:26.588] [jointLog] [info] finished quantifyLibrary()
[2024-05-02 17:11:26.605] [jointLog] [info] Starting optimizer
[2024-05-02 17:11:26.583] [fileLog] [info] 
At end of round 0
==================
Observed 36215640 total fragments (36215640 in most recent round)

[2024-05-02 17:11:27.231] [jointLog] [info] Marked 0 weighted equivalence classes as degenerate
[2024-05-02 17:11:27.279] [jointLog] [info] iteration = 0 | max rel diff. = 5433.03
[2024-05-02 17:11:27.739] [jointLog] [info] iteration 11, adjusting effective lengths to account for biases
[2024-05-02 17:13:32.340] [jointLog] [info] Computed expected counts (for bias correction)
[2024-05-02 17:13:32.340] [jointLog] [info] processed bias for 0.1% of the transcripts
[2024-05-02 17:13:37.196] [jointLog] [info] processed bias for 10.0% of the transcripts
[2024-05-02 17:13:42.005] [jointLog] [info] processed bias for 20.0% of the transcripts
[2024-05-02 17:13:47.298] [jointLog] [info] processed bias for 30.0% of the transcripts
[2024-05-02 17:13:52.838] [jointLog] [info] processed bias for 40.0% of the transcripts
[2024-05-02 17:13:58.725] [jointLog] [info] processed bias for 50.0% of the transcripts
[2024-05-02 17:14:04.582] [jointLog] [info] processed bias for 60.0% of the transcripts
[2024-05-02 17:14:10.771] [jointLog] [info] processed bias for 70.0% of the transcripts
[2024-05-02 17:14:16.498] [jointLog] [info] processed bias for 80.0% of the transcripts
[2024-05-02 17:14:22.784] [jointLog] [info] processed bias for 90.0% of the transcripts
[2024-05-02 17:14:24.204] [jointLog] [info] processed bias for 100.0% of the transcripts
[2024-05-02 17:14:24.204] [jointLog] [info] processed bias for 100.0% of the transcripts
[2024-05-02 17:14:28.253] [jointLog] [info] iteration = 100 | max rel diff. = 17.2056
[2024-05-02 17:14:32.682] [jointLog] [info] iteration = 200 | max rel diff. = 5.89925
[2024-05-02 17:14:37.160] [jointLog] [info] iteration = 300 | max rel diff. = 3.2849
[2024-05-02 17:14:41.645] [jointLog] [info] iteration = 400 | max rel diff. = 4.02805
[2024-05-02 17:14:46.086] [jointLog] [info] iteration = 500 | max rel diff. = 6.12011
[2024-05-02 17:14:50.474] [jointLog] [info] iteration = 600 | max rel diff. = 6.24584
[2024-05-02 17:14:54.885] [jointLog] [info] iteration = 700 | max rel diff. = 5.21934
[2024-05-02 17:14:59.327] [jointLog] [info] iteration = 800 | max rel diff. = 0.451784
[2024-05-02 17:15:03.784] [jointLog] [info] iteration = 900 | max rel diff. = 19.0151
[2024-05-02 17:15:08.256] [jointLog] [info] iteration = 1,000 | max rel diff. = 0.075024
[2024-05-02 17:15:12.723] [jointLog] [info] iteration = 1,100 | max rel diff. = 1.96011
[2024-05-02 17:15:17.128] [jointLog] [info] iteration = 1,200 | max rel diff. = 0.0679241
[2024-05-02 17:15:21.530] [jointLog] [info] iteration = 1,300 | max rel diff. = 0.545188
[2024-05-02 17:15:25.917] [jointLog] [info] iteration = 1,400 | max rel diff. = 1.20359
[2024-05-02 17:15:30.317] [jointLog] [info] iteration = 1,500 | max rel diff. = 1.86742
[2024-05-02 17:15:34.737] [jointLog] [info] iteration = 1,600 | max rel diff. = 0.0866948
[2024-05-02 17:15:39.144] [jointLog] [info] iteration = 1,700 | max rel diff. = 0.0905418
[2024-05-02 17:15:43.551] [jointLog] [info] iteration = 1,800 | max rel diff. = 0.0152369
[2024-05-02 17:15:48.014] [jointLog] [info] iteration = 1,900 | max rel diff. = 0.0144931
[2024-05-02 17:15:52.499] [jointLog] [info] iteration = 2,000 | max rel diff. = 0.03237
[2024-05-02 17:15:56.906] [jointLog] [info] iteration = 2,100 | max rel diff. = 0.173049
[2024-05-02 17:15:58.585] [jointLog] [info] iteration = 2,139 | max rel diff. = 0.00719021
[2024-05-02 17:15:58.590] [jointLog] [info] Finished optimizer
[2024-05-02 17:15:58.590] [jointLog] [info] writing output 

g] [info] iteration = 2,349 | max rel diff. = 0.00641136
[2024-05-02 17:15:57.147] [jointLog] [info] Finished optimizer
[2024-05-02 17:15:57.147] [jointLog] [info] writing output 

