[2024-05-02 16:54:26.877] [jointLog] [info] setting maxHashResizeThreads to 6
[2024-05-02 16:54:26.877] [jointLog] [info] Fragment incompatibility prior below threshold.  Incompatible fragments will be ignored.
[2024-05-02 16:54:26.877] [jointLog] [info] Usage of --validateMappings implies use of minScoreFraction. Since not explicitly specified, it is being set to 0.65
[2024-05-02 16:54:26.878] [jointLog] [info] Setting consensusSlack to selective-alignment default of 0.35.
[2024-05-02 16:54:26.878] [jointLog] [info] parsing read library format
[2024-05-02 16:54:26.880] [jointLog] [info] There is 1 library.
[2024-05-02 16:54:26.887] [jointLog] [info] Loading pufferfish index
[2024-05-02 16:54:26.889] [jointLog] [info] Loading dense pufferfish index.
[2024-05-02 16:54:30.333] [jointLog] [info] done
[2024-05-02 16:54:30.354] [jointLog] [info] Index contained 192,825 targets
[2024-05-02 16:54:31.728] [jointLog] [info] Number of decoys : 0
[2024-05-02 17:11:04.852] [jointLog] [info] Computed 344,033 rich equivalence classes for further processing
[2024-05-02 17:11:04.852] [jointLog] [info] Counted 32,506,392 total reads in the equivalence classes 
[2024-05-02 17:11:04.857] [jointLog] [info] Number of mappings discarded because of alignment score : 11,706,098
[2024-05-02 17:11:04.857] [jointLog] [info] Number of fragments entirely discarded because of alignment score : 365,235
[2024-05-02 17:11:04.857] [jointLog] [info] Number of fragments discarded because they are best-mapped to decoys : 0
[2024-05-02 17:11:04.857] [jointLog] [info] Number of fragments discarded because they have only dovetail (discordant) mappings to valid targets : 38,817
[2024-05-02 17:11:04.857] [jointLog] [info] Mapping rate = 96.2037%

[2024-05-02 17:11:04.857] [jointLog] [info] finished quantifyLibrary()
[2024-05-02 17:11:04.853] [fileLog] [info] 
At end of round 0
==================
Observed 33789115 total fragments (33789115 in most recent round)

[2024-05-02 17:11:04.865] [jointLog] [info] Starting optimizer
[2024-05-02 17:11:04.970] [jointLog] [info] Marked 0 weighted equivalence classes as degenerate
[2024-05-02 17:11:05.018] [jointLog] [info] iteration = 0 | max rel diff. = 5798.23
[2024-05-02 17:11:05.460] [jointLog] [info] iteration 11, adjusting effective lengths to account for biases
[2024-05-02 17:13:09.661] [jointLog] [info] Computed expected counts (for bias correction)
[2024-05-02 17:13:09.661] [jointLog] [info] processed bias for 0.1% of the transcripts
[2024-05-02 17:13:14.482] [jointLog] [info] processed bias for 10.0% of the transcripts
[2024-05-02 17:13:19.275] [jointLog] [info] processed bias for 20.0% of the transcripts
[2024-05-02 17:13:24.586] [jointLog] [info] processed bias for 30.0% of the transcripts
[2024-05-02 17:13:30.100] [jointLog] [info] processed bias for 40.0% of the transcripts
[2024-05-02 17:13:35.949] [jointLog] [info] processed bias for 50.0% of the transcripts
[2024-05-02 17:13:41.779] [jointLog] [info] processed bias for 60.0% of the transcripts
[2024-05-02 17:13:48.021] [jointLog] [info] processed bias for 70.0% of the transcripts
[2024-05-02 17:13:53.740] [jointLog] [info] processed bias for 80.0% of the transcripts
[2024-05-02 17:14:00.050] [jointLog] [info] processed bias for 90.0% of the transcripts
[2024-05-02 17:14:01.465] [jointLog] [info] processed bias for 100.0% of the transcripts
[2024-05-02 17:14:01.466] [jointLog] [info] processed bias for 100.0% of the transcripts
[2024-05-02 17:14:05.427] [jointLog] [info] iteration = 100 | max rel diff. = 17.4981
[2024-05-02 17:14:09.747] [jointLog] [info] iteration = 200 | max rel diff. = 11.8627
[2024-05-02 17:14:14.105] [jointLog] [info] iteration = 300 | max rel diff. = 5.00048
[2024-05-02 17:14:18.442] [jointLog] [info] iteration = 400 | max rel diff. = 3.04213
[2024-05-02 17:14:22.780] [jointLog] [info] iteration = 500 | max rel diff. = 3.43967
[2024-05-02 17:14:27.078] [jointLog] [info] iteration = 600 | max rel diff. = 0.946668
[2024-05-02 17:14:31.418] [jointLog] [info] iteration = 700 | max rel diff. = 10.9706
[2024-05-02 17:14:35.745] [jointLog] [info] iteration = 800 | max rel diff. = 0.0967196
[2024-05-02 17:14:40.090] [jointLog] [info] iteration = 900 | max rel diff. = 0.525048
[2024-05-02 17:14:44.438] [jointLog] [info] iteration = 1,000 | max rel diff. = 0.0616439
[2024-05-02 17:14:48.781] [jointLog] [info] iteration = 1,100 | max rel diff. = 2.80094
[2024-05-02 17:14:53.070] [jointLog] [info] iteration = 1,200 | max rel diff. = 0.213661
[2024-05-02 17:14:57.389] [jointLog] [info] iteration = 1,300 | max rel diff. = 0.139336
[2024-05-02 17:15:01.673] [jointLog] [info] iteration = 1,400 | max rel diff. = 0.0296094
[2024-05-02 17:15:05.969] [jointLog] [info] iteration = 1,500 | max rel diff. = 0.222676
[2024-05-02 17:15:10.289] [jointLog] [info] iteration = 1,600 | max rel diff. = 0.0560575
[2024-05-02 17:15:14.644] [jointLog] [info] iteration = 1,700 | max rel diff. = 0.110917
[2024-05-02 17:15:18.977] [jointLog] [info] iteration = 1,800 | max rel diff. = 0.120117
[2024-05-02 17:15:23.255] [jointLog] [info] iteration = 1,900 | max rel diff. = 0.0183724
[2024-05-02 17:15:27.531] [jointLog] [info] iteration = 2,000 | max rel diff. = 0.0154208
[2024-05-02 17:15:31.842] [jointLog] [info] iteration = 2,100 | max rel diff. = 0.0543221
[2024-05-02 17:15:36.144] [jointLog] [info] iteration = 2,200 | max rel diff. = 0.0782743
[2024-05-02 17:15:36.752] [jointLog] [info] iteration = 2,215 | max rel diff. = 0.00506262
[2024-05-02 17:15:36.757] [jointLog] [info] Finished optimizer
[2024-05-02 17:15:36.757] [jointLog] [info] writing output 

