This is LuaTeX, Version 1.17.0 (TeX Live 2023/Debian)  (format=dvilualatex 2024.5.7)  9 MAY 2024 15:38
 restricted system commands enabled.
**/home/peryton/salmonberry/sn-article-template/sn-article.tex
(/home/peryton/salmonberry/sn-article-template/sn-article.tex
LaTeX2e <2023-11-01> patch level 1
L3 programming layer <2024-01-22>
Lua module: luaotfload 2023-08-31 3.26 Lua based OpenType font support
Lua module: lualibs 2023-07-13 2.76 ConTeXt Lua standard libraries.
Lua module: lualibs-extended 2023-07-13 2.76 ConTeXt Lua libraries -- extended c
ollection.
luaotfload | conf : Root cache directory is "/home/peryton/.texlive2023/texmf-va
r/luatex-cache/generic/names".
luaotfload | init : Loading fontloader "fontloader-2023-08-19.lua" from kpse-res
olved path "/usr/share/texlive/texmf-dist/tex/luatex/luaotfload/fontloader-2023-
08-19.lua".
Lua-only attribute luaotfload@noligature = 1
luaotfload | init : Context OpenType loader version 3.133
Inserting `luaotfload.node_processor' in `pre_linebreak_filter'.
Inserting `luaotfload.node_processor' in `hpack_filter'.
Inserting `luaotfload.glyph_stream' in `glyph_stream_provider'.
Inserting `luaotfload.define_font' in `define_font'.
Lua-only attribute luaotfload_color_attribute = 2
luaotfload | conf : Root cache directory is "/home/peryton/.texlive2023/texmf-va
r/luatex-cache/generic/names".
Lua-only attribute luaotfload.letterspace_done = 3
Inserting `luaotfload.aux.set_sscale_dimens' in `luaotfload.patch_font'.
Inserting `luaotfload.aux.set_font_index' in `luaotfload.patch_font'.
Inserting `luaotfload.aux.patch_cambria_domh' in `luaotfload.patch_font'.
Inserting `luaotfload.aux.fixup_fontdata' in `luaotfload.patch_font_unsafe'.
Inserting `luaotfload.aux.set_capheight' in `luaotfload.patch_font'.
Inserting `luaotfload.aux.set_xheight' in `luaotfload.patch_font'.
Inserting `luaotfload.rewrite_fontname' in `luaotfload.patch_font'.
Inserting `tracingstacklevels' in `input_level_string'. (./sn-jnl.cls
Document Class: sn-jnl 2019/11/18 v0.1: An authoring template for Springer Jour
nal articles
(/usr/share/texlive/texmf-dist/tex/latex/base/article.cls
Document Class: article 2023/05/17 v1.4n Standard LaTeX document class
(/usr/share/texlive/texmf-dist/tex/latex/base/fleqn.clo
File: fleqn.clo 2016/12/29 v1.2b Standard LaTeX option (flush left equations)
\mathindent=\skip48
Applying: [2015/01/01] Make \[ robust on input line 50.
LaTeX Info: Redefining \[ on input line 51.
Already applied: [0000/00/00] Make \[ robust on input line 62.
Applying: [2015/01/01] Make \] robust on input line 74.
LaTeX Info: Redefining \] on input line 75.
Already applied: [0000/00/00] Make \] robust on input line 83.
)
(/usr/share/texlive/texmf-dist/tex/latex/base/size10.clo
File: size10.clo 2023/05/17 v1.4n Standard LaTeX file (size option)
luaotfload | db : Font names database loaded from /home/peryton/.texlive2023/tex
mf-var/luatex-cache/generic/names/luaotfload-names.luc.gz
Inserting `luaotfload.dvi' in `pre_shipout_filter'.)
\c@part=\count185
\c@section=\count186
\c@subsection=\count187
\c@subsubsection=\count188
\c@paragraph=\count189
\c@subparagraph=\count190
\c@figure=\count191
\c@table=\count192
\abovecaptionskip=\skip49
\belowcaptionskip=\skip50
\bibindent=\dimen139
)
LaTeX Info: Redefining \rm on input line 145.
LaTeX Info: Redefining \sf on input line 146.
LaTeX Info: Redefining \tt on input line 147.
LaTeX Info: Redefining \bf on input line 148.
LaTeX Info: Redefining \it on input line 149.
LaTeX Info: Redefining \sl on input line 150.
LaTeX Info: Redefining \sc on input line 151.
LaTeX Info: Redefining \cal on input line 152.
LaTeX Info: Redefining \mit on input line 153.
LaTeX Info: Redefining \textsubscript on input line 211.
\columnhsize=\skip51

(/usr/share/texlive/texmf-dist/tex/latex/geometry/geometry.sty
Package: geometry 2020/01/02 v5.9 Page Geometry

(/usr/share/texlive/texmf-dist/tex/latex/graphics/keyval.sty
Package: keyval 2022/05/29 v1.15 key=value parser (DPC)
\KV@toks@=\toks17
)
(/usr/share/texlive/texmf-dist/tex/generic/iftex/ifvtex.sty
Package: ifvtex 2019/10/25 v1.7 ifvtex legacy package. Use iftex instead.

(/usr/share/texlive/texmf-dist/tex/generic/iftex/iftex.sty
Package: iftex 2022/02/03 v1.0f TeX engine tests
))
\Gm@cnth=\count193
\Gm@cntv=\count194
\c@Gm@tempcnt=\count195
\Gm@bindingoffset=\dimen140
\Gm@wd@mp=\dimen141
\Gm@odd@mp=\dimen142
\Gm@even@mp=\dimen143
\Gm@layoutwidth=\dimen144
\Gm@layoutheight=\dimen145
\Gm@layouthoffset=\dimen146
\Gm@layoutvoffset=\dimen147
\Gm@dimlist=\toks18
)
\artcatbox=\box51
\aucount=\count196
\corraucount=\count197
\punctcount=\count198
\emailcnt=\count199
\c@affn=\count266
\addcount=\count267
\PacsCount=\count268
\PacsTmpCnt=\count269
\FMremarkdim=\dimen148
\fmremarkbox=\box52

(/usr/share/texlive/texmf-dist/tex/latex/sttools/cuted.sty
Package: cuted 2021/10/04 v2.0 Mixing onecolumn and twocolumn modes
\At@ViperColsBreak=\toks19
\preCutedStrip=\toks20
\postCutedStrip=\toks21
\cuted@@tempbox@a=\box53
\cuted@@tempbox@c=\box54
\cuted@@tempbox@var=\box55
\hold@viper=\box56
\@viper=\box57
\cuted@@varbox@a=\box58
\cuted@@varbox@c=\box59
\cuted@@tempdim@spread=\dimen149
\cuted@@tempdim@a=\dimen150
\cuted@@tempdim@b=\dimen151
\ht@hold@viper=\dimen152
\ht@viper=\dimen153
\var@@pagediscards@ht=\dimen154
\stripsep=\skip52
\viper@penalty=\count270
)
\firstpagehtcheck=\dimen155
\labelwidthi=\dimen156
\labelwidthii=\dimen157
\labelwidthiii=\dimen158
\labelwidthiv=\dimen159
\figwidth=\dimen160
\figheight=\dimen161
\sidecapwidth=\dimen162
\wrapcapline=\dimen163
\totalwrapline=\dimen164
\wraptotline=\dimen165
\figurebox=\box60
\wrapfigcapbox=\box61
\figcapbox=\box62
\capbox=\box63
\headwidthskip=\skip53
\tabcapbox=\box64
\temptbox=\box65
\tempdime=\dimen166
\tabhtdime=\dimen167

(/usr/share/texlive/texmf-dist/tex/latex/graphics/rotating.sty
Package: rotating 2016/08/11 v2.16d rotated objects in LaTeX

(/usr/share/texlive/texmf-dist/tex/latex/graphics/graphicx.sty
Package: graphicx 2021/09/16 v1.2d Enhanced LaTeX Graphics (DPC,SPQR)

(/usr/share/texlive/texmf-dist/tex/latex/graphics/graphics.sty
Package: graphics 2022/03/10 v1.4e Standard LaTeX Graphics (DPC,SPQR)

(/usr/share/texlive/texmf-dist/tex/latex/graphics/trig.sty
Package: trig 2021/08/11 v1.11 sin cos tan (DPC)
)
(/usr/share/texlive/texmf-dist/tex/latex/graphics-cfg/graphics.cfg
File: graphics.cfg 2016/06/04 v1.11 sample graphics configuration
)
Package graphics Info: Driver file: dvips.def on input line 107.

(/usr/share/texlive/texmf-dist/tex/latex/graphics-def/dvips.def
File: dvips.def 2022/09/22 v3.1e Graphics/color driver for dvips
))
\Gin@req@height=\dimen168
\Gin@req@width=\dimen169
)
(/usr/share/texlive/texmf-dist/tex/latex/base/ifthen.sty
Package: ifthen 2022/04/13 v1.1d Standard LaTeX ifthen package (DPC)
)
\c@r@tfl@t=\count271
\rotFPtop=\skip54
\rotFPbot=\skip55
\rot@float@box=\box66
\rot@mess@toks=\toks22
)
(/usr/share/texlive/texmf-dist/tex/latex/threeparttable/threeparttable.sty
Package: threeparttable 2003/06/13  v 3.0
\@tempboxb=\box67
)
(/usr/share/texlive/texmf-dist/tex/latex/appendix/appendix.sty
Package: appendix 2020/02/08 v1.2c extra appendix facilities
\c@@pps=\count272
\c@@ppsavesec=\count273
\c@@ppsaveapp=\count274
)
(/usr/share/texlive/texmf-dist/tex/latex/hyperref/hyperref.sty
Package: hyperref 2024-01-20 v7.01h Hypertext links for LaTeX

(/usr/share/texlive/texmf-dist/tex/latex/kvsetkeys/kvsetkeys.sty
Package: kvsetkeys 2022-10-05 v1.19 Key value parser (HO)
)
(/usr/share/texlive/texmf-dist/tex/generic/kvdefinekeys/kvdefinekeys.sty
Package: kvdefinekeys 2019-12-19 v1.6 Define keys (HO)
)
(/usr/share/texlive/texmf-dist/tex/generic/pdfescape/pdfescape.sty
Package: pdfescape 2019/12/09 v1.15 Implements pdfTeX's escape features (HO)

(/usr/share/texlive/texmf-dist/tex/generic/ltxcmds/ltxcmds.sty
Package: ltxcmds 2023-12-04 v1.26 LaTeX kernel commands for general use (HO)
)
(/usr/share/texlive/texmf-dist/tex/generic/pdftexcmds/pdftexcmds.sty
Package: pdftexcmds 2020-06-27 v0.33 Utility functions of pdfTeX for LuaTeX (HO
)

(/usr/share/texlive/texmf-dist/tex/generic/infwarerr/infwarerr.sty
Package: infwarerr 2019/12/03 v1.5 Providing info/warning/error messages (HO)
)
Package pdftexcmds Info: \pdf@primitive is available.
Package pdftexcmds Info: \pdf@ifprimitive is available.
Package pdftexcmds Info: \pdfdraftmode is ignored in DVI mode.
\pdftexcmds@toks=\toks23
))
(/usr/share/texlive/texmf-dist/tex/latex/hycolor/hycolor.sty
Package: hycolor 2020-01-27 v1.10 Color options for hyperref/bookmark (HO)
)
(/usr/share/texlive/texmf-dist/tex/latex/auxhook/auxhook.sty
Package: auxhook 2019-12-17 v1.6 Hooks for auxiliary files (HO)
)
(/usr/share/texlive/texmf-dist/tex/latex/hyperref/nameref.sty
Package: nameref 2023-11-26 v2.56 Cross-referencing by name of section

(/usr/share/texlive/texmf-dist/tex/latex/refcount/refcount.sty
Package: refcount 2019/12/15 v3.6 Data extraction from label references (HO)
)
(/usr/share/texlive/texmf-dist/tex/generic/gettitlestring/gettitlestring.sty
Package: gettitlestring 2019/12/15 v1.6 Cleanup title references (HO)

(/usr/share/texlive/texmf-dist/tex/latex/kvoptions/kvoptions.sty
Package: kvoptions 2022-06-15 v3.15 Key value format for package options (HO)
))
\c@section@level=\count275
)
(/usr/share/texlive/texmf-dist/tex/latex/etoolbox/etoolbox.sty
Package: etoolbox 2020/10/05 v2.5k e-TeX tools for LaTeX (JAW)
\etb@tempcnta=\count276
)
\@linkdim=\dimen170
\Hy@linkcounter=\count277
\Hy@pagecounter=\count278

(/usr/share/texlive/texmf-dist/tex/latex/hyperref/pd1enc.def
File: pd1enc.def 2024-01-20 v7.01h Hyperref: PDFDocEncoding definition (HO)
)
(/usr/share/texlive/texmf-dist/tex/generic/intcalc/intcalc.sty
Package: intcalc 2019/12/15 v1.3 Expandable calculations with integers (HO)
)
\Hy@SavedSpaceFactor=\count279

(/usr/share/texlive/texmf-dist/tex/latex/hyperref/puenc.def
File: puenc.def 2024-01-20 v7.01h Hyperref: PDF Unicode definition (HO)
)
Package hyperref Info: Hyper figures OFF on input line 4179.
Package hyperref Info: Link nesting OFF on input line 4184.
Package hyperref Info: Hyper index ON on input line 4187.
Package hyperref Info: Plain pages OFF on input line 4194.
Package hyperref Info: Backreferencing OFF on input line 4199.
Package hyperref Info: Implicit mode ON; LaTeX internals redefined.
Package hyperref Info: Bookmarks ON on input line 4446.
\c@Hy@tempcnt=\count280

(/usr/share/texlive/texmf-dist/tex/latex/url/url.sty
\Urlmuskip=\muskip16
Package: url 2013/09/16  ver 3.4  Verb mode for urls, etc.
)
LaTeX Info: Redefining \url on input line 4784.
\XeTeXLinkMargin=\dimen171

(/usr/share/texlive/texmf-dist/tex/generic/bitset/bitset.sty
Package: bitset 2019/12/09 v1.3 Handle bit-vector datatype (HO)

(/usr/share/texlive/texmf-dist/tex/generic/bigintcalc/bigintcalc.sty
Package: bigintcalc 2019/12/15 v1.5 Expandable calculations on big integers (HO
)
))
\Fld@menulength=\count281
\Field@Width=\dimen172
\Fld@charsize=\dimen173
Package hyperref Info: Hyper figures OFF on input line 6063.
Package hyperref Info: Link nesting OFF on input line 6068.
Package hyperref Info: Hyper index ON on input line 6071.
Package hyperref Info: backreferencing OFF on input line 6078.
Package hyperref Info: Link coloring OFF on input line 6083.
Package hyperref Info: Link coloring with OCG OFF on input line 6088.
Package hyperref Info: PDF/A mode OFF on input line 6093.

(/usr/share/texlive/texmf-dist/tex/latex/base/atbegshi-ltx.sty
Package: atbegshi-ltx 2021/01/10 v1.0c Emulation of the original atbegshi
package with kernel methods
)
\Hy@abspage=\count282
\c@Item=\count283
\c@Hfootnote=\count284
)
Package hyperref Info: Driver (default): hdvips.

(/usr/share/texlive/texmf-dist/tex/latex/hyperref/hdvips.def
File: hdvips.def 2024-01-20 v7.01h Hyperref driver for dvips

(/usr/share/texlive/texmf-dist/tex/latex/hyperref/pdfmark.def
File: pdfmark.def 2024-01-20 v7.01h Hyperref definitions for pdfmark specials
\pdf@docset=\toks24
\pdf@box=\box68
\pdf@toks=\toks25
\pdf@defaulttoks=\toks26
\HyField@AnnotCount=\count285
\Fld@listcount=\count286
\c@bookmark@seq@number=\count287

(/usr/share/texlive/texmf-dist/tex/latex/rerunfilecheck/rerunfilecheck.sty
Package: rerunfilecheck 2022-07-10 v1.10 Rerun checks for auxiliary files (HO)

(/usr/share/texlive/texmf-dist/tex/latex/base/atveryend-ltx.sty
Package: atveryend-ltx 2020/08/19 v1.0a Emulation of the original atveryend pac
kage
with kernel methods
)
(/usr/share/texlive/texmf-dist/tex/generic/uniquecounter/uniquecounter.sty
Package: uniquecounter 2019/12/15 v1.4 Provide unlimited unique counter (HO)
)
Package uniquecounter Info: New unique counter `rerunfilecheck' on input line 2
85.
)
\Hy@SectionHShift=\skip56
))
(/usr/share/texlive/texmf-dist/tex/latex/breakurl/breakurl.sty
Package: breakurl 2013/04/10 v1.40 Breakable hyperref URLs

(/usr/share/texlive/texmf-dist/tex/latex/xkeyval/xkeyval.sty
Package: xkeyval 2022/06/16 v2.9 package option processing (HA)

(/usr/share/texlive/texmf-dist/tex/generic/xkeyval/xkeyval.tex
(/usr/share/texlive/texmf-dist/tex/generic/xkeyval/xkvutils.tex
\XKV@toks=\toks27
\XKV@tempa@toks=\toks28
)
\XKV@depth=\count288
File: xkeyval.tex 2014/12/03 v2.7a key=value parser (HA)
))
(/usr/share/texlive/texmf-dist/tex/generic/iftex/ifpdf.sty
Package: ifpdf 2019/10/25 v3.4 ifpdf legacy package. Use iftex instead.
)
\burl@toks=\toks29
)
Package hyperref Info: Option `colorlinks' set `true' on input line 1468.
Package hyperref Info: Option `breaklinks' set `true' on input line 1468.
Package hyperref Info: Option `plainpages' set `false' on input line 1468.
Package hyperref Info: Option `bookmarksopen' set `true' on input line 1468.
Package hyperref Info: Option `bookmarksnumbered' set `false' on input line 146
8.

(/usr/share/texlive/texmf-dist/tex/latex/wrapfig/wrapfig.sty
\wrapoverhang=\dimen174
\WF@size=\dimen175
\c@WF@wrappedlines=\count289
\WF@box=\box69
\WF@everypar=\toks30
Package: wrapfig 2003/01/31  v 3.6
)
\wraplines=\count290
\@authorfigbox=\box70
\@authorfigboxdim=\skip57
\biofigadjskip=\skip58

(/usr/share/texlive/texmf-dist/tex/latex/natbib/natbib.sty
Package: natbib 2010/09/13 8.31b (PWD, AO)
\bibhang=\skip59
\bibsep=\skip60
LaTeX Info: Redefining \cite on input line 694.
\c@NAT@ctr=\count291
))
(/usr/share/texlive/texmf-dist/tex/latex/multirow/multirow.sty
Package: multirow 2021/03/15 v2.8 Span multiple rows of a table
\multirow@colwidth=\skip61
\multirow@cntb=\count292
\multirow@dima=\skip62
\bigstrutjot=\dimen176
)
(/usr/share/texlive/texmf-dist/tex/latex/amsmath/amsmath.sty
Package: amsmath 2023/05/13 v2.17o AMS math features
\@mathmargin=\skip63

For additional information on amsmath, use the `?' option.
(/usr/share/texlive/texmf-dist/tex/latex/amsmath/amstext.sty
Package: amstext 2021/08/26 v2.01 AMS text

(/usr/share/texlive/texmf-dist/tex/latex/amsmath/amsgen.sty
File: amsgen.sty 1999/11/30 v2.0 generic functions
\@emptytoks=\toks31
\ex@=\dimen177
))
(/usr/share/texlive/texmf-dist/tex/latex/amsmath/amsbsy.sty
Package: amsbsy 1999/11/29 v1.2d Bold Symbols
\pmbraise@=\dimen178
)
(/usr/share/texlive/texmf-dist/tex/latex/amsmath/amsopn.sty
Package: amsopn 2022/04/08 v2.04 operator names
)
\inf@bad=\count293
LaTeX Info: Redefining \frac on input line 236.
\uproot@=\count294
\leftroot@=\count295
LaTeX Info: Redefining \overline on input line 399.
LaTeX Info: Redefining \colon on input line 410.
\classnum@=\count296
\DOTSCASE@=\count297
LaTeX Info: Redefining \ldots on input line 496.
LaTeX Info: Redefining \dots on input line 499.
LaTeX Info: Redefining \cdots on input line 620.
\Mathstrutbox@=\box71
\strutbox@=\box72
LaTeX Info: Redefining \big on input line 722.
LaTeX Info: Redefining \Big on input line 723.
LaTeX Info: Redefining \bigg on input line 724.
LaTeX Info: Redefining \Bigg on input line 725.
\big@size=\dimen179
LaTeX Font Info:    Redeclaring font encoding OML on input line 743.
LaTeX Font Info:    Redeclaring font encoding OMS on input line 744.
\macc@depth=\count298
LaTeX Info: Redefining \bmod on input line 905.
LaTeX Info: Redefining \pmod on input line 910.
LaTeX Info: Redefining \smash on input line 940.
LaTeX Info: Redefining \relbar on input line 970.
LaTeX Info: Redefining \Relbar on input line 971.
\c@MaxMatrixCols=\count299
\dotsspace@=\muskip17
\c@parentequation=\count300
\dspbrk@lvl=\count301
\tag@help=\toks32
\row@=\count302
\column@=\count303
\maxfields@=\count304
\andhelp@=\toks33
\eqnshift@=\dimen180
\alignsep@=\dimen181
\tagshift@=\dimen182
\tagwidth@=\dimen183
\totwidth@=\dimen184
\lineht@=\dimen185
\@envbody=\toks34
\multlinegap=\skip64
\multlinetaggap=\skip65
\mathdisplay@stack=\toks35
LaTeX Info: Redefining \[ on input line 2953.
LaTeX Info: Redefining \] on input line 2954.
)
(/usr/share/texlive/texmf-dist/tex/latex/amsfonts/amssymb.sty
Package: amssymb 2013/01/14 v3.01 AMS font symbols

(/usr/share/texlive/texmf-dist/tex/latex/amsfonts/amsfonts.sty
Package: amsfonts 2013/01/14 v3.01 Basic AMSFonts support
\symAMSa=\mathgroup4
\symAMSb=\mathgroup5
LaTeX Font Info:    Redeclaring math symbol \hbar on input line 98.
LaTeX Font Info:    Overwriting math alphabet `\mathfrak' in version `bold'
(Font)                  U/euf/m/n --> U/euf/b/n on input line 106.
))
(/usr/share/texlive/texmf-dist/tex/latex/amscls/amsthm.sty
Package: amsthm 2020/05/29 v2.20.6
\thm@style=\toks36
\thm@bodyfont=\toks37
\thm@headfont=\toks38
\thm@notefont=\toks39
\thm@headpunct=\toks40
\thm@preskip=\skip66
\thm@postskip=\skip67
\thm@headsep=\skip68
\dth@everypar=\toks41
)
(/usr/share/texlive/texmf-dist/tex/latex/jknapltx/mathrsfs.sty
Package: mathrsfs 1996/01/01 Math RSFS package v1.0 (jk)
\symrsfs=\mathgroup6
)
(/usr/share/texlive/texmf-dist/tex/latex/xcolor/xcolor.sty
Package: xcolor 2023/11/15 v3.01 LaTeX color extensions (UK)

(/usr/share/texlive/texmf-dist/tex/latex/graphics-cfg/color.cfg
File: color.cfg 2016/01/02 v1.6 sample color configuration
)
Package xcolor Info: Driver file: dvips.def on input line 274.

(/usr/share/texlive/texmf-dist/tex/latex/graphics/mathcolor.ltx)
Package xcolor Info: Model `cmy' substituted by `cmy0' on input line 1350.
Package xcolor Info: Model `RGB' extended on input line 1366.
Package xcolor Info: Model `HTML' substituted by `rgb' on input line 1368.
Package xcolor Info: Model `Hsb' substituted by `hsb' on input line 1369.
Package xcolor Info: Model `tHsb' substituted by `hsb' on input line 1370.
Package xcolor Info: Model `HSB' substituted by `hsb' on input line 1371.
Package xcolor Info: Model `Gray' substituted by `gray' on input line 1372.
Package xcolor Info: Model `wave' substituted by `hsb' on input line 1373.
)
(/usr/share/texlive/texmf-dist/tex/latex/base/textcomp.sty
Package: textcomp 2020/02/02 v2.0n Standard LaTeX package
)
(/usr/share/texlive/texmf-dist/tex/latex/ncctools/manyfoot.sty
Package: manyfoot 2019/08/03 v1.11 Many Footnote Levels Package (NCC)

(/usr/share/texlive/texmf-dist/tex/latex/ncctools/nccfoots.sty
Package: nccfoots 2005/02/03 v1.2 NCC Footnotes Package (NCC)
)
\MFL@columnwidth=\dimen186
)
(/usr/share/texlive/texmf-dist/tex/latex/booktabs/booktabs.sty
Package: booktabs 2020/01/12 v1.61803398 Publication quality tables
\heavyrulewidth=\dimen187
\lightrulewidth=\dimen188
\cmidrulewidth=\dimen189
\belowrulesep=\dimen190
\belowbottomsep=\dimen191
\aboverulesep=\dimen192
\abovetopsep=\dimen193
\cmidrulesep=\dimen194
\cmidrulekern=\dimen195
\defaultaddspace=\dimen196
\@cmidla=\count305
\@cmidlb=\count306
\@aboverulesep=\dimen197
\@belowrulesep=\dimen198
\@thisruleclass=\count307
\@lastruleclass=\count308
\@thisrulewidth=\dimen199
)
(/usr/share/texlive/texmf-dist/tex/latex/algorithms/algorithm.sty
Package: algorithm 2009/08/24 v0.1 Document Style `algorithm' - floating enviro
nment

(/usr/share/texlive/texmf-dist/tex/latex/float/float.sty
Package: float 2001/11/08 v1.3d Float enhancements (AL)
\c@float@type=\count309
\float@exts=\toks42
\float@box=\box73
\@float@everytoks=\toks43
\@floatcapt=\box74
)
\@float@every@algorithm=\toks44
\c@algorithm=\count310
)
(/usr/share/texlive/texmf-dist/tex/latex/algorithmicx/algorithmicx.sty
Package: algorithmicx 2005/04/27 v1.2 Algorithmicx

Document Style algorithmicx 1.2 - a greatly improved `algorithmic' style
\c@ALG@line=\count311
\c@ALG@rem=\count312
\c@ALG@nested=\count313
\ALG@tlm=\skip69
\ALG@thistlm=\skip70
\c@ALG@Lnr=\count314
\c@ALG@blocknr=\count315
\c@ALG@storecount=\count316
\c@ALG@tmpcounter=\count317
\ALG@tmplength=\skip71
) (/usr/share/texlive/texmf-dist/tex/latex/algorithmicx/algpseudocode.sty
Package: algpseudocode 

Document Style - pseudocode environments for use with the `algorithmicx' style
) (/usr/share/texlive/texmf-dist/tex/latex/listings/listings.sty
\lst@mode=\count318
\lst@gtempboxa=\box75
\lst@token=\toks45
\lst@length=\count319
\lst@currlwidth=\dimen256
\lst@column=\count320
\lst@pos=\count321
\lst@lostspace=\dimen257
\lst@width=\dimen258
\lst@newlines=\count322
\lst@lineno=\count323
\lst@maxwidth=\dimen259

(/usr/share/texlive/texmf-dist/tex/latex/listings/lstmisc.sty
File: lstmisc.sty 2023/02/27 1.9 (Carsten Heinz)
\c@lstnumber=\count324
\lst@skipnumbers=\count325
\lst@framebox=\box76
)
(/usr/share/texlive/texmf-dist/tex/latex/listings/listings.cfg
File: listings.cfg 2023/02/27 1.9 listings configuration
))
Package: listings 2023/02/27 1.9 (Carsten Heinz)


Package amsthm Warning: Unknown theoremstyle `thmstyleone' on input line 74.

\c@theorem=\count326

Package amsthm Warning: Unknown theoremstyle `thmstyletwo' on input line 81.

\c@example=\count327
\c@remark=\count328

Package amsthm Warning: Unknown theoremstyle `thmstylethree' on input line 85.

\c@definition=\count329
(/usr/share/texlive/texmf-dist/tex/latex/l3backend/l3backend-dvips.def
File: l3backend-dvips.def 2024-01-04 L3 backend support: dvips
\l__pdf_internal_box=\box77
\g__pdf_backend_object_int=\count330
\l__pdf_backend_content_box=\box78
\l__pdf_backend_model_box=\box79
\g__pdf_backend_annotation_int=\count331
\g__pdf_backend_link_int=\count332
\g__pdf_backend_link_sf_int=\count333
)
(./sn-article.aux)
\openout1 = sn-article.aux

LaTeX Font Info:    Checking defaults for OML/cmm/m/it on input line 91.
LaTeX Font Info:    ... okay on input line 91.
LaTeX Font Info:    Checking defaults for OMS/cmsy/m/n on input line 91.
LaTeX Font Info:    ... okay on input line 91.
LaTeX Font Info:    Checking defaults for OT1/cmr/m/n on input line 91.
LaTeX Font Info:    ... okay on input line 91.
LaTeX Font Info:    Checking defaults for T1/cmr/m/n on input line 91.
LaTeX Font Info:    ... okay on input line 91.
LaTeX Font Info:    Checking defaults for TS1/cmr/m/n on input line 91.
LaTeX Font Info:    Trying to load font information for TS1+cmr on input line 9
1.
 (/usr/share/texlive/texmf-dist/tex/latex/base/ts1cmr.fd
File: ts1cmr.fd 2023/04/13 v2.5m Standard LaTeX font definitions
)
LaTeX Font Info:    ... okay on input line 91.
LaTeX Font Info:    Checking defaults for TU/lmr/m/n on input line 91.
LaTeX Font Info:    ... okay on input line 91.
LaTeX Font Info:    Checking defaults for OMX/cmex/m/n on input line 91.
LaTeX Font Info:    ... okay on input line 91.
LaTeX Font Info:    Checking defaults for U/cmr/m/n on input line 91.
LaTeX Font Info:    ... okay on input line 91.
LaTeX Font Info:    Checking defaults for PD1/pdf/m/n on input line 91.
LaTeX Font Info:    ... okay on input line 91.
LaTeX Font Info:    Checking defaults for PU/pdf/m/n on input line 91.
LaTeX Font Info:    ... okay on input line 91.

*geometry* driver: auto-detecting
*geometry* detected driver: dvips
*geometry* verbose mode - [ preamble ] result:
* driver: dvips
* paper: custom
* layout: <same size as paper>
* layoutoffset:(h,v)=(0.0pt,0.0pt)
* bindingoffset: 17.07164pt
* modes: twoside 
* h-part:(L,W,R)=(83.37448pt, 372.0pt, 125.06175pt)
* v-part:(T,H,B)=(73.97716pt, 552.69478pt, 218.37491pt)
* \paperwidth=597.50787pt
* \paperheight=845.04684pt
* \textwidth=372.0pt
* \textheight=552.69478pt
* \oddsidemargin=28.17613pt
* \evensidemargin=52.79176pt
* \topmargin=-19.72638pt
* \headheight=5.5pt
* \headsep=15.93355pt
* \topskip=10.0pt
* \footskip=28.45274pt
* \marginparwidth=34.1433pt
* \marginparsep=14.22636pt
* \columnsep=14.22636pt
* \skip\footins=8.0pt plus 4.0pt
* \hoffset=0.0pt
* \voffset=0.0pt
* \mag=1000
* \@twocolumnfalse
* \@twosidetrue
* \@mparswitchtrue
* \@reversemargintrue
* (1in=72.27pt=25.4mm, 1cm=28.453pt)

Package hyperref Info: Link coloring ON on input line 91.
(./sn-article.out) (./sn-article.out)
\@outlinefile=\write3

\openout3 = sn-article.out


Package hyperref Warning: Rerun to get /PageLabels entry.

\c@lstlisting=\count334
LaTeX Font Info:    Calculating math sizes for size <12.045> on input line 143.


LaTeX Font Warning: Font shape `OT1/cmr/bx/n' in size <8.43146> not available
(Font)              size <8> substituted on input line 143.


LaTeX Font Warning: Font shape `OML/cmm/b/it' in size <8.43146> not available
(Font)              size <8> substituted on input line 143.


LaTeX Font Warning: Font shape `OMS/cmsy/b/n' in size <8.43146> not available
(Font)              size <8> substituted on input line 143.

LaTeX Font Info:    Trying to load font information for U+msa on input line 143
.
(/usr/share/texlive/texmf-dist/tex/latex/amsfonts/umsa.fd
File: umsa.fd 2013/01/14 v3.01 AMS symbols A
)
LaTeX Font Info:    Trying to load font information for U+msb on input line 143
.

(/usr/share/texlive/texmf-dist/tex/latex/amsfonts/umsb.fd
File: umsb.fd 2013/01/14 v3.01 AMS symbols B
)
LaTeX Font Info:    Trying to load font information for U+rsfs on input line 14
3.

(/usr/share/texlive/texmf-dist/tex/latex/jknapltx/ursfs.fd
File: ursfs.fd 1998/03/24 rsfs font definition file (jk)
)

LaTeX Font Warning: Font shape `U/rsfs/m/n' in size <8.43146> not available
(Font)              size <8> substituted on input line 143.

LaTeX Font Info:    Calculating math sizes for size <11.04124> on input line 14
3.

LaTeX Font Warning: Font shape `OT1/cmr/bx/n' in size <5.52061> not available
(Font)              size <6> substituted on input line 143.


LaTeX Font Warning: Font shape `OML/cmm/b/it' in size <5.52061> not available
(Font)              size <6> substituted on input line 143.


LaTeX Font Warning: Font shape `OMS/cmsy/b/n' in size <5.52061> not available
(Font)              size <6> substituted on input line 143.


LaTeX Font Warning: Font shape `U/rsfs/m/n' in size <5.52061> not available
(Font)              size <6> substituted on input line 143.

LaTeX Font Info:    Calculating math sizes for size <10.03749> on input line 14
3.

Underfull \vbox (badness 10000) has occurred while \output is active []

 [1


Missing character: There is no @ (U+0040) in font nullfont!
Missing character: There is no @ (U+0040) in font nullfont!
Missing character: There is no @ (U+0040) in font nullfont!
]
Underfull \vbox (badness 10000) has occurred while \output is active []

 [2
Missing character: There is no ě (U+011B) in font nullfont!
Missing character: There is no ě (U+011B) in font nullfont!
Missing character: There is no ě (U+011B) in font nullfont!
Missing character: There is no @ (U+0040) in font nullfont!
Missing character: There is no @ (U+0040) in font nullfont!
]
LaTeX Font Info:    Calculating math sizes for size <8.03> on input line 202.


LaTeX Font Warning: Font shape `OT1/cmr/m/n' in size <4.015> not available
(Font)              size <5> substituted on input line 202.


LaTeX Font Warning: Font shape `OML/cmm/m/it' in size <4.015> not available
(Font)              size <5> substituted on input line 202.


LaTeX Font Warning: Font shape `OMS/cmsy/m/n' in size <4.015> not available
(Font)              size <5> substituted on input line 202.


LaTeX Font Warning: Font shape `U/rsfs/m/n' in size <4.015> not available
(Font)              size <5> substituted on input line 202.


LaTeX Warning: `h' float specifier changed to `ht'.


LaTeX Warning: No positions in optional float specifier.
               Default added (so using `tbp') on input line 269.


Underfull \vbox (badness 10000) has occurred while \output is active []

 [3
Missing character: There is no @ (U+0040) in font nullfont!
Missing character: There is no @ (U+0040) in font nullfont!
Missing character: There is no @ (U+0040) in font nullfont!
]
File: fig.eps Graphic file (type eps)
 <fig.eps>
Underfull \vbox (badness 10000) has occurred while \output is active []

 [4
Missing character: There is no z (U+007A) in font nullfont!
Missing character: There is no @ (U+0040) in font nullfont!
Missing character: There is no @ (U+0040) in font nullfont!
Missing character: There is no @ (U+0040) in font nullfont!
Missing character: There is no @ (U+0040) in font nullfont!
]
Underfull \vbox (badness 10000) has occurred while \output is active []

 [5]
Package hyperref Info: bookmark level for unknown algorithm defaults to 0 on in
put line 366.

(/usr/share/texlive/texmf-dist/tex/latex/listings/lstlang1.sty
File: lstlang1.sty 2023/02/27 1.9 listings language file
)
Overfull \hbox (7.61464pt too wide) in paragraph at lines 395--407
[]$[]$ 
 []


Underfull \vbox (badness 10000) has occurred while \output is active []

 [6
Missing character: There is no @ (U+0040) in font nullfont!
Missing character: There is no @ (U+0040) in font nullfont!
]
Underfull \vbox (badness 10000) has occurred while \output is active []

 [7
Missing character: There is no @ (U+0040) in font nullfont!
Missing character: There is no @ (U+0040) in font nullfont!
Missing character: There is no @ (U+0040) in font nullfont!
Missing character: There is no @ (U+0040) in font nullfont!
Missing character: There is no @ (U+0040) in font nullfont!
]
Underfull \vbox (badness 10000) has occurred while \output is active []

 [8
Missing character: There is no } (U+007D) in font nullfont!
Missing character: There is no } (U+007D) in font nullfont!
Missing character: There is no } (U+007D) in font nullfont!
Missing character: There is no } (U+007D) in font nullfont!
Missing character: There is no } (U+007D) in font nullfont!
Missing character: There is no } (U+007D) in font nullfont!
Missing character: There is no } (U+007D) in font nullfont!
Missing character: There is no } (U+007D) in font nullfont!
Missing character: There is no } (U+007D) in font nullfont!
Missing character: There is no } (U+007D) in font nullfont!
]
Underfull \hbox (badness 10000) in paragraph at lines 524--525
\TU/lmr/m/n/10.03749 ([][][][][]$https://$[][][][][][]$www.$[][][][][][]$spring
er.$[][][][][][]$com/$[][][][][][]$gp/$[][][][][][]$authors-[]$[][][][][][]$edi
tors/$[][][][][][]$journal-[]$[][][][][][]$author/$[][][][][][]$journal-[]$[][]
[][][][]$author-[]$[][]
 []


Underfull \vbox (badness 10000) has occurred while \output is active []

 [9]

Package hyperref Warning: Difference (4) between bookmark levels is greater 
(hyperref)                than one, level fixed on input line 540.


Package hyperref Warning: Difference (3) between bookmark levels is greater 
(hyperref)                than one, level fixed on input line 548.


Underfull \vbox (badness 10000) has occurred while \output is active []

 [10
Missing character: There is no @ (U+0040) in font nullfont!
Missing character: There is no @ (U+0040) in font nullfont!
Missing character: There is no @ (U+0040) in font nullfont!
Missing character: There is no @ (U+0040) in font nullfont!
Missing character: There is no @ (U+0040) in font nullfont!
] (./sn-article.bbl
Underfull \vbox (badness 10000) has occurred while \output is active []

 [11
Missing character: There is no z (U+007A) in font nullfont!
Missing character: There is no ě (U+011B) in font nullfont!
])
Underfull \vbox (badness 10000) has occurred while \output is active []

 [12
Missing character: There is no @ (U+0040) in font nullfont!
Missing character: There is no @ (U+0040) in font nullfont!
] (./sn-article.aux)
 ***********
LaTeX2e <2023-11-01> patch level 1
L3 programming layer <2024-01-22>
 ***********


LaTeX Font Warning: Size substitutions with differences
(Font)              up to 0.985pt have occurred.

Package rerunfilecheck Info: File `sn-article.out' has not changed.
(rerunfilecheck)             Checksum: 7869B4D47B59CEB8AE30C555CA9F4B42;3122.
)

Here is how much of LuaTeX's memory you used:
 14675 strings out of 476548
 125129,1977958 words of node,token memory allocated
 577 words of node memory still in use:
   7 hlist, 2 vlist, 2 rule, 3 glue, 4 kern, 1 penalty, 1 glyph, 12 attribute, 6
2 glue_spec, 12 attribute_list, 1 write nodes
   avail lists: 1:1,2:1624,3:881,4:22,5:653,6:92,7:6493,8:54,9:1680,10:21,11:354

 36343 multiletter control sequences out of 65536+600000
 175 fonts using 14024983 bytes
 87i,17n,88p,783b,844s stack positions out of 10000i,1000n,20000p,200000b,200000s
Output written on sn-article.dvi (12 pages, 102480 bytes).
