[2024-04-25 16:15:22.768] [jointLog] [info] setting maxHashResizeThreads to 8
[2024-04-25 16:15:22.768] [jointLog] [info] Fragment incompatibility prior below threshold.  Incompatible fragments will be ignored.
[2024-04-25 16:15:22.768] [jointLog] [info] Usage of --validateMappings implies use of minScoreFraction. Since not explicitly specified, it is being set to 0.65
[2024-04-25 16:15:22.768] [jointLog] [info] Setting consensusSlack to selective-alignment default of 0.35.
[2024-04-25 16:15:22.768] [jointLog] [info] parsing read library format
[2024-04-25 16:15:22.772] [jointLog] [info] There is 1 library.
[2024-04-25 16:15:22.781] [jointLog] [info] Loading pufferfish index
[2024-04-25 16:15:22.785] [jointLog] [info] Loading dense pufferfish index.
[2024-04-25 16:15:26.635] [jointLog] [info] done
[2024-04-25 16:15:26.804] [jointLog] [info] Index contained 192,825 targets
[2024-04-25 16:15:26.856] [jointLog] [info] Number of decoys : 0
[2024-04-25 16:15:29.829] [jointLog] [info] Automatically detected most likely library type as IU

[2024-04-25 17:01:50.767] [jointLog] [info] Computed 337,301 rich equivalence classes for further processing
[2024-04-25 17:01:50.769] [jointLog] [info] Counted 31,547,959 total reads in the equivalence classes 
[2024-04-25 17:01:50.776] [fileLog] [info] 
At end of round 0
==================
Observed 32936340 total fragments (32936340 in most recent round)

[2024-04-25 17:01:51.091] [jointLog] [info] Number of mappings discarded because of alignment score : 11,412,143
[2024-04-25 17:01:51.091] [jointLog] [info] Number of fragments entirely discarded because of alignment score : 351,861
[2024-04-25 17:01:51.091] [jointLog] [info] Number of fragments discarded because they are best-mapped to decoys : 0
[2024-04-25 17:01:51.091] [jointLog] [info] Number of fragments discarded because they have only dovetail (discordant) mappings to valid targets : 38,107
[2024-04-25 17:01:51.091] [jointLog] [info] Mapping rate = 95.7847%

[2024-04-25 17:01:51.091] [jointLog] [info] finished quantifyLibrary()
[2024-04-25 17:01:51.112] [jointLog] [info] Starting optimizer
[2024-04-25 17:01:52.062] [jointLog] [info] Marked 0 weighted equivalence classes as degenerate
[2024-04-25 17:01:52.114] [jointLog] [info] iteration = 0 | max rel diff. = 6029.65
[2024-04-25 17:01:56.826] [jointLog] [info] iteration = 100 | max rel diff. = 15.634
[2024-04-25 17:02:01.482] [jointLog] [info] iteration = 200 | max rel diff. = 19.4852
[2024-04-25 17:02:06.142] [jointLog] [info] iteration = 300 | max rel diff. = 1.57357
[2024-04-25 17:02:10.738] [jointLog] [info] iteration = 400 | max rel diff. = 12.0896
[2024-04-25 17:02:15.375] [jointLog] [info] iteration = 500 | max rel diff. = 2.03125
[2024-04-25 17:02:20.031] [jointLog] [info] iteration = 600 | max rel diff. = 1.92632
[2024-04-25 17:02:24.695] [jointLog] [info] iteration = 700 | max rel diff. = 1.04445
[2024-04-25 17:02:29.352] [jointLog] [info] iteration = 800 | max rel diff. = 0.0566828
[2024-04-25 17:02:33.971] [jointLog] [info] iteration = 900 | max rel diff. = 0.290729
[2024-04-25 17:02:38.564] [jointLog] [info] iteration = 1,000 | max rel diff. = 0.0409837
[2024-04-25 17:02:43.156] [jointLog] [info] iteration = 1,100 | max rel diff. = 0.0926898
[2024-04-25 17:02:47.778] [jointLog] [info] iteration = 1,200 | max rel diff. = 0.015786
[2024-04-25 17:02:52.431] [jointLog] [info] iteration = 1,300 | max rel diff. = 0.019913
[2024-04-25 17:02:57.057] [jointLog] [info] iteration = 1,400 | max rel diff. = 0.395703
[2024-04-25 17:02:57.979] [jointLog] [info] iteration = 1,421 | max rel diff. = 0.00737805
[2024-04-25 17:02:57.988] [jointLog] [info] Finished optimizer
[2024-04-25 17:02:57.988] [jointLog] [info] writing output 

