[2024-05-02 14:53:25.421] [jointLog] [info] setting maxHashResizeThreads to 6
[2024-05-02 14:53:25.421] [jointLog] [info] Fragment incompatibility prior below threshold.  Incompatible fragments will be ignored.
[2024-05-02 14:53:25.421] [jointLog] [info] Usage of --validateMappings implies use of minScoreFraction. Since not explicitly specified, it is being set to 0.65
[2024-05-02 14:53:25.421] [jointLog] [info] Setting consensusSlack to selective-alignment default of 0.35.
[2024-05-02 14:53:25.421] [jointLog] [info] parsing read library format
[2024-05-02 14:53:25.495] [jointLog] [info] There is 1 library.
[2024-05-02 14:53:25.595] [jointLog] [info] Loading pufferfish index
[2024-05-02 14:53:25.627] [jointLog] [info] Loading dense pufferfish index.
[2024-05-02 14:56:02.578] [jointLog] [info] done
[2024-05-02 14:56:02.754] [jointLog] [info] Index contained 192,825 targets
[2024-05-02 14:56:05.217] [jointLog] [info] Number of decoys : 0
[2024-05-02 15:28:28.262] [jointLog] [info] Computed 344,820 rich equivalence classes for further processing
[2024-05-02 15:28:28.262] [jointLog] [info] Counted 35,919,038 total reads in the equivalence classes 
[2024-05-02 15:28:28.270] [jointLog] [info] Number of mappings discarded because of alignment score : 12,141,331
[2024-05-02 15:28:28.270] [jointLog] [info] Number of fragments entirely discarded because of alignment score : 446,743
[2024-05-02 15:28:28.270] [jointLog] [info] Number of fragments discarded because they are best-mapped to decoys : 0
[2024-05-02 15:28:28.270] [jointLog] [info] Number of fragments discarded because they have only dovetail (discordant) mappings to valid targets : 37,748
[2024-05-02 15:28:28.270] [jointLog] [info] Mapping rate = 95.0329%

[2024-05-02 15:28:28.270] [jointLog] [info] finished quantifyLibrary()
[2024-05-02 15:28:28.290] [jointLog] [info] Starting optimizer
[2024-05-02 15:28:28.264] [fileLog] [info] 
At end of round 0
==================
Observed 37796406 total fragments (37796406 in most recent round)

[2024-05-02 15:28:28.519] [jointLog] [info] Marked 0 weighted equivalence classes as degenerate
[2024-05-02 15:28:28.575] [jointLog] [info] iteration = 0 | max rel diff. = 51.4594
[2024-05-02 15:28:29.057] [jointLog] [info] iteration 11, adjusting effective lengths to account for biases
[2024-05-02 15:31:10.871] [jointLog] [info] Computed expected counts (for bias correction)
[2024-05-02 15:31:10.871] [jointLog] [info] processed bias for 0.1% of the transcripts
[2024-05-02 15:31:22.894] [jointLog] [info] processed bias for 10.0% of the transcripts
[2024-05-02 15:31:34.680] [jointLog] [info] processed bias for 20.0% of the transcripts
[2024-05-02 15:31:47.922] [jointLog] [info] processed bias for 30.0% of the transcripts
[2024-05-02 15:32:01.691] [jointLog] [info] processed bias for 40.0% of the transcripts
[2024-05-02 15:32:16.577] [jointLog] [info] processed bias for 50.0% of the transcripts
[2024-05-02 15:32:31.197] [jointLog] [info] processed bias for 60.0% of the transcripts
[2024-05-02 15:32:47.172] [jointLog] [info] processed bias for 70.0% of the transcripts
[2024-05-02 15:33:01.684] [jointLog] [info] processed bias for 80.0% of the transcripts
[2024-05-02 15:33:17.568] [jointLog] [info] processed bias for 90.0% of the transcripts
[2024-05-02 15:33:21.091] [jointLog] [info] processed bias for 100.0% of the transcripts
[2024-05-02 15:33:21.092] [jointLog] [info] processed bias for 100.0% of the transcripts
[2024-05-02 15:33:25.501] [jointLog] [info] iteration = 100 | max rel diff. = 0.142108
[2024-05-02 15:33:30.336] [jointLog] [info] iteration = 200 | max rel diff. = 0.0590655
[2024-05-02 15:33:35.205] [jointLog] [info] iteration = 300 | max rel diff. = 0.0400873
[2024-05-02 15:33:40.079] [jointLog] [info] iteration = 400 | max rel diff. = 0.0305195
[2024-05-02 15:33:44.990] [jointLog] [info] iteration = 500 | max rel diff. = 0.0266033
[2024-05-02 15:33:49.936] [jointLog] [info] iteration = 600 | max rel diff. = 0.019465
[2024-05-02 15:33:54.929] [jointLog] [info] iteration = 700 | max rel diff. = 0.0174897
[2024-05-02 15:33:59.963] [jointLog] [info] iteration = 800 | max rel diff. = 0.0211994
[2024-05-02 15:34:05.068] [jointLog] [info] iteration = 900 | max rel diff. = 0.0121782
[2024-05-02 15:34:10.200] [jointLog] [info] iteration = 1,000 | max rel diff. = 0.0114361
[2024-05-02 15:34:15.379] [jointLog] [info] iteration = 1,100 | max rel diff. = 0.010986
[2024-05-02 15:34:16.892] [jointLog] [info] iteration = 1,130 | max rel diff. = 0.00964762
[2024-05-02 15:34:16.910] [jointLog] [info] Finished optimizer
[2024-05-02 15:34:16.910] [jointLog] [info] writing output 

