[2024-05-02 17:29:30.676] [jointLog] [info] setting maxHashResizeThreads to 6
[2024-05-02 17:29:30.676] [jointLog] [info] Fragment incompatibility prior below threshold.  Incompatible fragments will be ignored.
[2024-05-02 17:29:30.676] [jointLog] [info] Usage of --validateMappings implies use of minScoreFraction. Since not explicitly specified, it is being set to 0.65
[2024-05-02 17:29:30.678] [jointLog] [info] Setting consensusSlack to selective-alignment default of 0.35.
[2024-05-02 17:29:30.678] [jointLog] [info] parsing read library format
[2024-05-02 17:29:30.680] [jointLog] [info] There is 1 library.
[2024-05-02 17:29:30.685] [jointLog] [info] Loading pufferfish index
[2024-05-02 17:29:30.688] [jointLog] [info] Loading dense pufferfish index.
[2024-05-02 17:29:34.110] [jointLog] [info] done
[2024-05-02 17:29:34.137] [jointLog] [info] Index contained 192,825 targets
[2024-05-02 17:29:35.509] [jointLog] [info] Number of decoys : 0
[2024-05-02 17:45:39.793] [jointLog] [info] Computed 331,903 rich equivalence classes for further processing
[2024-05-02 17:45:39.793] [jointLog] [info] Counted 32,213,665 total reads in the equivalence classes 
[2024-05-02 17:45:39.800] [jointLog] [info] Number of mappings discarded because of alignment score : 11,331,082
[2024-05-02 17:45:39.800] [jointLog] [info] Number of fragments entirely discarded because of alignment score : 387,691
[2024-05-02 17:45:39.800] [jointLog] [info] Number of fragments discarded because they are best-mapped to decoys : 0
[2024-05-02 17:45:39.800] [jointLog] [info] Number of fragments discarded because they have only dovetail (discordant) mappings to valid targets : 39,543
[2024-05-02 17:45:39.800] [jointLog] [info] Mapping rate = 94.7486%

[2024-05-02 17:45:39.800] [jointLog] [info] finished quantifyLibrary()
[2024-05-02 17:45:39.839] [jointLog] [info] Starting optimizer
[2024-05-02 17:45:39.964] [jointLog] [info] Marked 0 weighted equivalence classes as degenerate
[2024-05-02 17:45:40.010] [jointLog] [info] iteration = 0 | max rel diff. = 5941.64
[2024-05-02 17:45:39.796] [fileLog] [info] 
At end of round 0
==================
Observed 33999104 total fragments (33999104 in most recent round)

[2024-05-02 17:45:40.440] [jointLog] [info] iteration 11, adjusting effective lengths to account for biases
[2024-05-02 17:47:43.034] [jointLog] [info] Computed expected counts (for bias correction)
[2024-05-02 17:47:43.034] [jointLog] [info] processed bias for 0.1% of the transcripts
[2024-05-02 17:47:47.833] [jointLog] [info] processed bias for 10.0% of the transcripts
[2024-05-02 17:47:52.524] [jointLog] [info] processed bias for 20.0% of the transcripts
[2024-05-02 17:47:57.701] [jointLog] [info] processed bias for 30.0% of the transcripts
[2024-05-02 17:48:03.170] [jointLog] [info] processed bias for 40.0% of the transcripts
[2024-05-02 17:48:09.004] [jointLog] [info] processed bias for 50.0% of the transcripts
[2024-05-02 17:48:14.725] [jointLog] [info] processed bias for 60.0% of the transcripts
[2024-05-02 17:48:20.870] [jointLog] [info] processed bias for 70.0% of the transcripts
[2024-05-02 17:48:26.457] [jointLog] [info] processed bias for 80.0% of the transcripts
[2024-05-02 17:48:32.721] [jointLog] [info] processed bias for 90.0% of the transcripts
[2024-05-02 17:48:34.133] [jointLog] [info] processed bias for 100.0% of the transcripts
[2024-05-02 17:48:34.133] [jointLog] [info] processed bias for 100.0% of the transcripts
[2024-05-02 17:48:38.057] [jointLog] [info] iteration = 100 | max rel diff. = 19.9729
[2024-05-02 17:48:42.292] [jointLog] [info] iteration = 200 | max rel diff. = 11.2057
[2024-05-02 17:48:46.541] [jointLog] [info] iteration = 300 | max rel diff. = 11.2934
[2024-05-02 17:48:50.838] [jointLog] [info] iteration = 400 | max rel diff. = 1.69585
[2024-05-02 17:48:55.117] [jointLog] [info] iteration = 500 | max rel diff. = 1.79165
[2024-05-02 17:48:59.407] [jointLog] [info] iteration = 600 | max rel diff. = 0.717842
[2024-05-02 17:49:03.704] [jointLog] [info] iteration = 700 | max rel diff. = 1.60413
[2024-05-02 17:49:07.960] [jointLog] [info] iteration = 800 | max rel diff. = 0.15159
[2024-05-02 17:49:12.223] [jointLog] [info] iteration = 900 | max rel diff. = 0.0969736
[2024-05-02 17:49:16.480] [jointLog] [info] iteration = 1,000 | max rel diff. = 0.715481
[2024-05-02 17:49:20.773] [jointLog] [info] iteration = 1,100 | max rel diff. = 1.71035
[2024-05-02 17:49:25.102] [jointLog] [info] iteration = 1,200 | max rel diff. = 0.385701
[2024-05-02 17:49:29.399] [jointLog] [info] iteration = 1,300 | max rel diff. = 0.49895
[2024-05-02 17:49:33.714] [jointLog] [info] iteration = 1,400 | max rel diff. = 0.0338597
[2024-05-02 17:49:38.004] [jointLog] [info] iteration = 1,500 | max rel diff. = 0.113587
[2024-05-02 17:49:42.249] [jointLog] [info] iteration = 1,600 | max rel diff. = 0.016897
[2024-05-02 17:49:46.478] [jointLog] [info] iteration = 1,700 | max rel diff. = 9.55437
[2024-05-02 17:49:50.747] [jointLog] [info] iteration = 1,800 | max rel diff. = 0.0350695
[2024-05-02 17:49:55.017] [jointLog] [info] iteration = 1,900 | max rel diff. = 0.0631079
[2024-05-02 17:49:57.102] [jointLog] [info] iteration = 1,950 | max rel diff. = 0.00607286
[2024-05-02 17:49:57.107] [jointLog] [info] Finished optimizer
[2024-05-02 17:49:57.107] [jointLog] [info] writing output 

