[2024-04-25 16:15:22.763] [jointLog] [info] setting maxHashResizeThreads to 8
[2024-04-25 16:15:22.763] [jointLog] [info] Fragment incompatibility prior below threshold.  Incompatible fragments will be ignored.
[2024-04-25 16:15:22.763] [jointLog] [info] Usage of --validateMappings implies use of minScoreFraction. Since not explicitly specified, it is being set to 0.65
[2024-04-25 16:15:22.763] [jointLog] [info] Setting consensusSlack to selective-alignment default of 0.35.
[2024-04-25 16:15:22.763] [jointLog] [info] parsing read library format
[2024-04-25 16:15:22.772] [jointLog] [info] There is 1 library.
[2024-04-25 16:15:22.780] [jointLog] [info] Loading pufferfish index
[2024-04-25 16:15:22.784] [jointLog] [info] Loading dense pufferfish index.
[2024-04-25 16:15:26.628] [jointLog] [info] done
[2024-04-25 16:15:26.780] [jointLog] [info] Index contained 192,825 targets
[2024-04-25 16:15:26.844] [jointLog] [info] Number of decoys : 0
[2024-04-25 16:15:29.581] [jointLog] [info] Automatically detected most likely library type as IU

[2024-04-25 17:09:49.884] [jointLog] [info] Computed 334,508 rich equivalence classes for further processing
[2024-04-25 17:09:49.886] [jointLog] [info] Counted 33,246,877 total reads in the equivalence classes 
[2024-04-25 17:09:50.177] [jointLog] [info] Number of mappings discarded because of alignment score : 11,620,139
[2024-04-25 17:09:50.177] [jointLog] [info] Number of fragments entirely discarded because of alignment score : 485,823
[2024-04-25 17:09:50.177] [jointLog] [info] Number of fragments discarded because they are best-mapped to decoys : 0
[2024-04-25 17:09:50.177] [jointLog] [info] Number of fragments discarded because they have only dovetail (discordant) mappings to valid targets : 47,820
[2024-04-25 17:09:50.177] [jointLog] [info] Mapping rate = 92.9314%

[2024-04-25 17:09:50.177] [jointLog] [info] finished quantifyLibrary()
[2024-04-25 17:09:50.198] [jointLog] [info] Starting optimizer
[2024-04-25 17:09:49.894] [fileLog] [info] 
At end of round 0
==================
Observed 35775707 total fragments (35775707 in most recent round)

[2024-04-25 17:09:51.100] [jointLog] [info] Marked 0 weighted equivalence classes as degenerate
[2024-04-25 17:09:51.149] [jointLog] [info] iteration = 0 | max rel diff. = 5561.88
[2024-04-25 17:09:55.658] [jointLog] [info] iteration = 100 | max rel diff. = 19.7597
[2024-04-25 17:10:00.106] [jointLog] [info] iteration = 200 | max rel diff. = 4.65546
[2024-04-25 17:10:04.513] [jointLog] [info] iteration = 300 | max rel diff. = 18.7035
[2024-04-25 17:10:08.844] [jointLog] [info] iteration = 400 | max rel diff. = 9.03586
[2024-04-25 17:10:13.223] [jointLog] [info] iteration = 500 | max rel diff. = 1.84489
[2024-04-25 17:10:17.578] [jointLog] [info] iteration = 600 | max rel diff. = 1.53239
[2024-04-25 17:10:21.951] [jointLog] [info] iteration = 700 | max rel diff. = 0.531711
[2024-04-25 17:10:26.335] [jointLog] [info] iteration = 800 | max rel diff. = 0.378404
[2024-04-25 17:10:30.700] [jointLog] [info] iteration = 900 | max rel diff. = 3.40033
[2024-04-25 17:10:35.087] [jointLog] [info] iteration = 1,000 | max rel diff. = 0.863142
[2024-04-25 17:10:39.420] [jointLog] [info] iteration = 1,100 | max rel diff. = 0.247406
[2024-04-25 17:10:43.777] [jointLog] [info] iteration = 1,200 | max rel diff. = 0.0816377
[2024-04-25 17:10:48.186] [jointLog] [info] iteration = 1,300 | max rel diff. = 0.105572
[2024-04-25 17:10:52.574] [jointLog] [info] iteration = 1,400 | max rel diff. = 0.0150877
[2024-04-25 17:10:56.915] [jointLog] [info] iteration = 1,500 | max rel diff. = 0.125331
[2024-04-25 17:11:01.313] [jointLog] [info] iteration = 1,600 | max rel diff. = 0.0117547
[2024-04-25 17:11:05.668] [jointLog] [info] iteration = 1,700 | max rel diff. = 0.129411
[2024-04-25 17:11:09.868] [jointLog] [info] iteration = 1,798 | max rel diff. = 0.00477399
[2024-04-25 17:11:09.878] [jointLog] [info] Finished optimizer
[2024-04-25 17:11:09.878] [jointLog] [info] writing output 

