[2024-05-02 15:40:39.780] [jointLog] [info] setting maxHashResizeThreads to 6
[2024-05-02 15:40:39.780] [jointLog] [info] Fragment incompatibility prior below threshold.  Incompatible fragments will be ignored.
[2024-05-02 15:40:39.780] [jointLog] [info] Usage of --validateMappings implies use of minScoreFraction. Since not explicitly specified, it is being set to 0.65
[2024-05-02 15:40:39.780] [jointLog] [info] Setting consensusSlack to selective-alignment default of 0.35.
[2024-05-02 15:40:39.780] [jointLog] [info] parsing read library format
[2024-05-02 15:40:39.784] [jointLog] [info] There is 1 library.
[2024-05-02 15:40:39.791] [jointLog] [info] Loading pufferfish index
[2024-05-02 15:40:39.793] [jointLog] [info] Loading dense pufferfish index.
[2024-05-02 15:40:43.740] [jointLog] [info] done
[2024-05-02 15:40:43.763] [jointLog] [info] Index contained 192,825 targets
[2024-05-02 15:40:45.032] [jointLog] [info] Number of decoys : 0
[2024-05-02 15:57:35.499] [fileLog] [info] 
At end of round 0
==================
Observed 35732368 total fragments (35732368 in most recent round)

[2024-05-02 15:57:35.498] [jointLog] [info] Computed 348,645 rich equivalence classes for further processing
[2024-05-02 15:57:35.498] [jointLog] [info] Counted 34,255,827 total reads in the equivalence classes 
[2024-05-02 15:57:35.503] [jointLog] [info] Number of mappings discarded because of alignment score : 12,335,122
[2024-05-02 15:57:35.503] [jointLog] [info] Number of fragments entirely discarded because of alignment score : 417,761
[2024-05-02 15:57:35.503] [jointLog] [info] Number of fragments discarded because they are best-mapped to decoys : 0
[2024-05-02 15:57:35.503] [jointLog] [info] Number of fragments discarded because they have only dovetail (discordant) mappings to valid targets : 39,617
[2024-05-02 15:57:35.503] [jointLog] [info] Mapping rate = 95.8678%

[2024-05-02 15:57:35.503] [jointLog] [info] finished quantifyLibrary()
[2024-05-02 15:57:35.524] [jointLog] [info] Starting optimizer
[2024-05-02 15:57:35.632] [jointLog] [info] Marked 0 weighted equivalence classes as degenerate
[2024-05-02 15:57:35.665] [jointLog] [info] iteration = 0 | max rel diff. = 54.9398
[2024-05-02 15:57:35.970] [jointLog] [info] iteration 11, adjusting effective lengths to account for biases
[2024-05-02 16:00:17.006] [jointLog] [info] Computed expected counts (for bias correction)
[2024-05-02 16:00:17.007] [jointLog] [info] processed bias for 0.1% of the transcripts
[2024-05-02 16:00:23.480] [jointLog] [info] processed bias for 10.0% of the transcripts
[2024-05-02 16:00:29.598] [jointLog] [info] processed bias for 20.0% of the transcripts
[2024-05-02 16:00:36.413] [jointLog] [info] processed bias for 30.0% of the transcripts
[2024-05-02 16:00:43.434] [jointLog] [info] processed bias for 40.0% of the transcripts
[2024-05-02 16:00:51.008] [jointLog] [info] processed bias for 50.0% of the transcripts
[2024-05-02 16:00:58.475] [jointLog] [info] processed bias for 60.0% of the transcripts
[2024-05-02 16:01:06.616] [jointLog] [info] processed bias for 70.0% of the transcripts
[2024-05-02 16:01:13.982] [jointLog] [info] processed bias for 80.0% of the transcripts
[2024-05-02 16:01:22.074] [jointLog] [info] processed bias for 90.0% of the transcripts
[2024-05-02 16:01:23.863] [jointLog] [info] processed bias for 100.0% of the transcripts
[2024-05-02 16:01:23.863] [jointLog] [info] processed bias for 100.0% of the transcripts
[2024-05-02 16:01:26.639] [jointLog] [info] iteration = 100 | max rel diff. = 0.140126
[2024-05-02 16:01:29.650] [jointLog] [info] iteration = 200 | max rel diff. = 0.0574176
[2024-05-02 16:01:32.665] [jointLog] [info] iteration = 300 | max rel diff. = 0.0412737
[2024-05-02 16:01:35.639] [jointLog] [info] iteration = 400 | max rel diff. = 0.0314967
[2024-05-02 16:01:38.639] [jointLog] [info] iteration = 500 | max rel diff. = 0.028465
[2024-05-02 16:01:41.654] [jointLog] [info] iteration = 600 | max rel diff. = 0.0197588
[2024-05-02 16:01:44.717] [jointLog] [info] iteration = 700 | max rel diff. = 0.0167538
[2024-05-02 16:01:47.745] [jointLog] [info] iteration = 800 | max rel diff. = 0.0167539
[2024-05-02 16:01:50.845] [jointLog] [info] iteration = 900 | max rel diff. = 0.0129985
[2024-05-02 16:01:53.911] [jointLog] [info] iteration = 1,000 | max rel diff. = 0.0129985
[2024-05-02 16:01:56.954] [jointLog] [info] iteration = 1,100 | max rel diff. = 0.011727
[2024-05-02 16:02:00.009] [jointLog] [info] iteration = 1,200 | max rel diff. = 0.0116498
[2024-05-02 16:02:00.190] [jointLog] [info] iteration = 1,207 | max rel diff. = 0.00958105
[2024-05-02 16:02:00.195] [jointLog] [info] Finished optimizer
[2024-05-02 16:02:00.195] [jointLog] [info] writing output 

