[2024-05-02 14:53:22.136] [jointLog] [info] setting maxHashResizeThreads to 6
[2024-05-02 14:53:22.136] [jointLog] [info] Fragment incompatibility prior below threshold.  Incompatible fragments will be ignored.
[2024-05-02 14:53:22.136] [jointLog] [info] Usage of --validateMappings implies use of minScoreFraction. Since not explicitly specified, it is being set to 0.65
[2024-05-02 14:53:22.136] [jointLog] [info] Setting consensusSlack to selective-alignment default of 0.35.
[2024-05-02 14:53:22.136] [jointLog] [info] parsing read library format
[2024-05-02 14:53:22.150] [jointLog] [info] There is 1 library.
[2024-05-02 14:53:22.228] [jointLog] [info] Loading pufferfish index
[2024-05-02 14:53:22.251] [jointLog] [info] Loading dense pufferfish index.
[2024-05-02 14:56:02.092] [jointLog] [info] done
[2024-05-02 14:56:02.387] [jointLog] [info] Index contained 192,825 targets
[2024-05-02 14:56:04.235] [jointLog] [info] Number of decoys : 0
[2024-05-02 15:18:14.152] [jointLog] [info] Computed 336,697 rich equivalence classes for further processing
[2024-05-02 15:18:14.152] [jointLog] [info] Counted 31,547,959 total reads in the equivalence classes 
[2024-05-02 15:18:14.162] [jointLog] [info] Number of mappings discarded because of alignment score : 11,412,143
[2024-05-02 15:18:14.162] [jointLog] [info] Number of fragments entirely discarded because of alignment score : 351,861
[2024-05-02 15:18:14.162] [jointLog] [info] Number of fragments discarded because they are best-mapped to decoys : 0
[2024-05-02 15:18:14.162] [jointLog] [info] Number of fragments discarded because they have only dovetail (discordant) mappings to valid targets : 38,107
[2024-05-02 15:18:14.162] [jointLog] [info] Mapping rate = 95.7847%

[2024-05-02 15:18:14.162] [jointLog] [info] finished quantifyLibrary()
[2024-05-02 15:18:14.180] [jointLog] [info] Starting optimizer
[2024-05-02 15:18:14.384] [jointLog] [info] Marked 0 weighted equivalence classes as degenerate
[2024-05-02 15:18:14.446] [jointLog] [info] iteration = 0 | max rel diff. = 6029.73
[2024-05-02 15:18:14.156] [fileLog] [info] 
At end of round 0
==================
Observed 32936340 total fragments (32936340 in most recent round)

[2024-05-02 15:18:15.027] [jointLog] [info] iteration 11, adjusting effective lengths to account for biases
[2024-05-02 15:20:00.013] [jointLog] [info] Computed expected counts (for bias correction)
[2024-05-02 15:20:00.013] [jointLog] [info] processed bias for 0.1% of the transcripts
[2024-05-02 15:20:07.138] [jointLog] [info] processed bias for 10.0% of the transcripts
[2024-05-02 15:20:14.211] [jointLog] [info] processed bias for 20.0% of the transcripts
[2024-05-02 15:20:22.071] [jointLog] [info] processed bias for 30.0% of the transcripts
[2024-05-02 15:20:30.289] [jointLog] [info] processed bias for 40.0% of the transcripts
[2024-05-02 15:20:38.968] [jointLog] [info] processed bias for 50.0% of the transcripts
[2024-05-02 15:20:47.517] [jointLog] [info] processed bias for 60.0% of the transcripts
[2024-05-02 15:20:56.736] [jointLog] [info] processed bias for 70.0% of the transcripts
[2024-05-02 15:21:05.163] [jointLog] [info] processed bias for 80.0% of the transcripts
[2024-05-02 15:21:14.447] [jointLog] [info] processed bias for 90.0% of the transcripts
[2024-05-02 15:21:16.522] [jointLog] [info] processed bias for 100.0% of the transcripts
[2024-05-02 15:21:16.523] [jointLog] [info] processed bias for 100.0% of the transcripts
[2024-05-02 15:21:21.738] [jointLog] [info] iteration = 100 | max rel diff. = 14.7679
[2024-05-02 15:21:27.449] [jointLog] [info] iteration = 200 | max rel diff. = 14.6547
[2024-05-02 15:21:33.148] [jointLog] [info] iteration = 300 | max rel diff. = 13.7486
[2024-05-02 15:21:38.843] [jointLog] [info] iteration = 400 | max rel diff. = 19.2601
[2024-05-02 15:21:44.545] [jointLog] [info] iteration = 500 | max rel diff. = 6.68116
[2024-05-02 15:21:50.250] [jointLog] [info] iteration = 600 | max rel diff. = 1.49915
[2024-05-02 15:21:55.955] [jointLog] [info] iteration = 700 | max rel diff. = 0.85113
[2024-05-02 15:22:01.650] [jointLog] [info] iteration = 800 | max rel diff. = 9.1872
[2024-05-02 15:22:07.348] [jointLog] [info] iteration = 900 | max rel diff. = 0.431381
[2024-05-02 15:22:13.057] [jointLog] [info] iteration = 1,000 | max rel diff. = 2.46136
[2024-05-02 15:22:18.770] [jointLog] [info] iteration = 1,100 | max rel diff. = 0.142087
[2024-05-02 15:22:24.477] [jointLog] [info] iteration = 1,200 | max rel diff. = 0.0602502
[2024-05-02 15:22:30.170] [jointLog] [info] iteration = 1,300 | max rel diff. = 3.18605
[2024-05-02 15:22:35.870] [jointLog] [info] iteration = 1,400 | max rel diff. = 0.247416
[2024-05-02 15:22:41.586] [jointLog] [info] iteration = 1,500 | max rel diff. = 2.35085
[2024-05-02 15:22:44.325] [jointLog] [info] iteration = 1,549 | max rel diff. = 0.00909875
[2024-05-02 15:22:44.344] [jointLog] [info] Finished optimizer
[2024-05-02 15:22:44.344] [jointLog] [info] writing output 

