[2024-05-02 17:29:30.823] [jointLog] [info] setting maxHashResizeThreads to 6
[2024-05-02 17:29:30.823] [jointLog] [info] Fragment incompatibility prior below threshold.  Incompatible fragments will be ignored.
[2024-05-02 17:29:30.823] [jointLog] [info] Usage of --validateMappings implies use of minScoreFraction. Since not explicitly specified, it is being set to 0.65
[2024-05-02 17:29:30.824] [jointLog] [info] Setting consensusSlack to selective-alignment default of 0.35.
[2024-05-02 17:29:30.824] [jointLog] [info] parsing read library format
[2024-05-02 17:29:30.825] [jointLog] [info] There is 1 library.
[2024-05-02 17:29:30.830] [jointLog] [info] Loading pufferfish index
[2024-05-02 17:29:30.832] [jointLog] [info] Loading dense pufferfish index.
[2024-05-02 17:29:34.110] [jointLog] [info] done
[2024-05-02 17:29:34.132] [jointLog] [info] Index contained 192,825 targets
[2024-05-02 17:29:35.513] [jointLog] [info] Number of decoys : 0
[2024-05-02 17:46:49.361] [fileLog] [info] 
At end of round 0
==================
Observed 37486482 total fragments (37486482 in most recent round)

[2024-05-02 17:46:49.359] [jointLog] [info] Computed 344,748 rich equivalence classes for further processing
[2024-05-02 17:46:49.359] [jointLog] [info] Counted 34,607,509 total reads in the equivalence classes 
[2024-05-02 17:46:49.365] [jointLog] [info] Number of mappings discarded because of alignment score : 12,222,586
[2024-05-02 17:46:49.365] [jointLog] [info] Number of fragments entirely discarded because of alignment score : 554,774
[2024-05-02 17:46:49.365] [jointLog] [info] Number of fragments discarded because they are best-mapped to decoys : 0
[2024-05-02 17:46:49.365] [jointLog] [info] Number of fragments discarded because they have only dovetail (discordant) mappings to valid targets : 45,190
[2024-05-02 17:46:49.365] [jointLog] [info] Mapping rate = 92.32%

[2024-05-02 17:46:49.365] [jointLog] [info] finished quantifyLibrary()
[2024-05-02 17:46:49.380] [jointLog] [info] Starting optimizer
[2024-05-02 17:46:49.487] [jointLog] [info] Marked 0 weighted equivalence classes as degenerate
[2024-05-02 17:46:49.535] [jointLog] [info] iteration = 0 | max rel diff. = 5437.85
[2024-05-02 17:46:49.987] [jointLog] [info] iteration 11, adjusting effective lengths to account for biases
[2024-05-02 17:48:57.895] [jointLog] [info] Computed expected counts (for bias correction)
[2024-05-02 17:48:57.896] [jointLog] [info] processed bias for 0.1% of the transcripts
[2024-05-02 17:49:02.889] [jointLog] [info] processed bias for 10.0% of the transcripts
[2024-05-02 17:49:07.766] [jointLog] [info] processed bias for 20.0% of the transcripts
[2024-05-02 17:49:13.185] [jointLog] [info] processed bias for 30.0% of the transcripts
[2024-05-02 17:49:18.859] [jointLog] [info] processed bias for 40.0% of the transcripts
[2024-05-02 17:49:24.924] [jointLog] [info] processed bias for 50.0% of the transcripts
[2024-05-02 17:49:30.849] [jointLog] [info] processed bias for 60.0% of the transcripts
[2024-05-02 17:49:37.260] [jointLog] [info] processed bias for 70.0% of the transcripts
[2024-05-02 17:49:43.150] [jointLog] [info] processed bias for 80.0% of the transcripts
[2024-05-02 17:49:49.657] [jointLog] [info] processed bias for 90.0% of the transcripts
[2024-05-02 17:49:51.093] [jointLog] [info] processed bias for 100.0% of the transcripts
[2024-05-02 17:49:51.093] [jointLog] [info] processed bias for 100.0% of the transcripts
[2024-05-02 17:49:55.039] [jointLog] [info] iteration = 100 | max rel diff. = 9.60304
[2024-05-02 17:49:59.358] [jointLog] [info] iteration = 200 | max rel diff. = 15.3506
[2024-05-02 17:50:03.676] [jointLog] [info] iteration = 300 | max rel diff. = 1.40526
[2024-05-02 17:50:07.975] [jointLog] [info] iteration = 400 | max rel diff. = 7.24852
[2024-05-02 17:50:12.321] [jointLog] [info] iteration = 500 | max rel diff. = 1.68302
[2024-05-02 17:50:16.642] [jointLog] [info] iteration = 600 | max rel diff. = 16.1885
[2024-05-02 17:50:20.958] [jointLog] [info] iteration = 700 | max rel diff. = 0.82803
[2024-05-02 17:50:25.300] [jointLog] [info] iteration = 800 | max rel diff. = 0.158605
[2024-05-02 17:50:29.660] [jointLog] [info] iteration = 900 | max rel diff. = 0.715746
[2024-05-02 17:50:33.971] [jointLog] [info] iteration = 1,000 | max rel diff. = 0.0498137
[2024-05-02 17:50:38.326] [jointLog] [info] iteration = 1,100 | max rel diff. = 0.21124
[2024-05-02 17:50:42.616] [jointLog] [info] iteration = 1,200 | max rel diff. = 0.202351
[2024-05-02 17:50:46.928] [jointLog] [info] iteration = 1,300 | max rel diff. = 0.11045
[2024-05-02 17:50:51.278] [jointLog] [info] iteration = 1,400 | max rel diff. = 0.0870428
[2024-05-02 17:50:55.577] [jointLog] [info] iteration = 1,500 | max rel diff. = 1.20333
[2024-05-02 17:50:59.903] [jointLog] [info] iteration = 1,600 | max rel diff. = 2.80558
[2024-05-02 17:51:03.668] [jointLog] [info] iteration = 1,688 | max rel diff. = 0.00611428
[2024-05-02 17:51:03.673] [jointLog] [info] Finished optimizer
[2024-05-02 17:51:03.673] [jointLog] [info] writing output 

