[2024-05-02 17:29:30.785] [jointLog] [info] setting maxHashResizeThreads to 6
[2024-05-02 17:29:30.785] [jointLog] [info] Fragment incompatibility prior below threshold.  Incompatible fragments will be ignored.
[2024-05-02 17:29:30.785] [jointLog] [info] Usage of --validateMappings implies use of minScoreFraction. Since not explicitly specified, it is being set to 0.65
[2024-05-02 17:29:30.785] [jointLog] [info] Setting consensusSlack to selective-alignment default of 0.35.
[2024-05-02 17:29:30.785] [jointLog] [info] parsing read library format
[2024-05-02 17:29:30.786] [jointLog] [info] There is 1 library.
[2024-05-02 17:29:30.792] [jointLog] [info] Loading pufferfish index
[2024-05-02 17:29:30.793] [jointLog] [info] Loading dense pufferfish index.
[2024-05-02 17:29:34.110] [jointLog] [info] done
[2024-05-02 17:29:34.134] [jointLog] [info] Index contained 192,825 targets
[2024-05-02 17:29:35.505] [jointLog] [info] Number of decoys : 0
[2024-05-02 17:47:54.375] [jointLog] [info] Computed 347,992 rich equivalence classes for further processing
[2024-05-02 17:47:54.375] [jointLog] [info] Counted 37,244,741 total reads in the equivalence classes 
[2024-05-02 17:47:54.381] [jointLog] [info] Number of mappings discarded because of alignment score : 12,938,108
[2024-05-02 17:47:54.381] [jointLog] [info] Number of fragments entirely discarded because of alignment score : 486,237
[2024-05-02 17:47:54.381] [jointLog] [info] Number of fragments discarded because they are best-mapped to decoys : 0
[2024-05-02 17:47:54.381] [jointLog] [info] Number of fragments discarded because they have only dovetail (discordant) mappings to valid targets : 38,851
[2024-05-02 17:47:54.381] [jointLog] [info] Mapping rate = 94.5839%

[2024-05-02 17:47:54.381] [jointLog] [info] finished quantifyLibrary()
[2024-05-02 17:47:54.390] [jointLog] [info] Starting optimizer
[2024-05-02 17:47:54.494] [jointLog] [info] Marked 0 weighted equivalence classes as degenerate
[2024-05-02 17:47:54.376] [fileLog] [info] 
At end of round 0
==================
Observed 39377480 total fragments (39377480 in most recent round)

[2024-05-02 17:47:54.542] [jointLog] [info] iteration = 0 | max rel diff. = 4862.7
[2024-05-02 17:47:54.997] [jointLog] [info] iteration 11, adjusting effective lengths to account for biases
[2024-05-02 17:50:02.461] [jointLog] [info] Computed expected counts (for bias correction)
[2024-05-02 17:50:02.461] [jointLog] [info] processed bias for 0.1% of the transcripts
[2024-05-02 17:50:07.435] [jointLog] [info] processed bias for 10.0% of the transcripts
[2024-05-02 17:50:12.300] [jointLog] [info] processed bias for 20.0% of the transcripts
[2024-05-02 17:50:17.712] [jointLog] [info] processed bias for 30.0% of the transcripts
[2024-05-02 17:50:23.389] [jointLog] [info] processed bias for 40.0% of the transcripts
[2024-05-02 17:50:29.430] [jointLog] [info] processed bias for 50.0% of the transcripts
[2024-05-02 17:50:35.643] [jointLog] [info] processed bias for 60.0% of the transcripts
[2024-05-02 17:50:42.097] [jointLog] [info] processed bias for 70.0% of the transcripts
[2024-05-02 17:50:47.887] [jointLog] [info] processed bias for 80.0% of the transcripts
[2024-05-02 17:50:54.314] [jointLog] [info] processed bias for 90.0% of the transcripts
[2024-05-02 17:50:55.775] [jointLog] [info] processed bias for 100.0% of the transcripts
[2024-05-02 17:50:55.776] [jointLog] [info] processed bias for 100.0% of the transcripts
[2024-05-02 17:50:59.770] [jointLog] [info] iteration = 100 | max rel diff. = 15.9084
[2024-05-02 17:51:04.104] [jointLog] [info] iteration = 200 | max rel diff. = 15.2478
[2024-05-02 17:51:08.395] [jointLog] [info] iteration = 300 | max rel diff. = 4.26997
[2024-05-02 17:51:12.716] [jointLog] [info] iteration = 400 | max rel diff. = 5.03469
[2024-05-02 17:51:17.047] [jointLog] [info] iteration = 500 | max rel diff. = 4.24733
[2024-05-02 17:51:21.418] [jointLog] [info] iteration = 600 | max rel diff. = 0.500773
[2024-05-02 17:51:25.762] [jointLog] [info] iteration = 700 | max rel diff. = 11.828
[2024-05-02 17:51:30.068] [jointLog] [info] iteration = 800 | max rel diff. = 8.3634
[2024-05-02 17:51:34.411] [jointLog] [info] iteration = 900 | max rel diff. = 0.288517
[2024-05-02 17:51:38.695] [jointLog] [info] iteration = 1,000 | max rel diff. = 0.623426
[2024-05-02 17:51:42.986] [jointLog] [info] iteration = 1,100 | max rel diff. = 0.441997
[2024-05-02 17:51:47.297] [jointLog] [info] iteration = 1,200 | max rel diff. = 0.196462
[2024-05-02 17:51:51.663] [jointLog] [info] iteration = 1,300 | max rel diff. = 0.0571359
[2024-05-02 17:51:55.989] [jointLog] [info] iteration = 1,400 | max rel diff. = 0.0942557
[2024-05-02 17:52:00.336] [jointLog] [info] iteration = 1,500 | max rel diff. = 0.0811664
[2024-05-02 17:52:04.691] [jointLog] [info] iteration = 1,600 | max rel diff. = 0.138079
[2024-05-02 17:52:08.972] [jointLog] [info] iteration = 1,700 | max rel diff. = 0.120716
[2024-05-02 17:52:13.293] [jointLog] [info] iteration = 1,800 | max rel diff. = 0.0856898
[2024-05-02 17:52:17.629] [jointLog] [info] iteration = 1,900 | max rel diff. = 1.31612
[2024-05-02 17:52:22.000] [jointLog] [info] iteration = 2,000 | max rel diff. = 0.0715084
[2024-05-02 17:52:22.788] [jointLog] [info] iteration = 2,019 | max rel diff. = 0.00695432
[2024-05-02 17:52:22.793] [jointLog] [info] Finished optimizer
[2024-05-02 17:52:22.793] [jointLog] [info] writing output 

