[2024-05-02 17:29:30.575] [jointLog] [info] setting maxHashResizeThreads to 6
[2024-05-02 17:29:30.575] [jointLog] [info] Fragment incompatibility prior below threshold.  Incompatible fragments will be ignored.
[2024-05-02 17:29:30.575] [jointLog] [info] Usage of --validateMappings implies use of minScoreFraction. Since not explicitly specified, it is being set to 0.65
[2024-05-02 17:29:30.575] [jointLog] [info] Setting consensusSlack to selective-alignment default of 0.35.
[2024-05-02 17:29:30.575] [jointLog] [info] parsing read library format
[2024-05-02 17:29:30.575] [jointLog] [info] There is 1 library.
[2024-05-02 17:29:30.587] [jointLog] [info] Loading pufferfish index
[2024-05-02 17:29:30.588] [jointLog] [info] Loading dense pufferfish index.
[2024-05-02 17:29:34.110] [jointLog] [info] done
[2024-05-02 17:29:34.133] [jointLog] [info] Index contained 192,825 targets
[2024-05-02 17:29:35.527] [jointLog] [info] Number of decoys : 0
[2024-05-02 17:46:02.130] [jointLog] [info] Computed 334,260 rich equivalence classes for further processing
[2024-05-02 17:46:02.130] [jointLog] [info] Counted 33,246,877 total reads in the equivalence classes 
[2024-05-02 17:46:02.135] [jointLog] [info] Number of mappings discarded because of alignment score : 11,620,139
[2024-05-02 17:46:02.135] [jointLog] [info] Number of fragments entirely discarded because of alignment score : 485,823
[2024-05-02 17:46:02.135] [jointLog] [info] Number of fragments discarded because they are best-mapped to decoys : 0
[2024-05-02 17:46:02.135] [jointLog] [info] Number of fragments discarded because they have only dovetail (discordant) mappings to valid targets : 47,820
[2024-05-02 17:46:02.135] [jointLog] [info] Mapping rate = 92.9314%

[2024-05-02 17:46:02.135] [jointLog] [info] finished quantifyLibrary()
[2024-05-02 17:46:02.158] [jointLog] [info] Starting optimizer
[2024-05-02 17:46:02.261] [jointLog] [info] Marked 0 weighted equivalence classes as degenerate
[2024-05-02 17:46:02.130] [fileLog] [info] 
At end of round 0
==================
Observed 35775707 total fragments (35775707 in most recent round)

[2024-05-02 17:46:02.308] [jointLog] [info] iteration = 0 | max rel diff. = 5579.42
[2024-05-02 17:46:02.744] [jointLog] [info] iteration 11, adjusting effective lengths to account for biases
[2024-05-02 17:48:05.864] [jointLog] [info] Computed expected counts (for bias correction)
[2024-05-02 17:48:05.864] [jointLog] [info] processed bias for 0.1% of the transcripts
[2024-05-02 17:48:10.670] [jointLog] [info] processed bias for 10.0% of the transcripts
[2024-05-02 17:48:15.411] [jointLog] [info] processed bias for 20.0% of the transcripts
[2024-05-02 17:48:20.653] [jointLog] [info] processed bias for 30.0% of the transcripts
[2024-05-02 17:48:26.138] [jointLog] [info] processed bias for 40.0% of the transcripts
[2024-05-02 17:48:31.979] [jointLog] [info] processed bias for 50.0% of the transcripts
[2024-05-02 17:48:37.740] [jointLog] [info] processed bias for 60.0% of the transcripts
[2024-05-02 17:48:43.946] [jointLog] [info] processed bias for 70.0% of the transcripts
[2024-05-02 17:48:49.607] [jointLog] [info] processed bias for 80.0% of the transcripts
[2024-05-02 17:48:55.875] [jointLog] [info] processed bias for 90.0% of the transcripts
[2024-05-02 17:48:57.276] [jointLog] [info] processed bias for 100.0% of the transcripts
[2024-05-02 17:48:57.276] [jointLog] [info] processed bias for 100.0% of the transcripts
[2024-05-02 17:49:01.259] [jointLog] [info] iteration = 100 | max rel diff. = 16.8127
[2024-05-02 17:49:05.621] [jointLog] [info] iteration = 200 | max rel diff. = 9.82592
[2024-05-02 17:49:09.989] [jointLog] [info] iteration = 300 | max rel diff. = 3.141
[2024-05-02 17:49:14.347] [jointLog] [info] iteration = 400 | max rel diff. = 2.12181
[2024-05-02 17:49:18.688] [jointLog] [info] iteration = 500 | max rel diff. = 0.719454
[2024-05-02 17:49:23.039] [jointLog] [info] iteration = 600 | max rel diff. = 10.1388
[2024-05-02 17:49:27.392] [jointLog] [info] iteration = 700 | max rel diff. = 0.27897
[2024-05-02 17:49:31.736] [jointLog] [info] iteration = 800 | max rel diff. = 3.16284
[2024-05-02 17:49:36.061] [jointLog] [info] iteration = 900 | max rel diff. = 0.0851304
[2024-05-02 17:49:40.394] [jointLog] [info] iteration = 1,000 | max rel diff. = 0.0955926
[2024-05-02 17:49:44.769] [jointLog] [info] iteration = 1,100 | max rel diff. = 1.7386
[2024-05-02 17:49:49.118] [jointLog] [info] iteration = 1,200 | max rel diff. = 0.24241
[2024-05-02 17:49:53.416] [jointLog] [info] iteration = 1,300 | max rel diff. = 0.0397235
[2024-05-02 17:49:57.740] [jointLog] [info] iteration = 1,400 | max rel diff. = 0.684191
[2024-05-02 17:50:02.078] [jointLog] [info] iteration = 1,500 | max rel diff. = 1.34041
[2024-05-02 17:50:06.417] [jointLog] [info] iteration = 1,600 | max rel diff. = 0.521187
[2024-05-02 17:50:10.727] [jointLog] [info] iteration = 1,700 | max rel diff. = 0.0455141
[2024-05-02 17:50:15.066] [jointLog] [info] iteration = 1,800 | max rel diff. = 0.042489
[2024-05-02 17:50:19.424] [jointLog] [info] iteration = 1,900 | max rel diff. = 0.118489
[2024-05-02 17:50:23.768] [jointLog] [info] iteration = 2,000 | max rel diff. = 0.046105
[2024-05-02 17:50:28.129] [jointLog] [info] iteration = 2,100 | max rel diff. = 0.107765
[2024-05-02 17:50:32.448] [jointLog] [info] iteration = 2,200 | max rel diff. = 0.0114701
[2024-05-02 17:50:36.809] [jointLog] [info] iteration = 2,300 | max rel diff. = 0.0255315
[2024-05-02 17:50:38.028] [jointLog] [info] iteration = 2,329 | max rel diff. = 0.00222285
[2024-05-02 17:50:38.033] [jointLog] [info] Finished optimizer
[2024-05-02 17:50:38.033] [jointLog] [info] writing output 

