[2024-05-02 14:53:25.294] [jointLog] [info] setting maxHashResizeThreads to 6
[2024-05-02 14:53:25.294] [jointLog] [info] Fragment incompatibility prior below threshold.  Incompatible fragments will be ignored.
[2024-05-02 14:53:25.294] [jointLog] [info] Usage of --validateMappings implies use of minScoreFraction. Since not explicitly specified, it is being set to 0.65
[2024-05-02 14:53:25.294] [jointLog] [info] Setting consensusSlack to selective-alignment default of 0.35.
[2024-05-02 14:53:25.294] [jointLog] [info] parsing read library format
[2024-05-02 14:53:25.363] [jointLog] [info] There is 1 library.
[2024-05-02 14:53:25.457] [jointLog] [info] Loading pufferfish index
[2024-05-02 14:53:25.486] [jointLog] [info] Loading dense pufferfish index.
[2024-05-02 14:56:14.987] [jointLog] [info] done
[2024-05-02 14:56:15.129] [jointLog] [info] Index contained 192,825 targets
[2024-05-02 14:56:16.981] [jointLog] [info] Number of decoys : 0
[2024-05-02 15:19:22.345] [fileLog] [info] 
At end of round 0
==================
Observed 34567489 total fragments (34567489 in most recent round)

[2024-05-02 15:19:22.343] [jointLog] [info] Computed 334,731 rich equivalence classes for further processing
[2024-05-02 15:19:22.343] [jointLog] [info] Counted 32,484,617 total reads in the equivalence classes 
[2024-05-02 15:19:22.351] [jointLog] [info] Number of mappings discarded because of alignment score : 11,380,403
[2024-05-02 15:19:22.351] [jointLog] [info] Number of fragments entirely discarded because of alignment score : 430,274
[2024-05-02 15:19:22.351] [jointLog] [info] Number of fragments discarded because they are best-mapped to decoys : 0
[2024-05-02 15:19:22.351] [jointLog] [info] Number of fragments discarded because they have only dovetail (discordant) mappings to valid targets : 38,093
[2024-05-02 15:19:22.351] [jointLog] [info] Mapping rate = 93.9745%

[2024-05-02 15:19:22.351] [jointLog] [info] finished quantifyLibrary()
[2024-05-02 15:19:22.368] [jointLog] [info] Starting optimizer
[2024-05-02 15:19:22.579] [jointLog] [info] Marked 0 weighted equivalence classes as degenerate
[2024-05-02 15:19:22.640] [jointLog] [info] iteration = 0 | max rel diff. = 5895.55
[2024-05-02 15:19:23.218] [jointLog] [info] iteration 11, adjusting effective lengths to account for biases
[2024-05-02 15:21:07.110] [jointLog] [info] Computed expected counts (for bias correction)
[2024-05-02 15:21:07.110] [jointLog] [info] processed bias for 0.1% of the transcripts
[2024-05-02 15:21:14.297] [jointLog] [info] processed bias for 10.0% of the transcripts
[2024-05-02 15:21:21.308] [jointLog] [info] processed bias for 20.0% of the transcripts
[2024-05-02 15:21:29.086] [jointLog] [info] processed bias for 30.0% of the transcripts
[2024-05-02 15:21:37.233] [jointLog] [info] processed bias for 40.0% of the transcripts
[2024-05-02 15:21:45.864] [jointLog] [info] processed bias for 50.0% of the transcripts
[2024-05-02 15:21:54.375] [jointLog] [info] processed bias for 60.0% of the transcripts
[2024-05-02 15:22:03.655] [jointLog] [info] processed bias for 70.0% of the transcripts
[2024-05-02 15:22:12.057] [jointLog] [info] processed bias for 80.0% of the transcripts
[2024-05-02 15:22:21.364] [jointLog] [info] processed bias for 90.0% of the transcripts
[2024-05-02 15:22:23.475] [jointLog] [info] processed bias for 100.0% of the transcripts
[2024-05-02 15:22:23.476] [jointLog] [info] processed bias for 100.0% of the transcripts
[2024-05-02 15:22:28.643] [jointLog] [info] iteration = 100 | max rel diff. = 18.0592
[2024-05-02 15:22:34.304] [jointLog] [info] iteration = 200 | max rel diff. = 9.32627
[2024-05-02 15:22:39.973] [jointLog] [info] iteration = 300 | max rel diff. = 3.85543
[2024-05-02 15:22:45.632] [jointLog] [info] iteration = 400 | max rel diff. = 14.1146
[2024-05-02 15:22:51.299] [jointLog] [info] iteration = 500 | max rel diff. = 6.24525
[2024-05-02 15:22:56.957] [jointLog] [info] iteration = 600 | max rel diff. = 12.948
[2024-05-02 15:23:02.621] [jointLog] [info] iteration = 700 | max rel diff. = 0.452067
[2024-05-02 15:23:08.276] [jointLog] [info] iteration = 800 | max rel diff. = 1.15575
[2024-05-02 15:23:13.952] [jointLog] [info] iteration = 900 | max rel diff. = 0.167996
[2024-05-02 15:23:19.625] [jointLog] [info] iteration = 1,000 | max rel diff. = 13.5753
[2024-05-02 15:23:25.285] [jointLog] [info] iteration = 1,100 | max rel diff. = 0.172273
[2024-05-02 15:23:30.940] [jointLog] [info] iteration = 1,200 | max rel diff. = 0.0269231
[2024-05-02 15:23:36.609] [jointLog] [info] iteration = 1,300 | max rel diff. = 0.249276
[2024-05-02 15:23:42.281] [jointLog] [info] iteration = 1,400 | max rel diff. = 4.1396
[2024-05-02 15:23:47.944] [jointLog] [info] iteration = 1,500 | max rel diff. = 0.0273451
[2024-05-02 15:23:53.605] [jointLog] [info] iteration = 1,600 | max rel diff. = 0.0726871
[2024-05-02 15:23:59.269] [jointLog] [info] iteration = 1,700 | max rel diff. = 0.480216
[2024-05-02 15:24:01.644] [jointLog] [info] iteration = 1,743 | max rel diff. = 0.00968766
[2024-05-02 15:24:01.663] [jointLog] [info] Finished optimizer
[2024-05-02 15:24:01.663] [jointLog] [info] writing output 

