[2024-04-25 16:15:22.914] [jointLog] [info] setting maxHashResizeThreads to 8
[2024-04-25 16:15:22.914] [jointLog] [info] Fragment incompatibility prior below threshold.  Incompatible fragments will be ignored.
[2024-04-25 16:15:22.914] [jointLog] [info] Usage of --validateMappings implies use of minScoreFraction. Since not explicitly specified, it is being set to 0.65
[2024-04-25 16:15:22.914] [jointLog] [info] Setting consensusSlack to selective-alignment default of 0.35.
[2024-04-25 16:15:22.914] [jointLog] [info] parsing read library format
[2024-04-25 16:15:22.915] [jointLog] [info] There is 1 library.
[2024-04-25 16:15:22.922] [jointLog] [info] Loading pufferfish index
[2024-04-25 16:15:22.924] [jointLog] [info] Loading dense pufferfish index.
[2024-04-25 16:15:26.628] [jointLog] [info] done
[2024-04-25 16:15:26.750] [jointLog] [info] Index contained 192,825 targets
[2024-04-25 16:15:26.802] [jointLog] [info] Number of decoys : 0
[2024-04-25 16:15:29.606] [jointLog] [info] Automatically detected most likely library type as IU

[2024-04-25 17:09:05.164] [jointLog] [info] Computed 336,749 rich equivalence classes for further processing
[2024-04-25 17:09:05.166] [jointLog] [info] Counted 34,186,716 total reads in the equivalence classes 
[2024-04-25 17:09:05.174] [fileLog] [info] 
At end of round 0
==================
Observed 36282028 total fragments (36282028 in most recent round)

[2024-04-25 17:09:05.407] [jointLog] [info] Number of mappings discarded because of alignment score : 11,924,926
[2024-04-25 17:09:05.407] [jointLog] [info] Number of fragments entirely discarded because of alignment score : 440,778
[2024-04-25 17:09:05.407] [jointLog] [info] Number of fragments discarded because they are best-mapped to decoys : 0
[2024-04-25 17:09:05.407] [jointLog] [info] Number of fragments discarded because they have only dovetail (discordant) mappings to valid targets : 45,583
[2024-04-25 17:09:05.407] [jointLog] [info] Mapping rate = 94.2249%

[2024-04-25 17:09:05.407] [jointLog] [info] finished quantifyLibrary()
[2024-04-25 17:09:05.425] [jointLog] [info] Starting optimizer
[2024-04-25 17:09:06.362] [jointLog] [info] Marked 0 weighted equivalence classes as degenerate
[2024-04-25 17:09:06.413] [jointLog] [info] iteration = 0 | max rel diff. = 5559.16
[2024-04-25 17:09:11.007] [jointLog] [info] iteration = 100 | max rel diff. = 18.7531
[2024-04-25 17:09:15.492] [jointLog] [info] iteration = 200 | max rel diff. = 12.6362
[2024-04-25 17:09:19.973] [jointLog] [info] iteration = 300 | max rel diff. = 10.7388
[2024-04-25 17:09:24.447] [jointLog] [info] iteration = 400 | max rel diff. = 6.18752
[2024-04-25 17:09:28.892] [jointLog] [info] iteration = 500 | max rel diff. = 0.295259
[2024-04-25 17:09:33.373] [jointLog] [info] iteration = 600 | max rel diff. = 0.762036
[2024-04-25 17:09:37.857] [jointLog] [info] iteration = 700 | max rel diff. = 4.46602
[2024-04-25 17:09:42.286] [jointLog] [info] iteration = 800 | max rel diff. = 0.8145
[2024-04-25 17:09:46.728] [jointLog] [info] iteration = 900 | max rel diff. = 0.158849
[2024-04-25 17:09:51.188] [jointLog] [info] iteration = 1,000 | max rel diff. = 0.780653
[2024-04-25 17:09:55.613] [jointLog] [info] iteration = 1,100 | max rel diff. = 4.57896
[2024-04-25 17:10:00.047] [jointLog] [info] iteration = 1,200 | max rel diff. = 5.67679
[2024-04-25 17:10:04.501] [jointLog] [info] iteration = 1,300 | max rel diff. = 0.224546
[2024-04-25 17:10:08.954] [jointLog] [info] iteration = 1,400 | max rel diff. = 0.139697
[2024-04-25 17:10:13.415] [jointLog] [info] iteration = 1,500 | max rel diff. = 0.0471534
[2024-04-25 17:10:17.835] [jointLog] [info] iteration = 1,600 | max rel diff. = 0.0170538
[2024-04-25 17:10:22.282] [jointLog] [info] iteration = 1,700 | max rel diff. = 0.0235638
[2024-04-25 17:10:26.740] [jointLog] [info] iteration = 1,800 | max rel diff. = 0.05818
[2024-04-25 17:10:31.166] [jointLog] [info] iteration = 1,900 | max rel diff. = 0.0904413
[2024-04-25 17:10:34.837] [jointLog] [info] iteration = 1,983 | max rel diff. = 0.0086913
[2024-04-25 17:10:34.848] [jointLog] [info] Finished optimizer
[2024-04-25 17:10:34.848] [jointLog] [info] writing output 

