[2024-05-02 16:54:27.184] [jointLog] [info] setting maxHashResizeThreads to 6
[2024-05-02 16:54:27.184] [jointLog] [info] Fragment incompatibility prior below threshold.  Incompatible fragments will be ignored.
[2024-05-02 16:54:27.184] [jointLog] [info] Usage of --validateMappings implies use of minScoreFraction. Since not explicitly specified, it is being set to 0.65
[2024-05-02 16:54:27.185] [jointLog] [info] Setting consensusSlack to selective-alignment default of 0.35.
[2024-05-02 16:54:27.185] [jointLog] [info] parsing read library format
[2024-05-02 16:54:27.186] [jointLog] [info] There is 1 library.
[2024-05-02 16:54:27.191] [jointLog] [info] Loading pufferfish index
[2024-05-02 16:54:27.194] [jointLog] [info] Loading dense pufferfish index.
[2024-05-02 16:54:30.328] [jointLog] [info] done
[2024-05-02 16:54:30.350] [jointLog] [info] Index contained 192,825 targets
[2024-05-02 16:54:31.718] [jointLog] [info] Number of decoys : 0
[2024-05-02 17:11:10.089] [fileLog] [info] 
At end of round 0
==================
Observed 34998799 total fragments (34998799 in most recent round)

[2024-05-02 17:11:10.088] [jointLog] [info] Computed 346,720 rich equivalence classes for further processing
[2024-05-02 17:11:10.088] [jointLog] [info] Counted 33,467,690 total reads in the equivalence classes 
[2024-05-02 17:11:10.093] [jointLog] [info] Number of mappings discarded because of alignment score : 12,408,644
[2024-05-02 17:11:10.093] [jointLog] [info] Number of fragments entirely discarded because of alignment score : 382,136
[2024-05-02 17:11:10.093] [jointLog] [info] Number of fragments discarded because they are best-mapped to decoys : 0
[2024-05-02 17:11:10.093] [jointLog] [info] Number of fragments discarded because they have only dovetail (discordant) mappings to valid targets : 37,128
[2024-05-02 17:11:10.093] [jointLog] [info] Mapping rate = 95.6253%

[2024-05-02 17:11:10.093] [jointLog] [info] finished quantifyLibrary()
[2024-05-02 17:11:10.105] [jointLog] [info] Starting optimizer
[2024-05-02 17:11:10.209] [jointLog] [info] Marked 0 weighted equivalence classes as degenerate
[2024-05-02 17:11:10.256] [jointLog] [info] iteration = 0 | max rel diff. = 5574.27
[2024-05-02 17:11:10.703] [jointLog] [info] iteration 11, adjusting effective lengths to account for biases
[2024-05-02 17:13:15.013] [jointLog] [info] Computed expected counts (for bias correction)
[2024-05-02 17:13:15.013] [jointLog] [info] processed bias for 0.1% of the transcripts
[2024-05-02 17:13:19.839] [jointLog] [info] processed bias for 10.0% of the transcripts
[2024-05-02 17:13:24.629] [jointLog] [info] processed bias for 20.0% of the transcripts
[2024-05-02 17:13:29.888] [jointLog] [info] processed bias for 30.0% of the transcripts
[2024-05-02 17:13:35.399] [jointLog] [info] processed bias for 40.0% of the transcripts
[2024-05-02 17:13:41.290] [jointLog] [info] processed bias for 50.0% of the transcripts
[2024-05-02 17:13:47.099] [jointLog] [info] processed bias for 60.0% of the transcripts
[2024-05-02 17:13:53.353] [jointLog] [info] processed bias for 70.0% of the transcripts
[2024-05-02 17:13:59.052] [jointLog] [info] processed bias for 80.0% of the transcripts
[2024-05-02 17:14:05.339] [jointLog] [info] processed bias for 90.0% of the transcripts
[2024-05-02 17:14:06.752] [jointLog] [info] processed bias for 100.0% of the transcripts
[2024-05-02 17:14:06.753] [jointLog] [info] processed bias for 100.0% of the transcripts
[2024-05-02 17:14:10.762] [jointLog] [info] iteration = 100 | max rel diff. = 16.3282
[2024-05-02 17:14:15.145] [jointLog] [info] iteration = 200 | max rel diff. = 13.821
[2024-05-02 17:14:19.527] [jointLog] [info] iteration = 300 | max rel diff. = 18.3666
[2024-05-02 17:14:23.906] [jointLog] [info] iteration = 400 | max rel diff. = 0.460243
[2024-05-02 17:14:28.298] [jointLog] [info] iteration = 500 | max rel diff. = 3.8103
[2024-05-02 17:14:32.701] [jointLog] [info] iteration = 600 | max rel diff. = 0.506478
[2024-05-02 17:14:37.099] [jointLog] [info] iteration = 700 | max rel diff. = 16.5445
[2024-05-02 17:14:41.466] [jointLog] [info] iteration = 800 | max rel diff. = 0.147855
[2024-05-02 17:14:45.864] [jointLog] [info] iteration = 900 | max rel diff. = 0.264738
[2024-05-02 17:14:50.252] [jointLog] [info] iteration = 1,000 | max rel diff. = 0.162081
[2024-05-02 17:14:54.663] [jointLog] [info] iteration = 1,100 | max rel diff. = 5.49267
[2024-05-02 17:14:59.056] [jointLog] [info] iteration = 1,200 | max rel diff. = 0.220705
[2024-05-02 17:15:03.465] [jointLog] [info] iteration = 1,300 | max rel diff. = 0.0458555
[2024-05-02 17:15:07.853] [jointLog] [info] iteration = 1,400 | max rel diff. = 0.0466854
[2024-05-02 17:15:12.217] [jointLog] [info] iteration = 1,500 | max rel diff. = 0.0419784
[2024-05-02 17:15:16.616] [jointLog] [info] iteration = 1,600 | max rel diff. = 0.0425128
[2024-05-02 17:15:20.942] [jointLog] [info] iteration = 1,700 | max rel diff. = 0.0316775
[2024-05-02 17:15:25.290] [jointLog] [info] iteration = 1,800 | max rel diff. = 0.0293765
[2024-05-02 17:15:29.659] [jointLog] [info] iteration = 1,900 | max rel diff. = 0.0946575
[2024-05-02 17:15:34.049] [jointLog] [info] iteration = 2,000 | max rel diff. = 0.0236994
[2024-05-02 17:15:38.452] [jointLog] [info] iteration = 2,100 | max rel diff. = 0.0783314
[2024-05-02 17:15:42.877] [jointLog] [info] iteration = 2,200 | max rel diff. = 0.198103
[2024-05-02 17:15:45.356] [jointLog] [info] iteration = 2,257 | max rel diff. = 0.0049111
[2024-05-02 17:15:45.361] [jointLog] [info] Finished optimizer
[2024-05-02 17:15:45.361] [jointLog] [info] writing output 

 

